16:47:22 INFO  : Registering command handlers for SDK TCF services
16:47:22 INFO  : Launching XSCT server: xsct.bat -interactive D:\Xilinx_Project\GPIO_LED\GPIO_LED.sdk\temp_xsdb_launch_script.tcl
16:47:26 INFO  : XSCT server has started successfully.
16:47:28 INFO  : Successfully done setting XSCT server connection channel  
16:47:28 INFO  : Processing command line option -hwspec D:/Xilinx_Project/GPIO_LED/GPIO_LED.sdk/design_led_wrapper.hdf.
16:47:28 INFO  : Successfully done setting SDK workspace  
16:49:02 INFO  : Connected to target on host '127.0.0.1' and port '3121'.
16:49:03 INFO  : 'targets -set -filter {jtag_cable_name =~ "Digilent JTAG-SMT1 210203A02F82A" && level==0} -index 1' command is executed.
16:49:06 INFO  : FPGA configured successfully with bitstream "D:/Xilinx_Project/GPIO_LED/GPIO_LED.sdk/design_led_wrapper_hw_platform_0/design_led_wrapper.bit"
16:55:17 INFO  : Connected to target on host '127.0.0.1' and port '3121'.
16:55:17 INFO  : 'targets -set -filter {jtag_cable_name =~ "Digilent JTAG-SMT1 210203A02F82A" && level==0} -index 1' command is executed.
16:55:20 INFO  : FPGA configured successfully with bitstream "D:/Xilinx_Project/GPIO_LED/GPIO_LED.sdk/design_led_wrapper_hw_platform_0/design_led_wrapper.bit"
16:55:38 INFO  : ps7_init is completed.
16:55:38 INFO  : ps7_post_config is completed.
16:55:38 INFO  : Processor reset is completed for ps7_cortexa9_0
16:55:48 INFO  : Connected to target on host '127.0.0.1' and port '3121'.
16:55:48 INFO  : 'targets -set -filter {jtag_cable_name =~ "Digilent JTAG-SMT1 210203A02F82A" && level==0} -index 1' command is executed.
16:55:50 INFO  : FPGA configured successfully with bitstream "D:/Xilinx_Project/GPIO_LED/GPIO_LED.sdk/design_led_wrapper_hw_platform_0/design_led_wrapper.bit"
16:56:26 INFO  : ps7_init is completed.
16:56:26 INFO  : ps7_post_config is completed.
16:56:26 INFO  : Processor reset is completed for ps7_cortexa9_0
16:56:40 INFO  : ps7_cortexa9_0 Processor is in use. Please stop existing Run or Debug sessions before launching.
16:56:43 INFO  : Processor reset is completed for ps7_cortexa9_0
16:56:52 ERROR : Checking FPGA configuration failed..Connection to Board Failed


    Unknown Error Occured
    Cable is not powered-on

16:56:52 ERROR : Unexpected error while launching program.
com.xilinx.sdk.targetmanager.TMException: Connection to Board Failed


    Unknown Error Occured
    Cable is not powered-on

	at com.xilinx.sdk.targetmanager.internal.TM.isFPGAConfigured(TM.java:374)
	at com.xilinx.sdk.debug.core.XilinxAppLaunchConfigurationDelegate.isFpgaConfigured(XilinxAppLaunchConfigurationDelegate.java:409)
	at com.xilinx.sdk.debug.core.XilinxAppLaunchConfigurationDelegate.launch(XilinxAppLaunchConfigurationDelegate.java:303)
	at com.xilinx.sdk.debug.ui.XilinxAppLaunchDelegateWrapper.launch(XilinxAppLaunchDelegateWrapper.java:31)
	at org.eclipse.debug.internal.core.LaunchConfiguration.launch(LaunchConfiguration.java:885)
	at org.eclipse.debug.internal.core.LaunchConfiguration.launch(LaunchConfiguration.java:739)
	at org.eclipse.debug.internal.ui.DebugUIPlugin.buildAndLaunch(DebugUIPlugin.java:1039)
	at org.eclipse.debug.internal.ui.DebugUIPlugin$8.run(DebugUIPlugin.java:1256)
	at org.eclipse.core.internal.jobs.Worker.run(Worker.java:55)
16:57:15 INFO  : Processor reset is completed for ps7_cortexa9_0
17:19:58 INFO  : Processor reset is completed for ps7_cortexa9_0
17:20:48 INFO  : ps7_init is completed.
17:20:48 INFO  : ps7_post_config is completed.
17:20:48 INFO  : Processor reset is completed for ps7_cortexa9_0
17:21:02 INFO  : ps7_cortexa9_0 Processor is in use. Please stop existing Run or Debug sessions before launching.
17:21:05 INFO  : Processor reset is completed for ps7_cortexa9_0
17:21:34 INFO  : ps7_cortexa9_0 Processor is in use. Please stop existing Run or Debug sessions before launching.
17:21:36 INFO  : Processor reset is completed for ps7_cortexa9_0
17:21:44 INFO  : Connected to target on host '127.0.0.1' and port '3121'.
17:21:44 INFO  : 'targets -set -filter {jtag_cable_name =~ "Digilent JTAG-SMT1 210203A02F82A" && level==0} -index 1' command is executed.
17:21:46 INFO  : FPGA configured successfully with bitstream "D:/Xilinx_Project/GPIO_LED/GPIO_LED.sdk/design_led_wrapper_hw_platform_0/design_led_wrapper.bit"
17:21:50 INFO  : ps7_cortexa9_0 Processor is in use. Please stop existing Run or Debug sessions before launching.
17:21:54 INFO  : Processor reset is completed for ps7_cortexa9_0
17:22:19 INFO  : ps7_cortexa9_0 Processor is in use. Please stop existing Run or Debug sessions before launching.
17:22:23 INFO  : Processor reset is completed for ps7_cortexa9_0
17:22:31 INFO  : ps7_cortexa9_0 Processor is in use. Please stop existing Run or Debug sessions before launching.
17:22:35 INFO  : Processor reset is completed for ps7_cortexa9_0
17:24:11 INFO  : ps7_cortexa9_0 Processor is in use. Please stop existing Run or Debug sessions before launching.
17:24:12 INFO  : Processor reset is completed for ps7_cortexa9_0
17:24:24 INFO  : ps7_cortexa9_0 Processor is in use. Please stop existing Run or Debug sessions before launching.
17:24:26 INFO  : Processor reset is completed for ps7_cortexa9_0
17:24:42 INFO  : Connected to target on host '127.0.0.1' and port '3121'.
17:24:43 INFO  : 'targets -set -filter {jtag_cable_name =~ "Digilent JTAG-SMT1 210203A02F82A" && level==0} -index 1' command is executed.
17:24:45 INFO  : FPGA configured successfully with bitstream "D:/Xilinx_Project/GPIO_LED/GPIO_LED.sdk/design_led_wrapper_hw_platform_0/design_led_wrapper.bit"
17:24:52 INFO  : ps7_init is completed.
17:24:52 INFO  : ps7_post_config is completed.
17:24:52 INFO  : Processor reset is completed for ps7_cortexa9_0
17:25:11 INFO  : ps7_cortexa9_0 Processor is in use. Please stop existing Run or Debug sessions before launching.
17:25:13 INFO  : Processor reset is completed for ps7_cortexa9_0
17:25:32 INFO  : ps7_cortexa9_0 Processor is in use. Please stop existing Run or Debug sessions before launching.
17:25:33 INFO  : Processor reset is completed for ps7_cortexa9_0
17:25:42 INFO  : ps7_cortexa9_0 Processor is in use. Please stop existing Run or Debug sessions before launching.
17:25:44 INFO  : Processor reset is completed for ps7_cortexa9_0
17:26:39 INFO  : ps7_cortexa9_0 Processor is in use. Please stop existing Run or Debug sessions before launching.
17:26:44 INFO  : Processor reset is completed for ps7_cortexa9_0
17:27:11 INFO  : Connected to target on host '127.0.0.1' and port '3121'.
17:27:11 INFO  : 'targets -set -filter {jtag_cable_name =~ "Digilent JTAG-SMT1 210203A02F82A" && level==0} -index 1' command is executed.
17:27:13 INFO  : FPGA configured successfully with bitstream "D:/Xilinx_Project/GPIO_LED/GPIO_LED.sdk/design_led_wrapper_hw_platform_0/design_led_wrapper.bit"
17:27:46 INFO  : ps7_cortexa9_0 Processor is in use. Please stop existing Run or Debug sessions before launching.
17:27:52 INFO  : Processor reset is completed for ps7_cortexa9_0
17:27:55 ERROR : Unexpected error while launching program.
java.lang.RuntimeException: Failed to download ELF file


    Could not stop the processor after reset


	at com.xilinx.sdk.targetmanager.internal.TM.downloadELF(TM.java:686)
	at com.xilinx.sdk.debug.core.internal.AppRunner.run(AppRunner.java:129)
	at com.xilinx.sdk.debug.core.XilinxAppLaunchConfigurationDelegate.runApplication(XilinxAppLaunchConfigurationDelegate.java:637)
	at com.xilinx.sdk.debug.core.XilinxAppLaunchConfigurationDelegate.launch(XilinxAppLaunchConfigurationDelegate.java:309)
	at com.xilinx.sdk.debug.ui.XilinxAppLaunchDelegateWrapper.launch(XilinxAppLaunchDelegateWrapper.java:31)
	at org.eclipse.debug.internal.core.LaunchConfiguration.launch(LaunchConfiguration.java:885)
	at org.eclipse.debug.internal.core.LaunchConfiguration.launch(LaunchConfiguration.java:739)
	at org.eclipse.debug.internal.ui.DebugUIPlugin.buildAndLaunch(DebugUIPlugin.java:1039)
	at org.eclipse.debug.internal.ui.DebugUIPlugin$8.run(DebugUIPlugin.java:1256)
	at org.eclipse.core.internal.jobs.Worker.run(Worker.java:55)
17:28:32 INFO  : Connected to target on host '127.0.0.1' and port '3121'.
17:28:32 INFO  : 'targets -set -filter {jtag_cable_name =~ "Digilent JTAG-SMT1 210203A02F82A" && level==0} -index 1' command is executed.
17:28:34 INFO  : FPGA configured successfully with bitstream "D:/Xilinx_Project/GPIO_LED/GPIO_LED.sdk/design_led_wrapper_hw_platform_0/design_led_wrapper.bit"
17:29:00 INFO  : Connected to target on host '127.0.0.1' and port '3121'.
17:29:00 INFO  : 'targets -set -filter {jtag_cable_name =~ "Digilent JTAG-SMT1 210203A02F82A" && level==0} -index 1' command is executed.
17:29:02 INFO  : FPGA configured successfully with bitstream "D:/Xilinx_Project/GPIO_LED/GPIO_LED.sdk/design_led_wrapper_hw_platform_0/design_led_wrapper.bit"
17:29:54 ERROR : Unexpected error while parsing XMD response ?: com.google.gson.JsonSyntaxException: com.google.gson.stream.MalformedJsonException: invalid number or unquoted string near 
