#-----------------------------------------------------------
# Webtalk v2016.3 (64-bit)
# SW Build 1682563 on Mon Oct 10 19:07:27 MDT 2016
# 
# Start of session at: Fri Oct 21 12:40:35 2016
# Process ID: 6868
# Current directory: D:/Xilinx_Project/LED_8bits/LED_8bits.sdk/webtalk
# Command line: wbtcv.exe -mode batch -source sdk_webtalk.tcl
# Log file: D:/Xilinx_Project/LED_8bits/LED_8bits.sdk/webtalk/webtalk.log
# Journal file: D:/Xilinx_Project/LED_8bits/LED_8bits.sdk/webtalk\webtalk.jou
#-----------------------------------------------------------
source sdk_webtalk.tcl
# webtalk_init -webtalk_dir D:\\Xilinx_Project\\LED_8bits\\LED_8bits.sdk\\webtalk
# webtalk_register_client -client project
# webtalk_add_data -client project -key date_generated -value "2016-10-21 12:40:34" -context "software_version_and_target_device"
# webtalk_add_data -client project -key product_version -value "SDK v2016.3" -context "software_version_and_target_device"
# webtalk_add_data -client project -key build_version -value "2016.3" -context "software_version_and_target_device"
# webtalk_add_data -client project -key os_platform -value "amd64" -context "software_version_and_target_device"
# webtalk_add_data -client project -key registration_id -value "211255574_0_0_367" -context "software_version_and_target_device"
# webtalk_add_data -client project -key tool_flow -value "SDK" -context "software_version_and_target_device"
# webtalk_add_data -client project -key beta -value "false" -context "software_version_and_target_device"
# webtalk_add_data -client project -key route_design -value "NA" -context "software_version_and_target_device"
# webtalk_add_data -client project -key target_family -value "NA" -context "software_version_and_target_device"
# webtalk_add_data -client project -key target_device -value "NA" -context "software_version_and_target_device"
# webtalk_add_data -client project -key target_package -value "NA" -context "software_version_and_target_device"
# webtalk_add_data -client project -key target_speed -value "NA" -context "software_version_and_target_device"
# webtalk_add_data -client project -key random_id -value "q5l2rmp8bpev8edd7nmqq14k46" -context "software_version_and_target_device"
# webtalk_add_data -client project -key project_id -value "2016.3_4" -context "software_version_and_target_device"
# webtalk_add_data -client project -key project_iteration -value "4" -context "software_version_and_target_device"
# webtalk_add_data -client project -key os_name -value "Microsoft Windows 7 , 64-bit" -context "user_environment"
# webtalk_add_data -client project -key os_release -value "Service Pack 1  (build 7601)" -context "user_environment"
# webtalk_add_data -client project -key cpu_name -value "Intel(R) Core(TM) i7-2600 CPU @ 3.40GHz" -context "user_environment"
# webtalk_add_data -client project -key cpu_speed -value "3400 MHz" -context "user_environment"
# webtalk_add_data -client project -key total_processors -value "1" -context "user_environment"
# webtalk_add_data -client project -key system_ram -value "8.000 GB" -context "user_environment"
# webtalk_register_client -client sdk
# webtalk_add_data -client sdk -key uid -value "1476960830682" -context "sdk\\\\hardware/1476960830682"
# webtalk_add_data -client sdk -key isZynq -value "true" -context "sdk\\\\hardware/1476960830682"
# webtalk_add_data -client sdk -key isZynqMP -value "false" -context "sdk\\\\hardware/1476960830682"
# webtalk_add_data -client sdk -key Processors -value "2" -context "sdk\\\\hardware/1476960830682"
# webtalk_add_data -client sdk -key VivadoVersion -value "2016.3" -context "sdk\\\\hardware/1476960830682"
# webtalk_add_data -client sdk -key Arch -value "zynq" -context "sdk\\\\hardware/1476960830682"
# webtalk_add_data -client sdk -key Device -value "7z020" -context "sdk\\\\hardware/1476960830682"
# webtalk_add_data -client sdk -key IsHandoff -value "true" -context "sdk\\\\hardware/1476960830682"
# webtalk_add_data -client sdk -key os -value "NA" -context "sdk\\\\hardware/1476960830682"
# webtalk_add_data -client sdk -key apptemplate -value "NA" -context "sdk\\\\hardware/1476960830682"
# webtalk_add_data -client sdk -key RecordType -value "HWCreation" -context "sdk\\\\hardware/1476960830682"
# webtalk_add_data -client sdk -key uid -value "1476960894341" -context "sdk\\\\bsp/1476960894341"
# webtalk_add_data -client sdk -key hwid -value "1476960830682" -context "sdk\\\\bsp/1476960894341"
# webtalk_add_data -client sdk -key os -value "standalone" -context "sdk\\\\bsp/1476960894341"
# webtalk_add_data -client sdk -key apptemplate -value "hello_world" -context "sdk\\\\bsp/1476960894341"
# webtalk_add_data -client sdk -key RecordType -value "BSPCreation" -context "sdk\\\\bsp/1476960894341"
# webtalk_add_data -client sdk -key uid -value "1476960897800" -context "sdk\\\\application/1476960897800"
# webtalk_add_data -client sdk -key hwid -value "1476960830682" -context "sdk\\\\application/1476960897800"
# webtalk_add_data -client sdk -key bspid -value "1476960894341" -context "sdk\\\\application/1476960897800"
# webtalk_add_data -client sdk -key newbsp -value "true" -context "sdk\\\\application/1476960897800"
# webtalk_add_data -client sdk -key os -value "standalone" -context "sdk\\\\application/1476960897800"
# webtalk_add_data -client sdk -key apptemplate -value "hello_world" -context "sdk\\\\application/1476960897800"
# webtalk_add_data -client sdk -key RecordType -value "APPCreation" -context "sdk\\\\application/1476960897800"
# webtalk_add_data -client sdk -key LangUsed -value "C" -context "sdk\\\\application/1476960897800"
# webtalk_add_data -client sdk -key Procused -value "ps7_cortexa9" -context "sdk\\\\application/1476960897800"
# webtalk_add_data -client sdk -key projSize -value "524.875" -context "sdk\\\\application/1476960897800"
# webtalk_add_data -client sdk -key uid -value "NA" -context "sdk\\\\bsp/1477024834166"
# webtalk_add_data -client sdk -key RecordType -value "ToolUsage" -context "sdk\\\\bsp/1477024834166"
# webtalk_add_data -client sdk -key BootgenCount -value "0" -context "sdk\\\\bsp/1477024834166"
# webtalk_add_data -client sdk -key DebugCount -value "0" -context "sdk\\\\bsp/1477024834166"
# webtalk_add_data -client sdk -key PerfCount -value "0" -context "sdk\\\\bsp/1477024834166"
# webtalk_add_data -client sdk -key FlashCount -value "0" -context "sdk\\\\bsp/1477024834166"
# webtalk_add_data -client sdk -key CrossTriggCount -value "0" -context "sdk\\\\bsp/1477024834166"
# webtalk_add_data -client sdk -key QemuDebugCount -value "0" -context "sdk\\\\bsp/1477024834166"
# webtalk_transmit -clientid 4177159431 -regid "211255574_0_0_367" -xml D:\\Xilinx_Project\\LED_8bits\\LED_8bits.sdk\\webtalk\\usage_statistics_ext_sdk.xml -html D:\\Xilinx_Project\\LED_8bits\\LED_8bits.sdk\\webtalk\\usage_statistics_ext_sdk.html -wdm D:\\Xilinx_Project\\LED_8bits\\LED_8bits.sdk\\webtalk\\sdk_webtalk.wdm -intro "<H3>SDK Usage Report</H3><BR>"
INFO: [Common 17-186] 'D:\Xilinx_Project\LED_8bits\LED_8bits.sdk\webtalk\usage_statistics_ext_sdk.xml' has been successfully sent to Xilinx on Fri Oct 21 12:40:41 2016. For additional details about this file, please refer to the WebTalk help file at E:/Xilinx/SDK/2016.3/doc/webtalk_introduction.html.
# webtalk_terminate
INFO: [Common 17-206] Exiting Webtalk at Fri Oct 21 12:40:41 2016...
