#
# A fatal error has been detected by the Java Runtime Environment:
#
#  EXCEPTION_UNCAUGHT_CXX_EXCEPTION (0xe06d7363) at pc=0x000007fefcb1a06d, pid=1784, tid=7412
#
# JRE version: Java(TM) SE Runtime Environment (8.0_45-b15) (build 1.8.0_45-b15)
# Java VM: Java HotSpot(TM) 64-Bit Server VM (25.45-b02 mixed mode windows-amd64 compressed oops)
# Problematic frame:
# C  [KERNELBASE.dll+0x1a06d]
#
# Failed to write core dump. Minidumps are not enabled by default on client versions of Windows
#
# If you would like to submit a bug report, please visit:
#   http://bugreport.java.com/bugreport/crash.jsp
#

---------------  T H R E A D  ---------------

Current thread (0x0000000014fa2800):  VMThread [stack: 0x0000000015ef0000,0x0000000015ff0000] [id=7412]

siginfo: ExceptionCode=0xe06d7363, ExceptionInformation=0x0000000019930520 0x0000000015fef6c8 0x000007fee79b2cb8 0x000007fee7900000 

Registers:
RAX=0x0000000061ef54cc, RBX=0x000007fee79b2cb8, RCX=0x0000000015feef10, RDX=0x00000000000000d0
RSP=0x0000000015fef520, RBP=0x0000000015fef650, RSI=0x00000000ffffffff, RDI=0x00000000174660c0
R8 =0x0000000000000000, R9 =0x0000000000000000, R10=0x000007fee7900000, R11=0x0000000015fef560
R12=0x0000000000000001, R13=0x0000000000000008, R14=0x0000000000000000, R15=0xffffffffffffffff
RIP=0x000007fefcb1a06d, EFLAGS=0x0000000000000206

Top of Stack: (sp=0x0000000015fef520)
0x0000000015fef520:   000007fee79b2cb8 00000000ffffffff
0x0000000015fef530:   00000000174660c0 00000000006b8e20
0x0000000015fef540:   00000001e06d7363 0000000000000000
0x0000000015fef550:   000007fefcb1a06d 000007fe00000004
0x0000000015fef560:   0000000019930520 0000000015fef6c8
0x0000000015fef570:   000007fee79b2cb8 000007fee7900000
0x0000000015fef580:   0000000000000000 0000000015fef608
0x0000000015fef590:   0000000000000028 00000000174660b0
0x0000000015fef5a0:   000000001748da00 0000000000000000
0x0000000015fef5b0:   000007fffff98000 0000000076d7f2d3
0x0000000015fef5c0:   0000000000000000 0000000000000008
0x0000000015fef5d0:   0000000000000001 00000000174660c0
0x0000000015fef5e0:   00000000ffffffff 000007fee795e92c
0x0000000015fef5f0:   000007fee79b2cb8 0000000015fef660
0x0000000015fef600:   0000000000000001 000007fee79000f8
0x0000000015fef610:   00000001e06d7363 0000000000000000 

Instructions: (pc=0x000007fefcb1a06d)
0x000007fefcb1a04d:   54 24 24 48 89 4c 24 28 4d 85 c9 0f 85 6a 03 00
0x000007fefcb1a05d:   00 89 4c 24 38 48 8d 4c 24 20 ff 15 33 02 03 00
0x000007fefcb1a06d:   48 81 c4 c8 00 00 00 c3 90 90 90 90 90 90 90 90
0x000007fefcb1a07d:   90 90 90 48 83 ec 28 65 48 8b 04 25 30 00 00 00 


Register to memory mapping:

RAX=0x0000000061ef54cc is an unknown value
RBX=0x000007fee79b2cb8 is an unknown value
RCX=0x0000000015feef10 is an unknown value
RDX=0x00000000000000d0 is an unknown value
RSP=0x0000000015fef520 is an unknown value
RBP=0x0000000015fef650 is an unknown value
RSI=0x00000000ffffffff is an unallocated location in the heap
RDI=0x00000000174660c0 is an unknown value
R8 =0x0000000000000000 is an unknown value
R9 =0x0000000000000000 is an unknown value
R10=0x000007fee7900000 is an unknown value
R11=0x0000000015fef560 is an unknown value
R12=0x0000000000000001 is an unknown value
R13=0x0000000000000008 is an unknown value
R14=0x0000000000000000 is an unknown value
R15=0xffffffffffffffff is an unknown value


Stack: [0x0000000015ef0000,0x0000000015ff0000],  sp=0x0000000015fef520,  free space=1021k
Native frames: (J=compiled Java code, j=interpreted, Vv=VM code, C=native code)
C  [KERNELBASE.dll+0x1a06d]
C  [MSVCR110.dll+0x5e92c]
C  [MSVCR110.dll+0x1315c]
C  [MSVCR110.dll+0x136a9]
C  [MSVCR110.dll+0x13e9c]
C  [MSVCR110.dll+0x239e]
C  [MSVCR110.dll+0xaf9e]
C  [MSVCP110.dll+0x397b9]
C  [librdi_common.dll+0x14283e]
C  [librdi_common.dll+0x141449]
C  0x000007fee7fe2400
C  0x000007fee7fe2682
C  [ntdll.dll+0x229b1]
C  [ntdll.dll+0x227c0]
C  [MSVCR100.dll+0x20ccd]
V  [jvm.dll+0x20f135]
V  [jvm.dll+0x247ef7]
V  [jvm.dll+0x247196]
V  [jvm.dll+0x247631]
V  [jvm.dll+0x24784e]
V  [jvm.dll+0x29853a]
C  [MSVCR100.dll+0x21d9f]
C  [MSVCR100.dll+0x21e3b]
C  [kernel32.dll+0x159bd]
C  [ntdll.dll+0x2a2e1]

VM_Operation (0x000000000012f500): Exit, mode: safepoint, requested by thread 0x00000000024e8000


---------------  P R O C E S S  ---------------

Java Threads: ( => current thread )
  0x000000001c957800 JavaThread "pool-2-thread-2" [_thread_blocked, id=5352, stack(0x0000000021480000,0x0000000021580000)]
  0x000000001c963000 JavaThread "pool-2-thread-1" [_thread_blocked, id=7624, stack(0x00000000274c0000,0x00000000275c0000)]
  0x000000001c962000 JavaThread "Thread-20" daemon [_thread_blocked, id=1148, stack(0x00000000273a0000,0x00000000274a0000)]
  0x0000000015020800 JavaThread "TCF Locator DNS Lookup" daemon [_thread_blocked, id=7816, stack(0x000000001e820000,0x000000001e920000)]
  0x0000000015023000 JavaThread "TCF Locator Timer" daemon [_thread_blocked, id=7124, stack(0x000000001e720000,0x000000001e820000)]
  0x000000001501d000 JavaThread "TCF Locator Receiver" daemon [_thread_in_native, id=5388, stack(0x000000001e620000,0x000000001e720000)]
  0x000000001501a800 JavaThread "TCF Timer Dispatcher" daemon [_thread_blocked, id=1860, stack(0x000000001e420000,0x000000001e520000)]
  0x0000000018351800 JavaThread "EMF Reference Cleaner" daemon [_thread_blocked, id=1868, stack(0x000000001ab70000,0x000000001ac70000)]
  0x00000000150be000 JavaThread "Service Thread" daemon [_thread_blocked, id=5696, stack(0x00000000167f0000,0x00000000168f0000)]
  0x000000001501a000 JavaThread "C1 CompilerThread3" daemon [_thread_blocked, id=3304, stack(0x00000000166f0000,0x00000000167f0000)]
  0x0000000015019000 JavaThread "C2 CompilerThread2" daemon [_thread_blocked, id=6844, stack(0x00000000165f0000,0x00000000166f0000)]
  0x0000000015018000 JavaThread "C2 CompilerThread1" daemon [_thread_blocked, id=3612, stack(0x00000000164f0000,0x00000000165f0000)]
  0x0000000013e3a000 JavaThread "C2 CompilerThread0" daemon [_thread_blocked, id=7760, stack(0x00000000163f0000,0x00000000164f0000)]
  0x0000000015009800 JavaThread "Attach Listener" daemon [_thread_blocked, id=5116, stack(0x00000000162f0000,0x00000000163f0000)]
  0x0000000014ff0000 JavaThread "Signal Dispatcher" daemon [_thread_blocked, id=5048, stack(0x00000000161f0000,0x00000000162f0000)]
  0x0000000013e2d000 JavaThread "Finalizer" daemon [_thread_blocked, id=7440, stack(0x00000000160f0000,0x00000000161f0000)]
  0x0000000013e24800 JavaThread "Reference Handler" daemon [_thread_blocked, id=6692, stack(0x0000000015ff0000,0x00000000160f0000)]
  0x00000000024e8000 JavaThread "main" [_thread_blocked, id=3784, stack(0x0000000000030000,0x0000000000130000)]

Other Threads:
=>0x0000000014fa2800 VMThread [stack: 0x0000000015ef0000,0x0000000015ff0000] [id=7412]

VM state:at safepoint (shutting down)

VM Mutex/Monitor currently owned by a thread:  ([mutex/lock_event])
[0x000000000266e790] Threads_lock - owner thread: 0x0000000014fa2800

Heap:
 PSYoungGen      total 144896K, used 11352K [0x00000000f5580000, 0x00000000ffe80000, 0x0000000100000000)
  eden space 117760K, 6% used [0x00000000f5580000,0x00000000f5c91c48,0x00000000fc880000)
  from space 27136K, 15% used [0x00000000fe400000,0x00000000fe804638,0x00000000ffe80000)
  to   space 27648K, 0% used [0x00000000fc880000,0x00000000fc880000,0x00000000fe380000)
 ParOldGen       total 96256K, used 57591K [0x00000000e0000000, 0x00000000e5e00000, 0x00000000f5580000)
  object space 96256K, 59% used [0x00000000e0000000,0x00000000e383dd10,0x00000000e5e00000)
 Metaspace       used 80461K, capacity 87130K, committed 87296K, reserved 1124352K
  class space    used 9915K, capacity 12031K, committed 12032K, reserved 1048576K

Card table byte_map: [0x0000000011a30000,0x0000000011b40000] byte_map_base: 0x0000000011330000

Marking Bits: (ParMarkBitMap*) 0x000000006ed74040
 Begin Bits: [0x0000000012340000, 0x0000000012b40000)
 End Bits:   [0x0000000012b40000, 0x0000000013340000)

Polling page: 0x00000000003c0000

CodeCache: size=245760Kb used=32913Kb max_used=32920Kb free=212846Kb
 bounds [0x0000000002670000, 0x00000000046e0000, 0x0000000011670000]
 total_blobs=9682 nmethods=8836 adapters=754
 compilation: enabled

Compilation events (10 events):
Event: 2586.504 Thread 0x000000001501a000 10973       3       java.io.File::list (33 bytes)
Event: 2586.504 Thread 0x000000001501a000 nmethod 10973 0x00000000046c3d90 code [0x00000000046c3f60, 0x00000000046c46a8]
Event: 2586.550 Thread 0x000000001501a000 10974   !   3       org.eclipse.osgi.internal.baseadaptor.BaseStorage::compact (215 bytes)
Event: 2586.553 Thread 0x000000001501a000 nmethod 10974 0x000000000421f310 code [0x000000000421f760, 0x0000000004221c28]
Event: 2586.736 Thread 0x0000000015019000 10975       4       java.io.File::exists (43 bytes)
Event: 2586.738 Thread 0x0000000015019000 nmethod 10975 0x0000000003536590 code [0x00000000035366e0, 0x00000000035368e8]
Event: 2586.754 Thread 0x0000000013e3a000 10976       4       java.io.File::isDirectory (43 bytes)
Event: 2586.757 Thread 0x0000000013e3a000 nmethod 10976 0x000000000308c8d0 code [0x000000000308ca20, 0x000000000308cc28]
Event: 2586.788 Thread 0x000000001501a000 10977       3       org.eclipse.osgi.framework.internal.core.AbstractBundle::close (52 bytes)
Event: 2586.789 Thread 0x000000001501a000 nmethod 10977 0x00000000046c28d0 code [0x00000000046c2b00, 0x00000000046c3808]

GC Heap History (10 events):
Event: 123.071 GC heap before
{Heap before GC invocations=18 (full 5):
 PSYoungGen      total 139264K, used 3688K [0x00000000f5580000, 0x00000000ffd00000, 0x0000000100000000)
  eden space 110080K, 0% used [0x00000000f5580000,0x00000000f5580000,0x00000000fc100000)
  from space 29184K, 12% used [0x00000000fc100000,0x00000000fc49a278,0x00000000fdd80000)
  to   space 29184K, 0% used [0x00000000fe080000,0x00000000fe080000,0x00000000ffd00000)
 ParOldGen       total 96256K, used 53517K [0x00000000e0000000, 0x00000000e5e00000, 0x00000000f5580000)
  object space 96256K, 55% used [0x00000000e0000000,0x00000000e34436a0,0x00000000e5e00000)
 Metaspace       used 75136K, capacity 81754K, committed 82048K, reserved 1120256K
  class space    used 9362K, capacity 11295K, committed 11392K, reserved 1048576K
Event: 123.407 GC heap after
Heap after GC invocations=18 (full 5):
 PSYoungGen      total 139264K, used 0K [0x00000000f5580000, 0x00000000ffd00000, 0x0000000100000000)
  eden space 110080K, 0% used [0x00000000f5580000,0x00000000f5580000,0x00000000fc100000)
  from space 29184K, 0% used [0x00000000fc100000,0x00000000fc100000,0x00000000fdd80000)
  to   space 29184K, 0% used [0x00000000fe080000,0x00000000fe080000,0x00000000ffd00000)
 ParOldGen       total 96256K, used 54813K [0x00000000e0000000, 0x00000000e5e00000, 0x00000000f5580000)
  object space 96256K, 56% used [0x00000000e0000000,0x00000000e35874e8,0x00000000e5e00000)
 Metaspace       used 75136K, capacity 81754K, committed 82048K, reserved 1120256K
  class space    used 9362K, capacity 11295K, committed 11392K, reserved 1048576K
}
Event: 304.724 GC heap before
{Heap before GC invocations=19 (full 5):
 PSYoungGen      total 139264K, used 85041K [0x00000000f5580000, 0x00000000ffd00000, 0x0000000100000000)
  eden space 110080K, 77% used [0x00000000f5580000,0x00000000fa88c6a8,0x00000000fc100000)
  from space 29184K, 0% used [0x00000000fc100000,0x00000000fc100000,0x00000000fdd80000)
  to   space 29184K, 0% used [0x00000000fe080000,0x00000000fe080000,0x00000000ffd00000)
 ParOldGen       total 96256K, used 54813K [0x00000000e0000000, 0x00000000e5e00000, 0x00000000f5580000)
  object space 96256K, 56% used [0x00000000e0000000,0x00000000e35874e8,0x00000000e5e00000)
 Metaspace       used 78721K, capacity 85460K, committed 85632K, reserved 1122304K
  class space    used 9780K, capacity 11866K, committed 11904K, reserved 1048576K
Event: 304.732 GC heap after
Heap after GC invocations=19 (full 5):
 PSYoungGen      total 141312K, used 5733K [0x00000000f5580000, 0x00000000ffc00000, 0x0000000100000000)
  eden space 113152K, 0% used [0x00000000f5580000,0x00000000f5580000,0x00000000fc400000)
  from space 28160K, 20% used [0x00000000fe080000,0x00000000fe619770,0x00000000ffc00000)
  to   space 28672K, 0% used [0x00000000fc400000,0x00000000fc400000,0x00000000fe000000)
 ParOldGen       total 96256K, used 54821K [0x00000000e0000000, 0x00000000e5e00000, 0x00000000f5580000)
  object space 96256K, 56% used [0x00000000e0000000,0x00000000e35894e8,0x00000000e5e00000)
 Metaspace       used 78721K, capacity 85460K, committed 85632K, reserved 1122304K
  class space    used 9780K, capacity 11866K, committed 11904K, reserved 1048576K
}
Event: 304.732 GC heap before
{Heap before GC invocations=20 (full 6):
 PSYoungGen      total 141312K, used 5733K [0x00000000f5580000, 0x00000000ffc00000, 0x0000000100000000)
  eden space 113152K, 0% used [0x00000000f5580000,0x00000000f5580000,0x00000000fc400000)
  from space 28160K, 20% used [0x00000000fe080000,0x00000000fe619770,0x00000000ffc00000)
  to   space 28672K, 0% used [0x00000000fc400000,0x00000000fc400000,0x00000000fe000000)
 ParOldGen       total 96256K, used 54821K [0x00000000e0000000, 0x00000000e5e00000, 0x00000000f5580000)
  object space 96256K, 56% used [0x00000000e0000000,0x00000000e35894e8,0x00000000e5e00000)
 Metaspace       used 78721K, capacity 85460K, committed 85632K, reserved 1122304K
  class space    used 9780K, capacity 11866K, committed 11904K, reserved 1048576K
Event: 305.160 GC heap after
Heap after GC invocations=20 (full 6):
 PSYoungGen      total 141312K, used 0K [0x00000000f5580000, 0x00000000ffc00000, 0x0000000100000000)
  eden space 113152K, 0% used [0x00000000f5580000,0x00000000f5580000,0x00000000fc400000)
  from space 28160K, 0% used [0x00000000fe080000,0x00000000fe080000,0x00000000ffc00000)
  to   space 28672K, 0% used [0x00000000fc400000,0x00000000fc400000,0x00000000fe000000)
 ParOldGen       total 96256K, used 57583K [0x00000000e0000000, 0x00000000e5e00000, 0x00000000f5580000)
  object space 96256K, 59% used [0x00000000e0000000,0x00000000e383bd10,0x00000000e5e00000)
 Metaspace       used 78721K, capacity 85460K, committed 85632K, reserved 1122304K
  class space    used 9780K, capacity 11866K, committed 11904K, reserved 1048576K
}
Event: 941.551 GC heap before
{Heap before GC invocations=21 (full 6):
 PSYoungGen      total 141312K, used 113152K [0x00000000f5580000, 0x00000000ffc00000, 0x0000000100000000)
  eden space 113152K, 100% used [0x00000000f5580000,0x00000000fc400000,0x00000000fc400000)
  from space 28160K, 0% used [0x00000000fe080000,0x00000000fe080000,0x00000000ffc00000)
  to   space 28672K, 0% used [0x00000000fc400000,0x00000000fc400000,0x00000000fe000000)
 ParOldGen       total 96256K, used 57583K [0x00000000e0000000, 0x00000000e5e00000, 0x00000000f5580000)
  object space 96256K, 59% used [0x00000000e0000000,0x00000000e383bd10,0x00000000e5e00000)
 Metaspace       used 79526K, capacity 86352K, committed 86656K, reserved 1124352K
  class space    used 9822K, capacity 11902K, committed 11904K, reserved 1048576K
Event: 941.560 GC heap after
Heap after GC invocations=21 (full 6):
 PSYoungGen      total 141824K, used 3175K [0x00000000f5580000, 0x00000000fff80000, 0x0000000100000000)
  eden space 113152K, 0% used [0x00000000f5580000,0x00000000f5580000,0x00000000fc400000)
  from space 28672K, 11% used [0x00000000fc400000,0x00000000fc719c00,0x00000000fe000000)
  to   space 28160K, 0% used [0x00000000fe400000,0x00000000fe400000,0x00000000fff80000)
 ParOldGen       total 96256K, used 57583K [0x00000000e0000000, 0x00000000e5e00000, 0x00000000f5580000)
  object space 96256K, 59% used [0x00000000e0000000,0x00000000e383bd10,0x00000000e5e00000)
 Metaspace       used 79526K, capacity 86352K, committed 86656K, reserved 1124352K
  class space    used 9822K, capacity 11902K, committed 11904K, reserved 1048576K
}
Event: 2585.570 GC heap before
{Heap before GC invocations=22 (full 6):
 PSYoungGen      total 141824K, used 116327K [0x00000000f5580000, 0x00000000fff80000, 0x0000000100000000)
  eden space 113152K, 100% used [0x00000000f5580000,0x00000000fc400000,0x00000000fc400000)
  from space 28672K, 11% used [0x00000000fc400000,0x00000000fc719c00,0x00000000fe000000)
  to   space 28160K, 0% used [0x00000000fe400000,0x00000000fe400000,0x00000000fff80000)
 ParOldGen       total 96256K, used 57583K [0x00000000e0000000, 0x00000000e5e00000, 0x00000000f5580000)
  object space 96256K, 59% used [0x00000000e0000000,0x00000000e383bd10,0x00000000e5e00000)
 Metaspace       used 80139K, capacity 86836K, committed 87040K, reserved 1124352K
  class space    used 9881K, capacity 11998K, committed 12032K, reserved 1048576K
Event: 2585.577 GC heap after
Heap after GC invocations=22 (full 6):
 PSYoungGen      total 144896K, used 4113K [0x00000000f5580000, 0x00000000ffe80000, 0x0000000100000000)
  eden space 117760K, 0% used [0x00000000f5580000,0x00000000f5580000,0x00000000fc880000)
  from space 27136K, 15% used [0x00000000fe400000,0x00000000fe804638,0x00000000ffe80000)
  to   space 27648K, 0% used [0x00000000fc880000,0x00000000fc880000,0x00000000fe380000)
 ParOldGen       total 96256K, used 57591K [0x00000000e0000000, 0x00000000e5e00000, 0x00000000f5580000)
  object space 96256K, 59% used [0x00000000e0000000,0x00000000e383dd10,0x00000000e5e00000)
 Metaspace       used 80139K, capacity 86836K, committed 87040K, reserved 1124352K
  class space    used 9881K, capacity 11998K, committed 12032K, reserved 1048576K
}

Deoptimization events (10 events):
Event: 2585.461 Thread 0x00000000024e8000 Uncommon trap: reason=unstable_if action=reinterpret pc=0x0000000004580280 method=org.eclipse.emf.ecore.impl.MinimalEObjectImpl.setField(ILjava/lang/Object;)V @ 9
Event: 2585.492 Thread 0x00000000024e8000 Uncommon trap: reason=unstable_if action=reinterpret pc=0x00000000035aa754 method=org.eclipse.equinox.internal.event.EventHandlerTracker.getHandlers(Ljava/lang/String;)Ljava/util/Set; @ 28
Event: 2585.806 Thread 0x000000001c961800 Uncommon trap: reason=unstable_if action=reinterpret pc=0x0000000002d09270 method=java.lang.Character.isSurrogate(C)Z @ 3
Event: 2585.813 Thread 0x00000000024e8000 Uncommon trap: reason=unstable_if action=reinterpret pc=0x0000000002ddc608 method=org.eclipse.swt.graphics.Resource.dispose()V @ 15
Event: 2586.330 Thread 0x000000001bbe3800 Uncommon trap: reason=unstable_if action=reinterpret pc=0x0000000004227a74 method=org.eclipse.core.internal.jobs.JobManager.startJob(Lorg/eclipse/core/internal/jobs/Worker;)Lorg/eclipse/core/runtime/jobs/Job; @ 20
Event: 2586.331 Thread 0x00000000024e8000 Uncommon trap: reason=unstable_if action=reinterpret pc=0x0000000002ee61e0 method=org.eclipse.core.internal.registry.ReferenceMap.purge()V @ 39
Event: 2586.346 Thread 0x00000000024e8000 Uncommon trap: reason=null_check action=make_not_entrant pc=0x00000000030f2eac method=org.eclipse.core.runtime.internal.adaptor.EclipseLazyStarter.shouldActivateFor(Ljava/lang/String;Lorg/eclipse/osgi/baseadaptor/BaseData;Lorg/eclipse/core/runtime/internal''hÚµ4¤@
Event: 2586.355 Thread 0x00000000024e8000 Uncommon trap: reason=null_check action=maybe_recompile pc=0x0000000002db287c method=com.xilinx.sdk.targetmanager.internal.json.XMDJSONProcess.issueCommand(Ljava/lang/String;)Lcom/xilinx/sdk/targetmanager/internal/IXMDResult; @ 3
Event: 2586.383 Thread 0x0000000015026800 Uncommon trap: reason=unstable_if action=reinterpret pc=0x00000000046b4374 method=org.eclipse.core.internal.jobs.JobManager.nextJob()Lorg/eclipse/core/runtime/jobs/Job; @ 80
Event: 2586.788 Thread 0x00000000024e8000 Uncommon trap: reason=unstable_if action=reinterpret pc=0x0000000002b6cd80 method=sun.reflect.UnsafeStaticObjectFieldAccessorImpl.set(Ljava/lang/Object;Ljava/lang/Object;)V @ 13

Internal exceptions (10 events):
Event: 2585.109 Thread 0x00000000024e8000 Implicit null exception at 0x000000000400a409 to 0x000000000400b745
Event: 2585.252 Thread 0x00000000024e8000 Implicit null exception at 0x00000000043c8285 to 0x00000000043c8555
Event: 2585.804 Thread 0x000000001c960000 Exception <a 'java/lang/InterruptedException'> (0x00000000f570fc88) thrown at [C:\re\workspace\8-2-build-windows-amd64-cygwin\jdk8u45\3627\hotspot\src\share\vm\runtime\objectMonitor.cpp, line 1683]
Event: 2586.346 Thread 0x00000000024e8000 Implicit null exception at 0x00000000030f0a1f to 0x00000000030f2e89
Event: 2586.355 Thread 0x00000000024e8000 Exception <a 'java/lang/NullPointerException'> (0x00000000f5840188) thrown at [C:\re\workspace\8-2-build-windows-amd64-cygwin\jdk8u45\3627\hotspot\src\share\vm\prims\jvm.cpp, line 1386]
Event: 2586.394 Thread 0x0000000016dcf800 Exception <a 'java/lang/InterruptedException': sleep interrupted> (0x00000000f59c29a8) thrown at [C:\re\workspace\8-2-build-windows-amd64-cygwin\jdk8u45\3627\hotspot\src\share\vm\prims\jvm.cpp, line 3211]
Event: 2586.396 Thread 0x0000000016feb000 Exception <a 'java/lang/InterruptedException'> (0x00000000f5a22458) thrown at [C:\re\workspace\8-2-build-windows-amd64-cygwin\jdk8u45\3627\hotspot\src\share\vm\runtime\objectMonitor.cpp, line 1683]
Event: 2586.396 Thread 0x0000000020b52800 Exception <a 'java/lang/InterruptedException'> (0x00000000f5ad7ef8) thrown at [C:\re\workspace\8-2-build-windows-amd64-cygwin\jdk8u45\3627\hotspot\src\share\vm\runtime\objectMonitor.cpp, line 1683]
Event: 2586.788 Thread 0x0000000016c56000 Exception <a 'java/lang/InterruptedException'> (0x00000000f59c1220) thrown at [C:\re\workspace\8-2-build-windows-amd64-cygwin\jdk8u45\3627\hotspot\src\share\vm\runtime\objectMonitor.cpp, line 1683]
Event: 2586.788 Thread 0x00000000024e8000 Implicit null exception at 0x0000000002b6ca37 to 0x0000000002b6cd6d

Events (10 events):
Event: 2586.788 Thread 0x00000000024e8000 DEOPT PACKING pc=0x0000000002b6cd80 sp=0x000000000012eae0
Event: 2586.788 Thread 0x00000000024e8000 DEOPT UNPACKING pc=0x00000000026b582a sp=0x000000000012ea38 mode 2
Event: 2586.788 Thread 0x0000000016f7d000 Thread exited: 0x0000000016f7d000
Event: 2586.788 loading class java/util/IdentityHashMap$KeyIterator
Event: 2586.789 loading class java/util/IdentityHashMap$IdentityHashMapIterator
Event: 2586.789 loading class java/util/IdentityHashMap$IdentityHashMapIterator done
Event: 2586.789 loading class java/util/IdentityHashMap$KeyIterator done
Event: 2586.789 Thread 0x000000001501c000 Thread added: 0x000000001501c000
Event: 2586.789 Thread 0x000000001501c000 Thread exited: 0x000000001501c000
Event: 2586.789 Executing VM operation: Exit


Dynamic libraries:
0x0000000000400000 - 0x000000000044f000 	E:\Xilinx\SDK\2015.4\eclipse\win64.o\eclipse.exe
0x0000000076d30000 - 0x0000000076eda000 	C:\Windows\SYSTEM32\ntdll.dll
0x0000000076c10000 - 0x0000000076d2f000 	C:\Windows\system32\kernel32.dll
0x000007fefcb00000 - 0x000007fefcb6a000 	C:\Windows\system32\KERNELBASE.dll
0x0000000076b10000 - 0x0000000076c0a000 	C:\Windows\system32\USER32.dll
0x000007fefceb0000 - 0x000007fefcf17000 	C:\Windows\system32\GDI32.dll
0x000007fefcea0000 - 0x000007fefceae000 	C:\Windows\system32\LPK.dll
0x000007fefef70000 - 0x000007feff03a000 	C:\Windows\system32\USP10.dll
0x000007fefd8e0000 - 0x000007fefd97f000 	C:\Windows\system32\msvcrt.dll
0x000007fefc2b0000 - 0x000007fefc4a4000 	C:\Windows\WinSxS\amd64_microsoft.windows.common-controls_6595b64144ccf1df_6.0.7601.18837_none_fa3b1e3d17594757\COMCTL32.dll
0x000007fefeae0000 - 0x000007fefeb51000 	C:\Windows\system32\SHLWAPI.dll
0x000007fefd1c0000 - 0x000007fefd1ee000 	C:\Windows\system32\IMM32.DLL
0x000007fefd5c0000 - 0x000007fefd6c9000 	C:\Windows\system32\MSCTF.dll
0x0000000072000000 - 0x0000000072012000 	E:\Xilinx\SDK\2015.4\eclipse\win64.o\plugins\org.eclipse.equinox.launcher.win32.win32.x86_64_1.1.200.v20140116-2212\eclipse_1503.dll
0x000007fefee90000 - 0x000007fefef6b000 	C:\Windows\system32\ADVAPI32.dll
0x000007fefd320000 - 0x000007fefd33f000 	C:\Windows\SYSTEM32\sechost.dll
0x000007fefd1f0000 - 0x000007fefd31d000 	C:\Windows\system32\RPCRT4.dll
0x000007fefb590000 - 0x000007fefb59c000 	C:\Windows\system32\VERSION.dll
0x000007fef9280000 - 0x000007fef92d6000 	C:\Windows\system32\uxtheme.dll
0x000000006e570000 - 0x000000006edf3000 	E:\Xilinx\SDK\2015.4\tps\win64\jre\bin\server\jvm.dll
0x000007fef5c40000 - 0x000007fef5c49000 	C:\Windows\system32\WSOCK32.dll
0x000007fefd150000 - 0x000007fefd19d000 	C:\Windows\system32\WS2_32.dll
0x000007fefdd40000 - 0x000007fefdd48000 	C:\Windows\system32\NSI.dll
0x000007fef8420000 - 0x000007fef845b000 	C:\Windows\system32\WINMM.dll
0x0000000076f00000 - 0x0000000076f07000 	C:\Windows\system32\PSAPI.DLL
0x0000000072240000 - 0x0000000072312000 	C:\Windows\system32\MSVCR100.dll
0x0000000073f00000 - 0x0000000073f0f000 	E:\Xilinx\SDK\2015.4\tps\win64\jre\bin\verify.dll
0x000000006fad0000 - 0x000000006faf9000 	E:\Xilinx\SDK\2015.4\tps\win64\jre\bin\java.dll
0x0000000073ee0000 - 0x0000000073ef6000 	E:\Xilinx\SDK\2015.4\tps\win64\jre\bin\zip.dll
0x000007fefdd50000 - 0x000007fefeadc000 	C:\Windows\system32\SHELL32.dll
0x000007fefd6d0000 - 0x000007fefd8d3000 	C:\Windows\system32\ole32.dll
0x000007fefcaf0000 - 0x000007fefcaff000 	C:\Windows\system32\profapi.dll
0x000007fefc290000 - 0x000007fefc2a8000 	C:\Windows\system32\CRYPTSP.dll
0x000007fefbd40000 - 0x000007fefbd87000 	C:\Windows\system32\rsaenh.dll
0x000007fefcc10000 - 0x000007fefcc2e000 	C:\Windows\system32\USERENV.dll
0x000007fefc980000 - 0x000007fefc98f000 	C:\Windows\system32\CRYPTBASE.dll
0x0000000071910000 - 0x000000007192a000 	E:\Xilinx\SDK\2015.4\tps\win64\jre\bin\net.dll
0x000007fefbfe0000 - 0x000007fefc035000 	C:\Windows\system32\mswsock.dll
0x000007fefbfd0000 - 0x000007fefbfd7000 	C:\Windows\System32\wship6.dll
0x000007fef9c50000 - 0x000007fef9c77000 	C:\Windows\system32\IPHLPAPI.DLL
0x000007fef9c40000 - 0x000007fef9c4b000 	C:\Windows\system32\WINNSI.DLL
0x000007fef7e50000 - 0x000007fef7e61000 	C:\Windows\system32\dhcpcsvc6.DLL
0x000007fef7e30000 - 0x000007fef7e48000 	C:\Windows\system32\dhcpcsvc.DLL
0x000000006fab0000 - 0x000000006fac1000 	E:\Xilinx\SDK\2015.4\tps\win64\jre\bin\nio.dll
0x000007fef8390000 - 0x000007fef83a5000 	C:\Windows\system32\NLAapi.dll
0x000007fef5bf0000 - 0x000007fef5c05000 	C:\Windows\system32\napinsp.dll
0x000007fef5bd0000 - 0x000007fef5be9000 	C:\Windows\system32\pnrpnsp.dll
0x000007fefbe60000 - 0x000007fefbebb000 	C:\Windows\system32\DNSAPI.dll
0x000007fef58d0000 - 0x000007fef58db000 	C:\Windows\System32\winrnr.dll
0x000007fef9700000 - 0x000007fef9707000 	C:\Windows\System32\wshtcpip.dll
0x000007fef5c70000 - 0x000007fef5c78000 	C:\Windows\system32\rasadhlp.dll
0x000007fef7d90000 - 0x000007fef7de3000 	C:\Windows\System32\fwpuclnt.dll
0x0000000018a60000 - 0x0000000018b08000 	C:\Users\user\.Xilinx\SDK\2015.4\org.eclipse.osgi\bundles\303\1\.cp\swt-win32-4335.dll
0x000007fefdbe0000 - 0x000007fefdcb8000 	C:\Windows\system32\OLEAUT32.dll
0x000007fefd340000 - 0x000007fefd3d7000 	C:\Windows\system32\comdlg32.dll
0x000007fef5060000 - 0x000007fef50d1000 	C:\Windows\system32\WINSPOOL.DRV
0x000007fefd980000 - 0x000007fefdbda000 	C:\Windows\system32\WININET.dll
0x000007fefcc30000 - 0x000007fefcc34000 	C:\Windows\system32\api-ms-win-downlevel-user32-l1-1-0.dll
0x000007fefccd0000 - 0x000007fefccd4000 	C:\Windows\system32\api-ms-win-downlevel-shlwapi-l1-1-0.dll
0x000007fefcc60000 - 0x000007fefcc64000 	C:\Windows\system32\api-ms-win-downlevel-version-l1-1-0.dll
0x000007fefce90000 - 0x000007fefce93000 	C:\Windows\system32\api-ms-win-downlevel-normaliz-l1-1-0.dll
0x0000000076ef0000 - 0x0000000076ef3000 	C:\Windows\system32\normaliz.DLL
0x000007fefeb60000 - 0x000007fefee27000 	C:\Windows\system32\iertutil.dll
0x000007fefccc0000 - 0x000007fefccc5000 	C:\Windows\system32\api-ms-win-downlevel-advapi32-l1-1-0.dll
0x000007fefcd20000 - 0x000007fefce8d000 	C:\Windows\system32\CRYPT32.dll
0x000007fefcae0000 - 0x000007fefcaef000 	C:\Windows\system32\MSASN1.dll
0x000007fef8e50000 - 0x000007fef8e68000 	C:\Windows\system32\dwmapi.dll
0x000007fef92e0000 - 0x000007fef940c000 	C:\Windows\system32\propsys.dll
0x000007fefd0b0000 - 0x000007fefd149000 	C:\Windows\system32\CLBCatQ.DLL
0x00000000025e0000 - 0x00000000025fe000 	C:\Users\user\.Xilinx\SDK\2015.4\org.eclipse.osgi\bundles\303\1\.cp\swt-gdip-win32-4335.dll
0x000007fef9060000 - 0x000007fef9276000 	C:\Windows\WinSxS\amd64_microsoft.windows.gdiplus_6595b64144ccf1df_1.1.7601.23407_none_14556c1e8b95d0b8\gdiplus.dll
0x000007fef8b00000 - 0x000007fef8c61000 	C:\Windows\system32\WindowsCodecs.dll
0x0000000180000000 - 0x0000000180012000 	C:\Users\user\.Xilinx\SDK\2015.4\org.eclipse.osgi\bundles\121\1\.cp\os\win32\x86_64\localfile_1_0_0.dll
0x000007fef0440000 - 0x000007fef0451000 	C:\Users\user\.Xilinx\SDK\2015.4\org.eclipse.osgi\bundles\124\1\.cp\jWinHttp-1.0.0.dll
0x000007fef6d90000 - 0x000007fef6e01000 	C:\Windows\system32\WINHTTP.dll
0x000007fef6d20000 - 0x000007fef6d85000 	C:\Windows\system32\webio.dll
0x000007fefc8f0000 - 0x000007fefc915000 	C:\Windows\system32\SspiCli.dll
0x000007fefbc10000 - 0x000007fefbc1a000 	C:\Windows\system32\credssp.dll
0x000007fefcce0000 - 0x000007fefcd16000 	C:\Windows\system32\CFGMGR32.dll
0x000007fef86b0000 - 0x000007fef8704000 	C:\Windows\system32\oleacc.dll
0x000007fefca30000 - 0x000007fefca44000 	C:\Windows\system32\RpcRtRemote.dll
0x000007fefc920000 - 0x000007fefc977000 	C:\Windows\system32\apphelp.dll
0x000007fef0430000 - 0x000007fef043f000 	E:\Xilinx\SDK\2015.4\lib\win64.o\librdi_repo_manager.dll
0x000007fef0400000 - 0x000007fef042a000 	E:\Xilinx\SDK\2015.4\lib\win64.o\libisl_sysinfo.dll
0x000007fee7900000 - 0x000007fee79d4000 	C:\Windows\system32\MSVCR110.dll
0x000007fee9b50000 - 0x000007fee9bf7000 	C:\Windows\system32\MSVCP110.dll
0x000007feb86d0000 - 0x000007feb905d000 	E:\Xilinx\SDK\2015.4\lib\win64.o\librdi_common.dll
0x000007febc1e0000 - 0x000007febc54e000 	E:\Xilinx\SDK\2015.4\lib\win64.o\libCOIN-all.dll
0x000007febbce0000 - 0x000007febbefe000 	E:\Xilinx\SDK\2015.4\lib\win64.o\libXil_lmgr11.dll
0x000007fefb280000 - 0x000007fefb296000 	C:\Windows\system32\NETAPI32.dll
0x000007fefbb60000 - 0x000007fefbb6c000 	C:\Windows\system32\netutils.dll
0x000007fefc820000 - 0x000007fefc843000 	C:\Windows\system32\srvcli.dll
0x000007fefbbf0000 - 0x000007fefbc05000 	C:\Windows\system32\wkscli.dll
0x000007fefcc80000 - 0x000007fefccbb000 	C:\Windows\system32\WINTRUST.dll
0x000007fef03f0000 - 0x000007fef0400000 	E:\Xilinx\SDK\2015.4\lib\win64.o\libboost_date_time.dll
0x000007fedf8e0000 - 0x000007fedf902000 	E:\Xilinx\SDK\2015.4\lib\win64.o\libboost_filesystem.dll
0x000007fee9d90000 - 0x000007fee9d99000 	E:\Xilinx\SDK\2015.4\lib\win64.o\libboost_system.dll
0x000007fedf860000 - 0x000007fedf8d4000 	E:\Xilinx\SDK\2015.4\lib\win64.o\libboost_program_options.dll
0x000007febbbe0000 - 0x000007febbcda000 	E:\Xilinx\SDK\2015.4\lib\win64.o\libboost_regex.dll
0x000007fedf840000 - 0x000007fedf853000 	E:\Xilinx\SDK\2015.4\lib\win64.o\libboost_signals.dll
0x000007fedf820000 - 0x000007fedf83d000 	E:\Xilinx\SDK\2015.4\lib\win64.o\libboost_thread.dll
0x000007fee8690000 - 0x000007fee869b000 	E:\Xilinx\SDK\2015.4\lib\win64.o\libboost_chrono.dll
0x000007fee86d0000 - 0x000007fee86db000 	E:\Xilinx\SDK\2015.4\lib\win64.o\libboost_xilinx.dll
0x000007febc690000 - 0x000007febc710000 	E:\Xilinx\SDK\2015.4\lib\win64.o\libhdlpsolve.dll
0x000007febc5f0000 - 0x000007febc68a000 	E:\Xilinx\SDK\2015.4\lib\win64.o\libhdxml.dll
0x000007febb7a0000 - 0x000007febbbd4e00 	E:\Xilinx\SDK\2015.4\lib\win64.o\libisl_iostreams.dll
0x000007fedf800000 - 0x000007fedf816000 	E:\Xilinx\SDK\2015.4\lib\win64.o\libboost_iostreams.dll
0x000007fedf7d0000 - 0x000007fedf7f3000 	E:\Xilinx\SDK\2015.4\lib\win64.o\librdizlib.dll
0x000007febc5c0000 - 0x000007febc5e3000 	E:\Xilinx\SDK\2015.4\lib\win64.o\libisl_iosutils.dll
0x000007febc5a0000 - 0x000007febc5b5000 	E:\Xilinx\SDK\2015.4\lib\win64.o\pthreadVC2.dll
0x000007febc120000 - 0x000007febc174000 	E:\Xilinx\SDK\2015.4\lib\win64.o\librdi_commonxillic.dll
0x000007febb670000 - 0x000007febb7a0000 	E:\Xilinx\SDK\2015.4\lib\win64.o\librdi_curl.dll
0x000007febc580000 - 0x000007febc598000 	E:\Xilinx\SDK\2015.4\lib\win64.o\librdiconfig.dll
0x000000006f980000 - 0x000000006faa7000 	E:\Xilinx\SDK\2015.4\lib\win64.o\tcl85t.dll
0x0000000024bc0000 - 0x0000000024e23000 	E:\Xilinx\SDK\2015.4\lib\win64.o\xerces-c_3_1.dll
0x000007fefcf20000 - 0x000007fefd0a5000 	C:\Windows\system32\urlmon.dll
0x000007fefcc70000 - 0x000007fefcc74000 	C:\Windows\system32\api-ms-win-downlevel-ole32-l1-1-0.dll
0x000007fee9e70000 - 0x000007fee9e93000 	C:\Windows\system32\VCOMP110.DLL
0x000007febb480000 - 0x000007febb66c000 	E:\Xilinx\SDK\2015.4\lib\win64.o\librdi_hsm.dll
0x000007febb430000 - 0x000007febb473000 	E:\Xilinx\SDK\2015.4\lib\win64.o\librdi_hdf.dll
0x000007febb1d0000 - 0x000007febb425000 	E:\Xilinx\SDK\2015.4\lib\win64.o\librdi_ippcw.dll
0x000007fef85e0000 - 0x000007fef85e7000 	C:\Windows\system32\msimg32.dll
0x000007feb7680000 - 0x000007feb7e90000 	E:\Xilinx\SDK\2015.4\lib\win64.o\libXil_lmgr11FNP.dll
0x000007fef5000000 - 0x000007fef500b000 	C:\Windows\system32\snmpapi.dll
0x000007fefd3e0000 - 0x000007fefd5b7000 	C:\Windows\system32\SETUPAPI.dll
0x000007fefcc40000 - 0x000007fefcc5a000 	C:\Windows\system32\DEVOBJ.dll
0x0000000071080000 - 0x00000000710a6000 	E:\Xilinx\SDK\2015.4\eclipse\win64.o\plugins\gnu.io.rxtx.win32.x86_64_2.1.7.3_v20071015\os\win32\x86_64\rxtxSerial.dll
0x000007febc1c0000 - 0x000007febc1d6000 	E:\Xilinx\SDK\2015.4\eclipse\win64.o\plugins\org.eclipse.cdt.core.win32.x86_64_5.2.0.201402142303\os\win32\x86_64\spawner.dll

VM Arguments:
jvm_args: -Dcom.xilinx.sdk.args.hwspec=D:/Xilinx_Project/FMC_IMAGEON/Projects/fmc_imageon_gs/ZC702/fmc_imageon_gs.sdk/fmc_imageon_gs_wrapper.hdf -Xms64m -Xmx512m & 
java_command: <unknown>
java_class_path (initial): E:\Xilinx\SDK\2015.4\eclipse\win64.o\\plugins/org.eclipse.equinox.launcher_1.3.0.v20130327-1440.jar
Launcher Type: generic

Environment Variables:
PATH=E:/Xilinx/SDK/2015.4/tps/win64/jre/bin/server;E:/Xilinx/SDK/2015.4/tps/win64/jre/bin;E:/Xilinx/SDK/2015.4/tps/win64/jre/lib/amd64;E:\Xilinx\SDK\2015.4\gnuwin\bin;E:\Xilinx\SDK\2015.4\gnu\microblaze\nt\bin;E:\Xilinx\SDK\2015.4\gnu\microblaze\linux_toolchain\nt64_le\bin;E:\Xilinx\SDK\2015.4\gnu\microblaze\linux_toolchain\nt64_be\bin;E:\Xilinx\SDK\2015.4\gnu\arm\nt\bin;E:\Xilinx\SDK\2015.4\gnu\aarch64\nt\aarch64-none\bin;E:\Xilinx\SDK\2015.4\gnu\aarch64\nt\aarch64-linux\bin;E:\Xilinx\SDK\2015.4\gnu\armr5\nt\gcc-arm-none-eabi\bin;E:\Xilinx\SDK\2015.4\gnu\aarch32\nt\gcc-arm-none-eabi\bin;E:\Xilinx\SDK\2015.4\gnu\aarch32\nt\gcc-arm-linux-gnueabi\bin;E:\Xilinx\SDK\2015.4\bin;E:\Xilinx\SDK\2015.4\lib\win64.o;E:\Xilinx\SDK\2015.4\tps\win64\jre\bin\server;E:\Xilinx\SDK\2015.4\tps\win64\jre\bin;E:\Xilinx\Vivado\2015.4\ids_lite\ISE\bin\nt64;E:\Xilinx\Vivado\2015.4\ids_lite\ISE\lib\nt64;E:\Xilinx\Vivado\2015.4\bin;E:\Xilinx\Vivado\2015.4\lib\win64.o;E:\Xilinx\Vivado\2015.4\tps\win64\jre\bin\server;E:\Xilinx\Vivado\2015.4\tps\win64\jre\bin;E:\Xilinx\Vivado_HLS\2015.4\bin;C:\SynaptiCAD\bin\win32;C:\ProgramData\Oracle\Java\javapath;C:\MinGW\bin;C:\Windows\system32;C:\Windows;C:\Windows\System32\Wbem;C:\Windows\System32\WindowsPowerShell\v1.0\;C:\Program Files\Intel\DMIX;C:\SynaptiCAD\bin;C:\altera\15.0\modelsim_ase\win32aloem;E:\altera\13.0sp1\modelsim_ase\win32aloem;D:\Xilinx_Project\FMC_IMAGEON\Projects\fmc_imageon_gs\ZC702;
USERNAME=user
OS=Windows_NT
PROCESSOR_IDENTIFIER=Intel64 Family 6 Model 42 Stepping 7, GenuineIntel



---------------  S Y S T E M  ---------------

OS: Windows 7 , 64 bit Build 7601 (6.1.7601.23418)

CPU:total 8 (4 cores per cpu, 2 threads per core) family 6 model 42 stepping 7, cmov, cx8, fxsr, mmx, sse, sse2, sse3, ssse3, sse4.1, sse4.2, popcnt, avx, aes, clmul, ht, tsc, tscinvbit

Memory: 4k page, physical 8273092k(2336936k free), swap 16544324k(7301248k free)

vm_info: Java HotSpot(TM) 64-Bit Server VM (25.45-b02) for windows-amd64 JRE (1.8.0_45-b15), built on Apr 30 2015 12:40:44 by "java_re" with MS VC++ 10.0 (VS2010)

time: Thu Nov 10 15:33:36 2016
elapsed time: 2587 seconds (0d 0h 43m 7s)

