#
# A fatal error has been detected by the Java Runtime Environment:
#
#  EXCEPTION_UNCAUGHT_CXX_EXCEPTION (0xe06d7363) at pc=0x000007fefcb1a06d, pid=5208, tid=2344
#
# JRE version: Java(TM) SE Runtime Environment (8.0_45-b15) (build 1.8.0_45-b15)
# Java VM: Java HotSpot(TM) 64-Bit Server VM (25.45-b02 mixed mode windows-amd64 compressed oops)
# Problematic frame:
# C  [KERNELBASE.dll+0x1a06d]
#
# Failed to write core dump. Minidumps are not enabled by default on client versions of Windows
#
# If you would like to submit a bug report, please visit:
#   http://bugreport.java.com/bugreport/crash.jsp
#

---------------  T H R E A D  ---------------

Current thread (0x0000000014fe2800):  VMThread [stack: 0x0000000015f30000,0x0000000016030000] [id=2344]

siginfo: ExceptionCode=0xe06d7363, ExceptionInformation=0x0000000019930520 0x000000001602f6c8 0x000007fee79b2cb8 0x000007fee7900000 

Registers:
RAX=0x00000000620bc8ba, RBX=0x000007fee79b2cb8, RCX=0x000000001602ef10, RDX=0x00000000000000d0
RSP=0x000000001602f520, RBP=0x000000001602f650, RSI=0x00000000ffffffff, RDI=0x000000001749c690
R8 =0x0000000000000000, R9 =0x0000000000000000, R10=0x000007fee7900000, R11=0x000000001602f560
R12=0x0000000000000001, R13=0x0000000000000008, R14=0x0000000000000000, R15=0xffffffffffffffff
RIP=0x000007fefcb1a06d, EFLAGS=0x0000000000000202

Top of Stack: (sp=0x000000001602f520)
0x000000001602f520:   000007fee79b2cb8 00000000ffffffff
0x000000001602f530:   000000001749c690 00000000002da7f0
0x000000001602f540:   00000001e06d7363 0000000000000000
0x000000001602f550:   000007fefcb1a06d 000007fe00000004
0x000000001602f560:   0000000019930520 000000001602f6c8
0x000000001602f570:   000007fee79b2cb8 000007fee7900000
0x000000001602f580:   0000000000000000 000000001602f608
0x000000001602f590:   0000000000000028 000000001749c680
0x000000001602f5a0:   0000000024338540 0000000000000000
0x000000001602f5b0:   000007fffff98000 0000000076d7f2d3
0x000000001602f5c0:   0000000000000000 0000000000000008
0x000000001602f5d0:   0000000000000001 000000001749c690
0x000000001602f5e0:   00000000ffffffff 000007fee795e92c
0x000000001602f5f0:   000007fee79b2cb8 000000001602f660
0x000000001602f600:   0000000000000001 000007fee79000f8
0x000000001602f610:   00000001e06d7363 0000000000000000 

Instructions: (pc=0x000007fefcb1a06d)
0x000007fefcb1a04d:   54 24 24 48 89 4c 24 28 4d 85 c9 0f 85 6a 03 00
0x000007fefcb1a05d:   00 89 4c 24 38 48 8d 4c 24 20 ff 15 33 02 03 00
0x000007fefcb1a06d:   48 81 c4 c8 00 00 00 c3 90 90 90 90 90 90 90 90
0x000007fefcb1a07d:   90 90 90 48 83 ec 28 65 48 8b 04 25 30 00 00 00 


Register to memory mapping:

RAX=0x00000000620bc8ba is an unknown value
RBX=0x000007fee79b2cb8 is an unknown value
RCX=0x000000001602ef10 is an unknown value
RDX=0x00000000000000d0 is an unknown value
RSP=0x000000001602f520 is an unknown value
RBP=0x000000001602f650 is an unknown value
RSI=0x00000000ffffffff is an unallocated location in the heap
RDI=0x000000001749c690 is an unknown value
R8 =0x0000000000000000 is an unknown value
R9 =0x0000000000000000 is an unknown value
R10=0x000007fee7900000 is an unknown value
R11=0x000000001602f560 is an unknown value
R12=0x0000000000000001 is an unknown value
R13=0x0000000000000008 is an unknown value
R14=0x0000000000000000 is an unknown value
R15=0xffffffffffffffff is an unknown value


Stack: [0x0000000015f30000,0x0000000016030000],  sp=0x000000001602f520,  free space=1021k
Native frames: (J=compiled Java code, j=interpreted, Vv=VM code, C=native code)
C  [KERNELBASE.dll+0x1a06d]
C  [MSVCR110.dll+0x5e92c]
C  [MSVCR110.dll+0x1315c]
C  [MSVCR110.dll+0x136a9]
C  [MSVCR110.dll+0x13e9c]
C  [MSVCR110.dll+0x239e]
C  [MSVCR110.dll+0xaf9e]
C  [MSVCP110.dll+0x397b9]
C  [librdi_common.dll+0x14283e]
C  [librdi_common.dll+0x141449]
C  0x000007febc122400
C  0x000007febc122682
C  [ntdll.dll+0x229b1]
C  [ntdll.dll+0x227c0]
C  [MSVCR100.dll+0x20ccd]
V  [jvm.dll+0x20f135]
V  [jvm.dll+0x247ef7]
V  [jvm.dll+0x247196]
V  [jvm.dll+0x247631]
V  [jvm.dll+0x24784e]
V  [jvm.dll+0x29853a]
C  [MSVCR100.dll+0x21d9f]
C  [MSVCR100.dll+0x21e3b]
C  [kernel32.dll+0x159bd]
C  [ntdll.dll+0x2a2e1]

VM_Operation (0x000000000012f500): Exit, mode: safepoint, requested by thread 0x00000000024b8000


---------------  P R O C E S S  ---------------

Java Threads: ( => current thread )
  0x0000000016c34000 JavaThread "Spawner Reaper" daemon [_thread_in_native, id=7348, stack(0x000000002b450000,0x000000002b550000)]
  0x000000001f6dc000 JavaThread "Thread-20" daemon [_thread_blocked, id=3340, stack(0x0000000027910000,0x0000000027a10000)]
  0x000000001a3db000 JavaThread "TCF Locator DNS Lookup" daemon [_thread_blocked, id=7628, stack(0x000000001d6a0000,0x000000001d7a0000)]
  0x000000001a3da800 JavaThread "TCF Locator Timer" daemon [_thread_blocked, id=4436, stack(0x000000001d5a0000,0x000000001d6a0000)]
  0x000000001a3d7800 JavaThread "TCF Locator Receiver" daemon [_thread_in_native, id=1124, stack(0x000000001d4a0000,0x000000001d5a0000)]
  0x000000001a3d9000 JavaThread "TCF Timer Dispatcher" daemon [_thread_blocked, id=3056, stack(0x000000001d2a0000,0x000000001d3a0000)]
  0x0000000016c24800 JavaThread "EMF Reference Cleaner" daemon [_thread_blocked, id=6988, stack(0x00000000193a0000,0x00000000194a0000)]
  0x00000000150d2800 JavaThread "Service Thread" daemon [_thread_blocked, id=5340, stack(0x0000000016830000,0x0000000016930000)]
  0x0000000015060800 JavaThread "C1 CompilerThread3" daemon [_thread_blocked, id=4508, stack(0x0000000016730000,0x0000000016830000)]
  0x000000001505c000 JavaThread "C2 CompilerThread2" daemon [_thread_blocked, id=8112, stack(0x0000000016630000,0x0000000016730000)]
  0x0000000015059000 JavaThread "C2 CompilerThread1" daemon [_thread_blocked, id=6884, stack(0x0000000016530000,0x0000000016630000)]
  0x0000000015057000 JavaThread "C2 CompilerThread0" daemon [_thread_blocked, id=7376, stack(0x0000000016430000,0x0000000016530000)]
  0x000000001503e800 JavaThread "Attach Listener" daemon [_thread_blocked, id=3312, stack(0x0000000016330000,0x0000000016430000)]
  0x000000001504c000 JavaThread "Signal Dispatcher" daemon [_thread_blocked, id=7972, stack(0x0000000016230000,0x0000000016330000)]
  0x0000000013e6b000 JavaThread "Finalizer" daemon [_thread_blocked, id=5256, stack(0x0000000016130000,0x0000000016230000)]
  0x0000000013e64800 JavaThread "Reference Handler" daemon [_thread_blocked, id=3364, stack(0x0000000016030000,0x0000000016130000)]
  0x00000000024b8000 JavaThread "main" [_thread_blocked, id=3732, stack(0x0000000000030000,0x0000000000130000)]

Other Threads:
=>0x0000000014fe2800 VMThread [stack: 0x0000000015f30000,0x0000000016030000] [id=2344]

VM state:at safepoint (shutting down)

VM Mutex/Monitor currently owned by a thread:  ([mutex/lock_event])
[0x000000000239e790] Threads_lock - owner thread: 0x0000000014fe2800

Heap:
 PSYoungGen      total 95744K, used 93861K [0x00000000f5580000, 0x00000000fd400000, 0x0000000100000000)
  eden space 86528K, 99% used [0x00000000f5580000,0x00000000fa957998,0x00000000faa00000)
  from space 9216K, 86% used [0x00000000fcb00000,0x00000000fd2d1d78,0x00000000fd400000)
  to   space 21504K, 0% used [0x00000000faa00000,0x00000000faa00000,0x00000000fbf00000)
 ParOldGen       total 96768K, used 54063K [0x00000000e0000000, 0x00000000e5e80000, 0x00000000f5580000)
  object space 96768K, 55% used [0x00000000e0000000,0x00000000e34cbe38,0x00000000e5e80000)
 Metaspace       used 86892K, capacity 94270K, committed 94464K, reserved 1130496K
  class space    used 10811K, capacity 12964K, committed 13056K, reserved 1048576K

Card table byte_map: [0x0000000011a70000,0x0000000011b80000] byte_map_base: 0x0000000011370000

Marking Bits: (ParMarkBitMap*) 0x000000006ed74040
 Begin Bits: [0x0000000012380000, 0x0000000012b80000)
 End Bits:   [0x0000000012b80000, 0x0000000013380000)

Polling page: 0x0000000000240000

CodeCache: size=245760Kb used=36864Kb max_used=36881Kb free=208895Kb
 bounds [0x00000000026b0000, 0x0000000004b10000, 0x00000000116b0000]
 total_blobs=10957 nmethods=10089 adapters=774
 compilation: enabled

Compilation events (10 events):
Event: 391.460 Thread 0x0000000015060800 12553   !   3       org.eclipse.osgi.internal.serviceregistry.ServiceRegistrationImpl::unregister (253 bytes)
Event: 391.462 Thread 0x0000000015060800 nmethod 12553 0x0000000004ae9350 code [0x0000000004ae9740, 0x0000000004aebc98]
Event: 391.463 Thread 0x0000000015060800 12556       3       java.io.File::list (33 bytes)
Event: 391.463 Thread 0x000000001505c000 nmethod 12520 0x0000000004aed3d0 code [0x0000000004aed800, 0x0000000004af0b90]
Event: 391.464 Thread 0x0000000015060800 nmethod 12556 0x0000000003d60c50 code [0x0000000003d60e20, 0x0000000003d61568]
Event: 391.577 Thread 0x0000000015057000 nmethod 12529 0x0000000004afd110 code [0x0000000004afd5a0, 0x0000000004b03ed0]
Event: 391.645 Thread 0x0000000015060800 12557   !   3       org.eclipse.osgi.internal.baseadaptor.BaseStorage::compact (215 bytes)
Event: 391.647 Thread 0x0000000015060800 nmethod 12557 0x0000000004ae5550 code [0x0000000004ae59a0, 0x0000000004ae7e68]
Event: 391.890 Thread 0x0000000015060800 12558       3       org.eclipse.osgi.framework.internal.core.AbstractBundle::close (52 bytes)
Event: 391.890 Thread 0x0000000015060800 nmethod 12558 0x00000000037ce590 code [0x00000000037ce7c0, 0x00000000037cf4c8]

GC Heap History (10 events):
Event: 200.621 GC heap before
{Heap before GC invocations=24 (full 5):
 PSYoungGen      total 113152K, used 34854K [0x00000000f5580000, 0x00000000fdd80000, 0x0000000100000000)
  eden space 89088K, 35% used [0x00000000f5580000,0x00000000f74a42f0,0x00000000fac80000)
  from space 24064K, 12% used [0x00000000fc600000,0x00000000fc8e5868,0x00000000fdd80000)
  to   space 25088K, 0% used [0x00000000fac80000,0x00000000fac80000,0x00000000fc500000)
 ParOldGen       total 96768K, used 52482K [0x00000000e0000000, 0x00000000e5e80000, 0x00000000f5580000)
  object space 96768K, 54% used [0x00000000e0000000,0x00000000e3340a80,0x00000000e5e80000)
 Metaspace       used 80414K, capacity 87196K, committed 87424K, reserved 1124352K
  class space    used 10044K, capacity 12034K, committed 12160K, reserved 1048576K
Event: 200.628 GC heap after
Heap after GC invocations=24 (full 5):
 PSYoungGen      total 95232K, used 5871K [0x00000000f5580000, 0x00000000fdb80000, 0x0000000100000000)
  eden space 89088K, 0% used [0x00000000f5580000,0x00000000f5580000,0x00000000fac80000)
  from space 6144K, 95% used [0x00000000fac80000,0x00000000fb23bc40,0x00000000fb280000)
  to   space 24064K, 0% used [0x00000000fc400000,0x00000000fc400000,0x00000000fdb80000)
 ParOldGen       total 96768K, used 52490K [0x00000000e0000000, 0x00000000e5e80000, 0x00000000f5580000)
  object space 96768K, 54% used [0x00000000e0000000,0x00000000e3342a80,0x00000000e5e80000)
 Metaspace       used 80414K, capacity 87196K, committed 87424K, reserved 1124352K
  class space    used 10044K, capacity 12034K, committed 12160K, reserved 1048576K
}
Event: 200.628 GC heap before
{Heap before GC invocations=25 (full 6):
 PSYoungGen      total 95232K, used 5871K [0x00000000f5580000, 0x00000000fdb80000, 0x0000000100000000)
  eden space 89088K, 0% used [0x00000000f5580000,0x00000000f5580000,0x00000000fac80000)
  from space 6144K, 95% used [0x00000000fac80000,0x00000000fb23bc40,0x00000000fb280000)
  to   space 24064K, 0% used [0x00000000fc400000,0x00000000fc400000,0x00000000fdb80000)
 ParOldGen       total 96768K, used 52490K [0x00000000e0000000, 0x00000000e5e80000, 0x00000000f5580000)
  object space 96768K, 54% used [0x00000000e0000000,0x00000000e3342a80,0x00000000e5e80000)
 Metaspace       used 80414K, capacity 87196K, committed 87424K, reserved 1124352K
  class space    used 10044K, capacity 12034K, committed 12160K, reserved 1048576K
Event: 200.992 GC heap after
Heap after GC invocations=25 (full 6):
 PSYoungGen      total 95232K, used 0K [0x00000000f5580000, 0x00000000fdb80000, 0x0000000100000000)
  eden space 89088K, 0% used [0x00000000f5580000,0x00000000f5580000,0x00000000fac80000)
  from space 6144K, 0% used [0x00000000fac80000,0x00000000fac80000,0x00000000fb280000)
  to   space 24064K, 0% used [0x00000000fc400000,0x00000000fc400000,0x00000000fdb80000)
 ParOldGen       total 96768K, used 53975K [0x00000000e0000000, 0x00000000e5e80000, 0x00000000f5580000)
  object space 96768K, 55% used [0x00000000e0000000,0x00000000e34b5e28,0x00000000e5e80000)
 Metaspace       used 80414K, capacity 87196K, committed 87424K, reserved 1124352K
  class space    used 10044K, capacity 12034K, committed 12160K, reserved 1048576K
}
Event: 277.990 GC heap before
{Heap before GC invocations=26 (full 6):
 PSYoungGen      total 95232K, used 89088K [0x00000000f5580000, 0x00000000fdb80000, 0x0000000100000000)
  eden space 89088K, 100% used [0x00000000f5580000,0x00000000fac80000,0x00000000fac80000)
  from space 6144K, 0% used [0x00000000fac80000,0x00000000fac80000,0x00000000fb280000)
  to   space 24064K, 0% used [0x00000000fc400000,0x00000000fc400000,0x00000000fdb80000)
 ParOldGen       total 96768K, used 53975K [0x00000000e0000000, 0x00000000e5e80000, 0x00000000f5580000)
  object space 96768K, 55% used [0x00000000e0000000,0x00000000e34b5e28,0x00000000e5e80000)
 Metaspace       used 82484K, capacity 89242K, committed 89472K, reserved 1126400K
  class space    used 10282K, capacity 12314K, committed 12416K, reserved 1048576K
Event: 277.996 GC heap after
Heap after GC invocations=26 (full 6):
 PSYoungGen      total 113152K, used 3043K [0x00000000f5580000, 0x00000000fe600000, 0x0000000100000000)
  eden space 89088K, 0% used [0x00000000f5580000,0x00000000f5580000,0x00000000fac80000)
  from space 24064K, 12% used [0x00000000fc400000,0x00000000fc6f8da0,0x00000000fdb80000)
  to   space 24064K, 0% used [0x00000000fac80000,0x00000000fac80000,0x00000000fc400000)
 ParOldGen       total 96768K, used 53983K [0x00000000e0000000, 0x00000000e5e80000, 0x00000000f5580000)
  object space 96768K, 55% used [0x00000000e0000000,0x00000000e34b7e28,0x00000000e5e80000)
 Metaspace       used 82484K, capacity 89242K, committed 89472K, reserved 1126400K
  class space    used 10282K, capacity 12314K, committed 12416K, reserved 1048576K
}
Event: 304.465 GC heap before
{Heap before GC invocations=27 (full 6):
 PSYoungGen      total 113152K, used 92120K [0x00000000f5580000, 0x00000000fe600000, 0x0000000100000000)
  eden space 89088K, 99% used [0x00000000f5580000,0x00000000fac7d510,0x00000000fac80000)
  from space 24064K, 12% used [0x00000000fc400000,0x00000000fc6f8da0,0x00000000fdb80000)
  to   space 24064K, 0% used [0x00000000fac80000,0x00000000fac80000,0x00000000fc400000)
 ParOldGen       total 96768K, used 53983K [0x00000000e0000000, 0x00000000e5e80000, 0x00000000f5580000)
  object space 96768K, 55% used [0x00000000e0000000,0x00000000e34b7e28,0x00000000e5e80000)
 Metaspace       used 84799K, capacity 92118K, committed 92416K, reserved 1128448K
  class space    used 10594K, capacity 12695K, committed 12800K, reserved 1048576K
Event: 304.475 GC heap after
Heap after GC invocations=27 (full 6):
 PSYoungGen      total 113152K, used 7291K [0x00000000f5580000, 0x00000000fe100000, 0x0000000100000000)
  eden space 89088K, 0% used [0x00000000f5580000,0x00000000f5580000,0x00000000fac80000)
  from space 24064K, 30% used [0x00000000fac80000,0x00000000fb39ed28,0x00000000fc400000)
  to   space 22528K, 0% used [0x00000000fcb00000,0x00000000fcb00000,0x00000000fe100000)
 ParOldGen       total 96768K, used 53991K [0x00000000e0000000, 0x00000000e5e80000, 0x00000000f5580000)
  object space 96768K, 55% used [0x00000000e0000000,0x00000000e34b9e28,0x00000000e5e80000)
 Metaspace       used 84799K, capacity 92118K, committed 92416K, reserved 1128448K
  class space    used 10594K, capacity 12695K, committed 12800K, reserved 1048576K
}
Event: 368.691 GC heap before
{Heap before GC invocations=28 (full 6):
 PSYoungGen      total 113152K, used 96379K [0x00000000f5580000, 0x00000000fe100000, 0x0000000100000000)
  eden space 89088K, 100% used [0x00000000f5580000,0x00000000fac80000,0x00000000fac80000)
  from space 24064K, 30% used [0x00000000fac80000,0x00000000fb39ed28,0x00000000fc400000)
  to   space 22528K, 0% used [0x00000000fcb00000,0x00000000fcb00000,0x00000000fe100000)
 ParOldGen       total 96768K, used 53991K [0x00000000e0000000, 0x00000000e5e80000, 0x00000000f5580000)
  object space 96768K, 55% used [0x00000000e0000000,0x00000000e34b9e28,0x00000000e5e80000)
 Metaspace       used 86033K, capacity 93454K, committed 93568K, reserved 1130496K
  class space    used 10740K, capacity 12866K, committed 12928K, reserved 1048576K
Event: 368.702 GC heap after
Heap after GC invocations=28 (full 6):
 PSYoungGen      total 95744K, used 8007K [0x00000000f5580000, 0x00000000fd400000, 0x0000000100000000)
  eden space 86528K, 0% used [0x00000000f5580000,0x00000000f5580000,0x00000000faa00000)
  from space 9216K, 86% used [0x00000000fcb00000,0x00000000fd2d1d78,0x00000000fd400000)
  to   space 21504K, 0% used [0x00000000faa00000,0x00000000faa00000,0x00000000fbf00000)
 ParOldGen       total 96768K, used 54063K [0x00000000e0000000, 0x00000000e5e80000, 0x00000000f5580000)
  object space 96768K, 55% used [0x00000000e0000000,0x00000000e34cbe38,0x00000000e5e80000)
 Metaspace       used 86033K, capacity 93454K, committed 93568K, reserved 1130496K
  class space    used 10740K, capacity 12866K, committed 12928K, reserved 1048576K
}

Deoptimization events (10 events):
Event: 391.295 Thread 0x0000000016cfb800 Uncommon trap: reason=predicate action=maybe_recompile pc=0x000000000493b914 method=java.util.Arrays.fill([Ljava/lang/Object;Ljava/lang/Object;)V @ 10
Event: 391.309 Thread 0x00000000024b8000 Uncommon trap: reason=null_check action=maybe_recompile pc=0x00000000043d1d60 method=com.xilinx.sdk.targetmanager.internal.json.XMDJSONProcess.issueCommand(Ljava/lang/String;)Lcom/xilinx/sdk/targetmanager/internal/IXMDResult; @ 3
Event: 391.312 Thread 0x0000000016cfb800 Uncommon trap: reason=array_check action=maybe_recompile pc=0x0000000003d5fef4 method=java.util.Arrays.fill([Ljava/lang/Object;Ljava/lang/Object;)V @ 13
Event: 391.312 Thread 0x0000000016cfb800 Uncommon trap: reason=array_check action=maybe_recompile pc=0x0000000003d5fef4 method=java.util.Arrays.fill([Ljava/lang/Object;Ljava/lang/Object;)V @ 13
Event: 391.312 Thread 0x0000000016cfb800 Uncommon trap: reason=array_check action=maybe_recompile pc=0x0000000003d5fef4 method=java.util.Arrays.fill([Ljava/lang/Object;Ljava/lang/Object;)V @ 13
Event: 391.312 Thread 0x0000000016cfb800 Uncommon trap: reason=array_check action=maybe_recompile pc=0x0000000003d5fef4 method=java.util.Arrays.fill([Ljava/lang/Object;Ljava/lang/Object;)V @ 13
Event: 391.314 Thread 0x0000000016cfb800 Uncommon trap: reason=null_check action=make_not_entrant pc=0x00000000038fbaa8 method=org.eclipse.core.internal.runtime.Log.isLoggable(Lorg/osgi/framework/Bundle;Ljava/lang/String;I)Z @ 3
Event: 391.319 Thread 0x0000000016cfb800 Uncommon trap: reason=unstable_if action=reinterpret pc=0x00000000030d6110 method=org.eclipse.osgi.framework.internal.core.BundleContextImpl.dispatchEvent(Ljava/lang/Object;Ljava/lang/Object;ILjava/lang/Object;)V @ 16
Event: 391.444 Thread 0x000000001f6d6000 Uncommon trap: reason=unstable_if action=reinterpret pc=0x00000000037d1604 method=org.eclipse.core.internal.jobs.JobManager.nextJob()Lorg/eclipse/core/runtime/jobs/Job; @ 80
Event: 391.890 Thread 0x00000000024b8000 Uncommon trap: reason=unstable_if action=reinterpret pc=0x0000000002f1e5dc method=sun.reflect.UnsafeStaticObjectFieldAccessorImpl.set(Ljava/lang/Object;Ljava/lang/Object;)V @ 13

Internal exceptions (10 events):
Event: 390.651 Thread 0x000000001f6d8000 Exception <a 'java/lang/InterruptedException'> (0x00000000fa2ffe70) thrown at [C:\re\workspace\8-2-build-windows-amd64-cygwin\jdk8u45\3627\hotspot\src\share\vm\runtime\objectMonitor.cpp, line 1683]
Event: 391.288 Thread 0x00000000024b8000 Implicit null exception at 0x0000000002f6fba3 to 0x0000000002f7109d
Event: 391.309 Thread 0x00000000024b8000 Exception <a 'java/lang/NullPointerException'> (0x00000000fa4f1b18) thrown at [C:\re\workspace\8-2-build-windows-amd64-cygwin\jdk8u45\3627\hotspot\src\share\vm\prims\jvm.cpp, line 1386]
Event: 391.314 Thread 0x0000000016cfb800 Implicit null exception at 0x00000000038fb902 to 0x00000000038fba99
Event: 391.459 Thread 0x0000000016d11800 Exception <a 'java/lang/InterruptedException': sleep interrupted> (0x00000000fa6c8860) thrown at [C:\re\workspace\8-2-build-windows-amd64-cygwin\jdk8u45\3627\hotspot\src\share\vm\prims\jvm.cpp, line 3211]
Event: 391.461 Thread 0x00000000186ea800 Exception <a 'java/lang/InterruptedException'> (0x00000000fa7a1558) thrown at [C:\re\workspace\8-2-build-windows-amd64-cygwin\jdk8u45\3627\hotspot\src\share\vm\runtime\objectMonitor.cpp, line 1683]
Event: 391.461 Thread 0x0000000017a52000 Exception <a 'java/lang/InterruptedException'> (0x00000000fa7bd760) thrown at [C:\re\workspace\8-2-build-windows-amd64-cygwin\jdk8u45\3627\hotspot\src\share\vm\runtime\objectMonitor.cpp, line 1683]
Event: 391.890 Thread 0x0000000016cfb800 Exception <a 'java/lang/InterruptedException'> (0x00000000fa6c8700) thrown at [C:\re\workspace\8-2-build-windows-amd64-cygwin\jdk8u45\3627\hotspot\src\share\vm\runtime\objectMonitor.cpp, line 1683]
Event: 391.890 Thread 0x00000000024b8000 Implicit null exception at 0x0000000002f1e1d7 to 0x0000000002f1e5c9
Event: 391.891 Thread 0x000000001a3d4800 Exception <a 'java/io/IOException'> (0x00000000fa942238) thrown at [C:\re\workspace\8-2-build-windows-amd64-cygwin\jdk8u45\3627\hotspot\src\share\vm\prims\jni.cpp, line 709]

Events (10 events):
Event: 391.891 Executing VM operation: RevokeBias
Event: 391.891 Executing VM operation: RevokeBias done
Event: 391.891 Executing VM operation: RevokeBias
Event: 391.891 Executing VM operation: RevokeBias done
Event: 391.891 Executing VM operation: RevokeBias
Event: 391.891 Executing VM operation: RevokeBias done
Event: 391.891 Executing VM operation: RevokeBias
Event: 391.891 Executing VM operation: RevokeBias done
Event: 391.892 Thread 0x000000001a3d4800 Thread exited: 0x000000001a3d4800
Event: 391.892 Executing VM operation: Exit


Dynamic libraries:
0x0000000000400000 - 0x000000000044f000 	E:\Xilinx\SDK\2015.4\eclipse\win64.o\eclipse.exe
0x0000000076d30000 - 0x0000000076eda000 	C:\Windows\SYSTEM32\ntdll.dll
0x0000000076c10000 - 0x0000000076d2f000 	C:\Windows\system32\kernel32.dll
0x000007fefcb00000 - 0x000007fefcb6a000 	C:\Windows\system32\KERNELBASE.dll
0x0000000076b10000 - 0x0000000076c0a000 	C:\Windows\system32\USER32.dll
0x000007fefceb0000 - 0x000007fefcf17000 	C:\Windows\system32\GDI32.dll
0x000007fefcea0000 - 0x000007fefceae000 	C:\Windows\system32\LPK.dll
0x000007fefef70000 - 0x000007feff03a000 	C:\Windows\system32\USP10.dll
0x000007fefd8e0000 - 0x000007fefd97f000 	C:\Windows\system32\msvcrt.dll
0x000007fefc2b0000 - 0x000007fefc4a4000 	C:\Windows\WinSxS\amd64_microsoft.windows.common-controls_6595b64144ccf1df_6.0.7601.18837_none_fa3b1e3d17594757\COMCTL32.dll
0x000007fefeae0000 - 0x000007fefeb51000 	C:\Windows\system32\SHLWAPI.dll
0x000007fefd1c0000 - 0x000007fefd1ee000 	C:\Windows\system32\IMM32.DLL
0x000007fefd5c0000 - 0x000007fefd6c9000 	C:\Windows\system32\MSCTF.dll
0x0000000072000000 - 0x0000000072012000 	E:\Xilinx\SDK\2015.4\eclipse\win64.o\plugins\org.eclipse.equinox.launcher.win32.win32.x86_64_1.1.200.v20140116-2212\eclipse_1503.dll
0x000007fefee90000 - 0x000007fefef6b000 	C:\Windows\system32\ADVAPI32.dll
0x000007fefd320000 - 0x000007fefd33f000 	C:\Windows\SYSTEM32\sechost.dll
0x000007fefd1f0000 - 0x000007fefd31d000 	C:\Windows\system32\RPCRT4.dll
0x000007fefb590000 - 0x000007fefb59c000 	C:\Windows\system32\VERSION.dll
0x000007fef9280000 - 0x000007fef92d6000 	C:\Windows\system32\uxtheme.dll
0x000000006e570000 - 0x000000006edf3000 	E:\Xilinx\SDK\2015.4\tps\win64\jre\bin\server\jvm.dll
0x000007fef5c40000 - 0x000007fef5c49000 	C:\Windows\system32\WSOCK32.dll
0x000007fefd150000 - 0x000007fefd19d000 	C:\Windows\system32\WS2_32.dll
0x000007fefdd40000 - 0x000007fefdd48000 	C:\Windows\system32\NSI.dll
0x000007fef8420000 - 0x000007fef845b000 	C:\Windows\system32\WINMM.dll
0x0000000076f00000 - 0x0000000076f07000 	C:\Windows\system32\PSAPI.DLL
0x0000000072240000 - 0x0000000072312000 	C:\Windows\system32\MSVCR100.dll
0x0000000073f00000 - 0x0000000073f0f000 	E:\Xilinx\SDK\2015.4\tps\win64\jre\bin\verify.dll
0x000000006f9a0000 - 0x000000006f9c9000 	E:\Xilinx\SDK\2015.4\tps\win64\jre\bin\java.dll
0x0000000073ee0000 - 0x0000000073ef6000 	E:\Xilinx\SDK\2015.4\tps\win64\jre\bin\zip.dll
0x000007fefdd50000 - 0x000007fefeadc000 	C:\Windows\system32\SHELL32.dll
0x000007fefd6d0000 - 0x000007fefd8d3000 	C:\Windows\system32\ole32.dll
0x000007fefcaf0000 - 0x000007fefcaff000 	C:\Windows\system32\profapi.dll
0x000007fefc290000 - 0x000007fefc2a8000 	C:\Windows\system32\CRYPTSP.dll
0x000007fefbd40000 - 0x000007fefbd87000 	C:\Windows\system32\rsaenh.dll
0x000007fefcc10000 - 0x000007fefcc2e000 	C:\Windows\system32\USERENV.dll
0x000007fefc980000 - 0x000007fefc98f000 	C:\Windows\system32\CRYPTBASE.dll
0x0000000071910000 - 0x000000007192a000 	E:\Xilinx\SDK\2015.4\tps\win64\jre\bin\net.dll
0x000007fefbfe0000 - 0x000007fefc035000 	C:\Windows\system32\mswsock.dll
0x000007fefbfd0000 - 0x000007fefbfd7000 	C:\Windows\System32\wship6.dll
0x000007fef9c50000 - 0x000007fef9c77000 	C:\Windows\system32\IPHLPAPI.DLL
0x000007fef9c40000 - 0x000007fef9c4b000 	C:\Windows\system32\WINNSI.DLL
0x000007fef7e50000 - 0x000007fef7e61000 	C:\Windows\system32\dhcpcsvc6.DLL
0x000007fef7e30000 - 0x000007fef7e48000 	C:\Windows\system32\dhcpcsvc.DLL
0x000000006fd20000 - 0x000000006fd31000 	E:\Xilinx\SDK\2015.4\tps\win64\jre\bin\nio.dll
0x000007fef8390000 - 0x000007fef83a5000 	C:\Windows\system32\NLAapi.dll
0x000007fef5bf0000 - 0x000007fef5c05000 	C:\Windows\system32\napinsp.dll
0x000007fef5bd0000 - 0x000007fef5be9000 	C:\Windows\system32\pnrpnsp.dll
0x000007fefbe60000 - 0x000007fefbebb000 	C:\Windows\system32\DNSAPI.dll
0x000007fef58d0000 - 0x000007fef58db000 	C:\Windows\System32\winrnr.dll
0x000007fef9700000 - 0x000007fef9707000 	C:\Windows\System32\wshtcpip.dll
0x000007fef5c70000 - 0x000007fef5c78000 	C:\Windows\system32\rasadhlp.dll
0x000007fef7d90000 - 0x000007fef7de3000 	C:\Windows\System32\fwpuclnt.dll
0x000007fefdbe0000 - 0x000007fefdcb8000 	C:\Windows\system32\OLEAUT32.DLL
0x0000000017330000 - 0x00000000173d8000 	C:\Users\user\.Xilinx\SDK\2015.4\org.eclipse.osgi\bundles\303\1\.cp\swt-win32-4335.dll
0x000007fefd340000 - 0x000007fefd3d7000 	C:\Windows\system32\comdlg32.dll
0x000007fef5060000 - 0x000007fef50d1000 	C:\Windows\system32\WINSPOOL.DRV
0x000007fefd980000 - 0x000007fefdbda000 	C:\Windows\system32\WININET.dll
0x000007fefcc30000 - 0x000007fefcc34000 	C:\Windows\system32\api-ms-win-downlevel-user32-l1-1-0.dll
0x000007fefccd0000 - 0x000007fefccd4000 	C:\Windows\system32\api-ms-win-downlevel-shlwapi-l1-1-0.dll
0x000007fefcc60000 - 0x000007fefcc64000 	C:\Windows\system32\api-ms-win-downlevel-version-l1-1-0.dll
0x000007fefce90000 - 0x000007fefce93000 	C:\Windows\system32\api-ms-win-downlevel-normaliz-l1-1-0.dll
0x0000000076ef0000 - 0x0000000076ef3000 	C:\Windows\system32\normaliz.DLL
0x000007fefeb60000 - 0x000007fefee27000 	C:\Windows\system32\iertutil.dll
0x000007fefccc0000 - 0x000007fefccc5000 	C:\Windows\system32\api-ms-win-downlevel-advapi32-l1-1-0.dll
0x000007fefcd20000 - 0x000007fefce8d000 	C:\Windows\system32\CRYPT32.dll
0x000007fefcae0000 - 0x000007fefcaef000 	C:\Windows\system32\MSASN1.dll
0x000007fef8e50000 - 0x000007fef8e68000 	C:\Windows\system32\dwmapi.dll
0x000007fef92e0000 - 0x000007fef940c000 	C:\Windows\system32\propsys.dll
0x000007fefd0b0000 - 0x000007fefd149000 	C:\Windows\system32\CLBCatQ.DLL
0x00000000023a0000 - 0x00000000023be000 	C:\Users\user\.Xilinx\SDK\2015.4\org.eclipse.osgi\bundles\303\1\.cp\swt-gdip-win32-4335.dll
0x000007fef9060000 - 0x000007fef9276000 	C:\Windows\WinSxS\amd64_microsoft.windows.gdiplus_6595b64144ccf1df_1.1.7601.23407_none_14556c1e8b95d0b8\gdiplus.dll
0x000007fef8b00000 - 0x000007fef8c61000 	C:\Windows\system32\WindowsCodecs.dll
0x0000000180000000 - 0x0000000180012000 	C:\Users\user\.Xilinx\SDK\2015.4\org.eclipse.osgi\bundles\121\1\.cp\os\win32\x86_64\localfile_1_0_0.dll
0x000007fef0440000 - 0x000007fef0451000 	C:\Users\user\.Xilinx\SDK\2015.4\org.eclipse.osgi\bundles\124\1\.cp\jWinHttp-1.0.0.dll
0x000007fef6d90000 - 0x000007fef6e01000 	C:\Windows\system32\WINHTTP.dll
0x000007fef6d20000 - 0x000007fef6d85000 	C:\Windows\system32\webio.dll
0x000007fefc8f0000 - 0x000007fefc915000 	C:\Windows\system32\SspiCli.dll
0x000007fefbc10000 - 0x000007fefbc1a000 	C:\Windows\system32\credssp.dll
0x000007fefcce0000 - 0x000007fefcd16000 	C:\Windows\system32\CFGMGR32.dll
0x000007fef86b0000 - 0x000007fef8704000 	C:\Windows\system32\oleacc.dll
0x000007fee8200000 - 0x000007fee823b000 	C:\Windows\system32\mlang.dll
0x000007fefca30000 - 0x000007fefca44000 	C:\Windows\system32\RpcRtRemote.dll
0x000007fefc920000 - 0x000007fefc977000 	C:\Windows\system32\apphelp.dll
0x000007fef9ce0000 - 0x000007fefaaa3000 	C:\Windows\System32\ieframe.dll
0x000007fef9cd0000 - 0x000007fef9cd4000 	C:\Windows\System32\api-ms-win-downlevel-shell32-l1-1-0.dll
0x000007fef4b30000 - 0x000007fef4b34000 	C:\Windows\system32\api-ms-win-downlevel-shlwapi-l2-1-0.dll
0x000007fefcf20000 - 0x000007fefd0a5000 	C:\Windows\system32\urlmon.dll
0x000007fefcc70000 - 0x000007fefcc74000 	C:\Windows\system32\api-ms-win-downlevel-ole32-l1-1-0.dll
0x000007fefc990000 - 0x000007fefca21000 	C:\Windows\system32\SXS.DLL
0x000007feb9720000 - 0x000007febaeed000 	C:\Windows\System32\mshtml.dll
0x000007fef4c00000 - 0x000007fef4c04000 	C:\Windows\system32\api-ms-win-downlevel-advapi32-l2-1-0.dll
0x000007fefc8c0000 - 0x000007fefc8cb000 	C:\Windows\system32\Secur32.dll
0x000007fef0430000 - 0x000007fef043e000 	C:\Windows\system32\msimtf.dll
0x000007fedf850000 - 0x000007fedf90a000 	C:\Windows\system32\uiautomationcore.dll
0x000007febc180000 - 0x000007febc544000 	C:\Windows\system32\d2d1.dll
0x000007fee38c0000 - 0x000007fee3a56000 	C:\Windows\system32\DWrite.dll
0x000007fef4980000 - 0x000007fef49dd000 	C:\Windows\system32\dxgi.dll
0x000007fefcc80000 - 0x000007fefccbb000 	C:\Windows\system32\WINTRUST.dll
0x000007fef8e10000 - 0x000007fef8e45000 	C:\Windows\system32\XmlLite.dll
0x000007fef0890000 - 0x000007fef0a65000 	C:\Windows\system32\d3d11.dll
0x000007febb930000 - 0x000007febbef8000 	C:\Windows\System32\jscript9.dll
0x000007febc570000 - 0x000007febc63b000 	C:\Windows\System32\jscript.dll
0x000007fef15c0000 - 0x000007fef1602000 	C:\Windows\system32\msls31.dll
0x000007fedf7f0000 - 0x000007fedf842000 	C:\Windows\System32\Dxtrans.dll
0x000007fef8310000 - 0x000007fef8329000 	C:\Windows\System32\ATL.DLL
0x000007fef0420000 - 0x000007fef042e000 	C:\Windows\system32\ddrawex.dll
0x000007febb830000 - 0x000007febb921000 	C:\Windows\system32\DDRAW.dll
0x000007fef0410000 - 0x000007fef0418000 	C:\Windows\system32\DCIMAN32.dll
0x000007fefd3e0000 - 0x000007fefd5b7000 	C:\Windows\system32\SETUPAPI.dll
0x000007fefcc40000 - 0x000007fefcc5a000 	C:\Windows\system32\DEVOBJ.dll
0x000007febc690000 - 0x000007febc70b000 	C:\Windows\System32\Dxtmsft.dll
0x000007fef0400000 - 0x000007fef0410000 	C:\Windows\system32\IMGUTIL.DLL
0x000007fedf7d0000 - 0x000007fedf7e4000 	C:\Windows\System32\pngfilt.dll
0x000007fef03f0000 - 0x000007fef03ff000 	E:\Xilinx\SDK\2015.4\lib\win64.o\librdi_repo_manager.dll
0x000007febc660000 - 0x000007febc68a000 	E:\Xilinx\SDK\2015.4\lib\win64.o\libisl_sysinfo.dll
0x000007fee7900000 - 0x000007fee79d4000 	C:\Windows\system32\MSVCR110.dll
0x000007fee9b50000 - 0x000007fee9bf7000 	C:\Windows\system32\MSVCP110.dll
0x000007feb8d90000 - 0x000007feb971d000 	E:\Xilinx\SDK\2015.4\lib\win64.o\librdi_common.dll
0x000007febb4c0000 - 0x000007febb82e000 	E:\Xilinx\SDK\2015.4\lib\win64.o\libCOIN-all.dll
0x000007febb2a0000 - 0x000007febb4be000 	E:\Xilinx\SDK\2015.4\lib\win64.o\libXil_lmgr11.dll
0x000007fefb280000 - 0x000007fefb296000 	C:\Windows\system32\NETAPI32.dll
0x000007fefbb60000 - 0x000007fefbb6c000 	C:\Windows\system32\netutils.dll
0x000007fefc820000 - 0x000007fefc843000 	C:\Windows\system32\srvcli.dll
0x000007fefbbf0000 - 0x000007fefbc05000 	C:\Windows\system32\wkscli.dll
0x000007fee9d90000 - 0x000007fee9da0000 	E:\Xilinx\SDK\2015.4\lib\win64.o\libboost_date_time.dll
0x000007febb270000 - 0x000007febb292000 	E:\Xilinx\SDK\2015.4\lib\win64.o\libboost_filesystem.dll
0x000007fee86d0000 - 0x000007fee86d9000 	E:\Xilinx\SDK\2015.4\lib\win64.o\libboost_system.dll
0x000007febb1f0000 - 0x000007febb264000 	E:\Xilinx\SDK\2015.4\lib\win64.o\libboost_program_options.dll

VM Arguments:
jvm_args: -Dcom.xilinx.sdk.args.hwspec=D:/Xilinx_Project/FMC_IMAGEON/Projects/fmc_imageon_gs/ZC702/fmc_imageon_gs.sdk/fmc_imageon_gs_wrapper.hdf -Xms64m -Xmx512m & 
java_command: <unknown>
java_class_path (initial): E:\Xilinx\SDK\2015.4\eclipse\win64.o\\plugins/org.eclipse.equinox.launcher_1.3.0.v20130327-1440.jar
Launcher Type: generic

Environment Variables:
PATH=E:/Xilinx/SDK/2015.4/tps/win64/jre/bin/server;E:/Xilinx/SDK/2015.4/tps/win64/jre/bin;E:/Xilinx/SDK/2015.4/tps/win64/jre/lib/amd64;E:\Xilinx\SDK\2015.4\gnuwin\bin;E:\Xilinx\SDK\2015.4\gnu\microblaze\nt\bin;E:\Xilinx\SDK\2015.4\gnu\microblaze\linux_toolchain\nt64_le\bin;E:\Xilinx\SDK\2015.4\gnu\microblaze\linux_toolchain\nt64_be\bin;E:\Xilinx\SDK\2015.4\gnu\arm\nt\bin;E:\Xilinx\SDK\2015.4\gnu\aarch64\nt\aarch64-none\bin;E:\Xilinx\SDK\2015.4\gnu\aarch64\nt\aarch64-linux\bin;E:\Xilinx\SDK\2015.4\gnu\armr5\nt\gcc-arm-none-eabi\bin;E:\Xilinx\SDK\2015.4\gnu\aarch32\nt\gcc-arm-none-eabi\bin;E:\Xilinx\SDK\2015.4\gnu\aarch32\nt\gcc-arm-linux-gnueabi\bin;E:\Xilinx\SDK\2015.4\bin;E:\Xilinx\SDK\2015.4\lib\win64.o;E:\Xilinx\SDK\2015.4\tps\win64\jre\bin\server;E:\Xilinx\SDK\2015.4\tps\win64\jre\bin;E:\Xilinx\Vivado\2015.4\ids_lite\ISE\bin\nt64;E:\Xilinx\Vivado\2015.4\ids_lite\ISE\lib\nt64;E:\Xilinx\Vivado\2015.4\bin;E:\Xilinx\Vivado\2015.4\lib\win64.o;E:\Xilinx\Vivado\2015.4\tps\win64\jre\bin\server;E:\Xilinx\Vivado\2015.4\tps\win64\jre\bin;E:\Xilinx\Vivado_HLS\2015.4\bin;C:\SynaptiCAD\bin\win32;C:\ProgramData\Oracle\Java\javapath;C:\MinGW\bin;C:\Windows\system32;C:\Windows;C:\Windows\System32\Wbem;C:\Windows\System32\WindowsPowerShell\v1.0\;C:\Program Files\Intel\DMIX;C:\SynaptiCAD\bin;C:\altera\15.0\modelsim_ase\win32aloem;E:\altera\13.0sp1\modelsim_ase\win32aloem;D:\Xilinx_Project\FMC_IMAGEON\Projects\fmc_imageon_gs\ZC702;
USERNAME=user
OS=Windows_NT
PROCESSOR_IDENTIFIER=Intel64 Family 6 Model 42 Stepping 7, GenuineIntel



---------------  S Y S T E M  ---------------

OS: Windows 7 , 64 bit Build 7601 (6.1.7601.23418)

CPU:total 8 (4 cores per cpu, 2 threads per core) family 6 model 42 stepping 7, cmov, cx8, fxsr, mmx, sse, sse2, sse3, ssse3, sse4.1, sse4.2, popcnt, avx, aes, clmul, ht, tsc, tscinvbit

Memory: 4k page, physical 8273092k(2330400k free), swap 16544324k(7151768k free)

vm_info: Java HotSpot(TM) 64-Bit Server VM (25.45-b02) for windows-amd64 JRE (1.8.0_45-b15), built on Apr 30 2015 12:40:44 by "java_re" with MS VC++ 10.0 (VS2010)

time: Thu Nov 10 14:47:52 2016
elapsed time: 392 seconds (0d 0h 6m 32s)

