15:13:48 **** Build of project vita_passthrough_bsp ****
make -k all 
libgen -hw ../hw_platform_0/system.xml\
	       -lp C:/FMC_IMAGEON/2013_3/avnet_fmc_imageon_cores\
	       -pe ps7_cortexa9_0 \
	       -log libgen.log \
	       system.mss
libgen
Xilinx EDK 2013.3 Build EDK_P.20131013
Copyright (c) 1995-2012 Xilinx, Inc.  All rights reserved.

Command Line: libgen -hw ../hw_platform_0/system.xml -lp
C:/FMC_IMAGEON/2013_3/avnet_fmc_imageon_cores -pe ps7_cortexa9_0 -log libgen.log
system.mss 


Staging source files.
Running DRCs.
Running generate.
Running post_generate.
Running include - 'make -s include "COMPILER=arm-xilinx-eabi-gcc"
"ARCHIVER=arm-xilinx-eabi-ar" "COMPILER_FLAGS= -O2 -c"
"EXTRA_COMPILER_FLAGS=-g"'.

Running libs - 'make -s libs "COMPILER=arm-xilinx-eabi-gcc"
"ARCHIVER=arm-xilinx-eabi-ar" "COMPILER_FLAGS= -O2 -c"
"EXTRA_COMPILER_FLAGS=-g"'.
"Compiling common"
arm-xilinx-eabi-ar: creating ../../../lib/libxil.a
"Compiling standalone"
"Compiling fmc_imageon_sw"
"Compiling fmc_iic_sw"
"Compiling video timing controller"
"Compiling iic"
"Compiling fmc_imageon_vita_receiver"
fmc_imageon_vita_receiver.c: In function 'fmc_imageon_vita_receiver_set_analog_gain':
fmc_imageon_vita_receiver.c:1431:12: warning: assignment from incompatible pointer type [enabled by default]
fmc_imageon_vita_receiver.c:1437:7: warning: passing argument 2 of 'fmc_imageon_vita_receiver_spi_display_sequence' from incompatible pointer type [enabled by default]
fmc_imageon_vita_receiver.c:731:5: note: expected 'Xuint16 (*)[3]' but argument is of type 'Xuint16 **'
fmc_imageon_vita_receiver.c:1439:4: warning: passing argument 2 of 'fmc_imageon_vita_receiver_spi_write_sequence' from incompatible pointer type [enabled by default]
fmc_imageon_vita_receiver.c:684:5: note: expected 'Xuint16 (*)[3]' but argument is of type 'Xuint16 **'
fmc_imageon_vita_receiver.c: In function 'fmc_imageon_vita_receiver_set_digital_gain':
fmc_imageon_vita_receiver.c:1468:12: warning: assignment from incompatible pointer type [enabled by default]
fmc_imageon_vita_receiver.c:1474:4: warning: passing argument 2 of 'fmc_imageon_vita_receiver_spi_display_sequence' from incompatible pointer type [enabled by default]
fmc_imageon_vita_receiver.c:731:5: note: expected 'Xuint16 (*)[3]' but argument is of type 'Xuint16 **'
fmc_imageon_vita_receiver.c:1476:4: warning: passing argument 2 of 'fmc_imageon_vita_receiver_spi_write_sequence' from incompatible pointer type [enabled by default]
fmc_imageon_vita_receiver.c:684:5: note: expected 'Xuint16 (*)[3]' but argument is of type 'Xuint16 **'
"Compiling cfa"
"Compiling dpc"
"Compiling canps"
"Compiling devcfg"
"Compiling dmaps"
"Compiling emacps"
"Compiling gpiops"
"Compiling iicps"
"Compiling qspips"
"Compiling scugic"
"Compiling scutimer"
"Compiling scuwdt"
"Compiling ttcps"
"Compiling uartps"
"Compiling usbps"
"Compiling xadcps"
"Compiling cpu_cortexa9"
Running execs_generate.
'Finished building libraries'

15:14:48 Build Finished (took 1m:278ms)

