#-----------------------------------------------------------
# Webtalk v2015.4 (64-bit)
# SW Build 1412921 on Wed Nov 18 09:43:45 MST 2015
# 
# Start of session at: Wed Mar 01 17:24:15 2017
# Process ID: 9200
# Current directory: D:/FMC_DUAL_CAMERA_HDMI/DUAL_CAMERA/DUAL_CAMERA.sdk/webtalk
# Command line: wbtcv.exe -mode batch -source sdk_webtalk.tcl
# Log file: D:/FMC_DUAL_CAMERA_HDMI/DUAL_CAMERA/DUAL_CAMERA.sdk/webtalk/webtalk.log
# Journal file: D:/FMC_DUAL_CAMERA_HDMI/DUAL_CAMERA/DUAL_CAMERA.sdk/webtalk\webtalk.jou
#-----------------------------------------------------------
source sdk_webtalk.tcl
# webtalk_init -webtalk_dir D:\\FMC_DUAL_CAMERA_HDMI\\DUAL_CAMERA\\DUAL_CAMERA.sdk\\webtalk
# webtalk_register_client -client project
# webtalk_add_data -client project -key date_generated -value "星期三 三月 1 17:24:11 2017" -context "software_version_and_target_device"
# webtalk_add_data -client project -key product_version -value "SDK v2015.4" -context "software_version_and_target_device"
# webtalk_add_data -client project -key build_version -value "2015.4" -context "software_version_and_target_device"
# webtalk_add_data -client project -key os_platform -value "amd64" -context "software_version_and_target_device"
# webtalk_add_data -client project -key registration_id -value "" -context "software_version_and_target_device"
# webtalk_add_data -client project -key tool_flow -value "SDK" -context "software_version_and_target_device"
# webtalk_add_data -client project -key beta -value "false" -context "software_version_and_target_device"
# webtalk_add_data -client project -key route_design -value "NA" -context "software_version_and_target_device"
# webtalk_add_data -client project -key target_family -value "NA" -context "software_version_and_target_device"
# webtalk_add_data -client project -key target_device -value "NA" -context "software_version_and_target_device"
# webtalk_add_data -client project -key target_package -value "NA" -context "software_version_and_target_device"
# webtalk_add_data -client project -key target_speed -value "NA" -context "software_version_and_target_device"
# webtalk_add_data -client project -key random_id -value "b46u5kj9g784qr4ku0iqsk61j9" -context "software_version_and_target_device"
# webtalk_add_data -client project -key project_id -value "2015.4_18" -context "software_version_and_target_device"
# webtalk_add_data -client project -key project_iteration -value "18" -context "software_version_and_target_device"
# webtalk_add_data -client project -key os_name -value "" -context "user_environment"
# webtalk_add_data -client project -key os_release -value "" -context "user_environment"
# webtalk_add_data -client project -key cpu_name -value "" -context "user_environment"
# webtalk_add_data -client project -key cpu_speed -value "" -context "user_environment"
# webtalk_add_data -client project -key total_processors -value "" -context "user_environment"
# webtalk_add_data -client project -key system_ram -value "" -context "user_environment"
# webtalk_register_client -client sdk
# webtalk_add_data -client sdk -key uid -value "1488354931224" -context "sdk\\\\bsp/1488354931224"
# webtalk_add_data -client sdk -key hwid -value "1488350222523" -context "sdk\\\\bsp/1488354931224"
# webtalk_add_data -client sdk -key os -value "standalone" -context "sdk\\\\bsp/1488354931224"
# webtalk_add_data -client sdk -key apptemplate -value "null" -context "sdk\\\\bsp/1488354931224"
# webtalk_add_data -client sdk -key uid -value "1488355290975" -context "sdk\\\\bsp/1488355290975"
# webtalk_add_data -client sdk -key hwid -value "1488350222523" -context "sdk\\\\bsp/1488355290975"
# webtalk_add_data -client sdk -key os -value "standalone" -context "sdk\\\\bsp/1488355290975"
# webtalk_add_data -client sdk -key apptemplate -value "hello_world" -context "sdk\\\\bsp/1488355290975"
# webtalk_add_data -client sdk -key uid -value "1488355292773" -context "sdk\\\\application/1488355292773"
# webtalk_add_data -client sdk -key hwid -value "1488350222523" -context "sdk\\\\application/1488355292773"
# webtalk_add_data -client sdk -key bspid -value "1488355290975" -context "sdk\\\\application/1488355292773"
# webtalk_add_data -client sdk -key newbsp -value "true" -context "sdk\\\\application/1488355292773"
# webtalk_add_data -client sdk -key os -value "standalone" -context "sdk\\\\application/1488355292773"
# webtalk_add_data -client sdk -key apptemplate -value "hello_world" -context "sdk\\\\application/1488355292773"
# webtalk_transmit -clientid 3488713876 -regid "" -xml D:\\FMC_DUAL_CAMERA_HDMI\\DUAL_CAMERA\\DUAL_CAMERA.sdk\\webtalk\\usage_statistics_ext_sdk.xml -html D:\\FMC_DUAL_CAMERA_HDMI\\DUAL_CAMERA\\DUAL_CAMERA.sdk\\webtalk\\usage_statistics_ext_sdk.html -wdm D:\\FMC_DUAL_CAMERA_HDMI\\DUAL_CAMERA\\DUAL_CAMERA.sdk\\webtalk\\sdk_webtalk.wdm -intro "<H3>SDK Usage Report</H3><BR>"

    while executing
"webtalk_transmit -clientid 3488713876 -regid "" -xml D:\\FMC_DUAL_CAMERA_HDMI\\DUAL_CAMERA\\DUAL_CAMERA.sdk\\webtalk\\usage_statistics_ext_sdk.xml -ht..."
    (file "sdk_webtalk.tcl" line 39)
INFO: [Common 17-206] Exiting Webtalk at Wed Mar 01 17:24:20 2017...
