#-----------------------------------------------------------
# Webtalk v2015.4 (64-bit)
# SW Build 1412921 on Wed Nov 18 09:43:45 MST 2015
# 
# Start of session at: Wed Mar 01 14:59:14 2017
# Process ID: 8632
# Current directory: D:/FMC_DUAL_CAMERA_HDMI/DUAL_CAMERA/DUAL_CAMERA.sdk/webtalk
# Command line: wbtcv.exe -mode batch -source sdk_webtalk.tcl
# Log file: D:/FMC_DUAL_CAMERA_HDMI/DUAL_CAMERA/DUAL_CAMERA.sdk/webtalk/webtalk.log
# Journal file: D:/FMC_DUAL_CAMERA_HDMI/DUAL_CAMERA/DUAL_CAMERA.sdk/webtalk\webtalk.jou
#-----------------------------------------------------------
source sdk_webtalk.tcl
# webtalk_init -webtalk_dir D:\\FMC_DUAL_CAMERA_HDMI\\DUAL_CAMERA\\DUAL_CAMERA.sdk\\webtalk
# webtalk_register_client -client project
# webtalk_add_data -client project -key date_generated -value "星期三 三月 1 14:59:12 2017" -context "software_version_and_target_device"
# webtalk_add_data -client project -key product_version -value "SDK v2015.4" -context "software_version_and_target_device"
# webtalk_add_data -client project -key build_version -value "2015.4" -context "software_version_and_target_device"
# webtalk_add_data -client project -key os_platform -value "amd64" -context "software_version_and_target_device"
# webtalk_add_data -client project -key registration_id -value "" -context "software_version_and_target_device"
# webtalk_add_data -client project -key tool_flow -value "SDK" -context "software_version_and_target_device"
# webtalk_add_data -client project -key beta -value "false" -context "software_version_and_target_device"
# webtalk_add_data -client project -key route_design -value "NA" -context "software_version_and_target_device"
# webtalk_add_data -client project -key target_family -value "NA" -context "software_version_and_target_device"
# webtalk_add_data -client project -key target_device -value "NA" -context "software_version_and_target_device"
# webtalk_add_data -client project -key target_package -value "NA" -context "software_version_and_target_device"
# webtalk_add_data -client project -key target_speed -value "NA" -context "software_version_and_target_device"
# webtalk_add_data -client project -key random_id -value "1uj9kv5t54qrbik6h38bmfescm" -context "software_version_and_target_device"
# webtalk_add_data -client project -key project_id -value "2015.4_16" -context "software_version_and_target_device"
# webtalk_add_data -client project -key project_iteration -value "16" -context "software_version_and_target_device"
# webtalk_add_data -client project -key os_name -value "" -context "user_environment"
# webtalk_add_data -client project -key os_release -value "" -context "user_environment"
# webtalk_add_data -client project -key cpu_name -value "" -context "user_environment"
# webtalk_add_data -client project -key cpu_speed -value "" -context "user_environment"
# webtalk_add_data -client project -key total_processors -value "" -context "user_environment"
# webtalk_add_data -client project -key system_ram -value "" -context "user_environment"
# webtalk_register_client -client sdk
# webtalk_add_data -client sdk -key uid -value "1488350222523" -context "sdk\\\\hardware/1488350222523"
# webtalk_add_data -client sdk -key isZynq -value "true" -context "sdk\\\\hardware/1488350222523"
# webtalk_add_data -client sdk -key Processors -value "2" -context "sdk\\\\hardware/1488350222523"
# webtalk_add_data -client sdk -key VivadoVersion -value "2015.4" -context "sdk\\\\hardware/1488350222523"
# webtalk_add_data -client sdk -key Arch -value "zynq" -context "sdk\\\\hardware/1488350222523"
# webtalk_add_data -client sdk -key Device -value "7z020" -context "sdk\\\\hardware/1488350222523"
# webtalk_add_data -client sdk -key IsHandoff -value "true" -context "sdk\\\\hardware/1488350222523"
# webtalk_transmit -clientid 130927961 -regid "" -xml D:\\FMC_DUAL_CAMERA_HDMI\\DUAL_CAMERA\\DUAL_CAMERA.sdk\\webtalk\\usage_statistics_ext_sdk.xml -html D:\\FMC_DUAL_CAMERA_HDMI\\DUAL_CAMERA\\DUAL_CAMERA.sdk\\webtalk\\usage_statistics_ext_sdk.html -wdm D:\\FMC_DUAL_CAMERA_HDMI\\DUAL_CAMERA\\DUAL_CAMERA.sdk\\webtalk\\sdk_webtalk.wdm -intro "<H3>SDK Usage Report</H3><BR>"

    while executing
"webtalk_transmit -clientid 130927961 -regid "" -xml D:\\FMC_DUAL_CAMERA_HDMI\\DUAL_CAMERA\\DUAL_CAMERA.sdk\\webtalk\\usage_statistics_ext_sdk.xml -htm..."
    (file "sdk_webtalk.tcl" line 32)
INFO: [Common 17-206] Exiting Webtalk at Wed Mar 01 14:59:22 2017...
