23:13:12 INFO  : Adding 'D:/Xilinx_Project/FMC_IMAGEON/Projects/fmc_imageon_gs/software/sw_repository' as a new local repository.
14:41:44 INFO  : Launching XSDB server: xsdb.bat E:/Xilinx/SDK/2015.4/scripts/xsdb/xsdb/xsdb-server.tcl
14:41:47 INFO  : XSDB server has started successfully.
14:41:50 INFO  : Restoring local repository preferences: 
		 D:/Xilinx_Project/FMC_IMAGEON/Projects/fmc_imageon_gs/software/sw_repository
14:41:50 INFO  : Processing command line option -hwspec D:/Xilinx_Project/FMC_IMAGEON/Projects/fmc_imageon_gs/ZC702/fmc_imageon_gs.sdk/fmc_imageon_gs_wrapper.hdf.
14:43:29 INFO  : Connected to target on host '127.0.0.1' and port '3121'.
14:43:30 INFO  : 'targets -set -filter {jtag_cable_name =~ "Digilent JTAG-SMT1 210203A02F82A" && level==0} -index 1' command is executed.
14:43:33 INFO  : FPGA configured successfully with bitstream "D:/Xilinx_Project/FMC_IMAGEON/Projects/fmc_imageon_gs/ZC702/fmc_imageon_gs.sdk/fmc_imageon_gs_hw/fmc_imageon_gs_wrapper.bit"
14:45:12 INFO  : Processor reset is completed for ps7_cortexa9_0
14:45:12 ERROR : Unexpected error while launching program.
java.lang.RuntimeException: Failed to download ELF file


    Cannot access DDR: the controller is held in reset

	at com.xilinx.sdk.targetmanager.internal.TM.downloadELF(TM.java:686)
	at com.xilinx.sdk.debug.core.internal.AppRunner.run(AppRunner.java:129)
	at com.xilinx.sdk.debug.core.XilinxAppLaunchConfigurationDelegate.runApplication(XilinxAppLaunchConfigurationDelegate.java:637)
	at com.xilinx.sdk.debug.core.XilinxAppLaunchConfigurationDelegate.launch(XilinxAppLaunchConfigurationDelegate.java:309)
	at com.xilinx.sdk.debug.ui.XilinxAppLaunchDelegateWrapper.launch(XilinxAppLaunchDelegateWrapper.java:31)
	at org.eclipse.debug.internal.core.LaunchConfiguration.launch(LaunchConfiguration.java:858)
	at org.eclipse.debug.internal.core.LaunchConfiguration.launch(LaunchConfiguration.java:707)
	at org.eclipse.debug.internal.ui.DebugUIPlugin.buildAndLaunch(DebugUIPlugin.java:1018)
	at org.eclipse.debug.internal.ui.DebugUIPlugin$8.run(DebugUIPlugin.java:1222)
	at org.eclipse.core.internal.jobs.Worker.run(Worker.java:53)
14:47:13 INFO  : Connected to target on host '127.0.0.1' and port '3121'.
14:47:14 INFO  : 'targets -set -filter {jtag_cable_name =~ "Digilent JTAG-SMT1 210203A02F82A" && level==0} -index 1' command is executed.
14:47:16 INFO  : FPGA configured successfully with bitstream "D:/Xilinx_Project/FMC_IMAGEON/Projects/fmc_imageon_gs/ZC702/fmc_imageon_gs.sdk/fmc_imageon_gs_hw/fmc_imageon_gs_wrapper.bit"
14:47:50 ERROR : Unexpected error while parsing XMD response ?: com.google.gson.JsonSyntaxException: com.google.gson.stream.MalformedJsonException: invalid number or unquoted string near 
14:48:04 INFO  : Launching XSDB server: xsdb.bat E:/Xilinx/SDK/2015.4/scripts/xsdb/xsdb/xsdb-server.tcl
14:48:05 INFO  : XSDB server has started successfully.
14:48:05 INFO  : Restoring local repository preferences: 
		 D:/Xilinx_Project/FMC_IMAGEON/Projects/fmc_imageon_gs/software/sw_repository
14:48:05 INFO  : Processing command line option -hwspec D:/Xilinx_Project/FMC_IMAGEON/Projects/fmc_imageon_gs/ZC702/fmc_imageon_gs.sdk/fmc_imageon_gs_wrapper.hdf.
14:48:06 INFO  : Checking for hwspec changes in the project fmc_imageon_gs_wrapper_hw_platform_0.
14:48:34 ERROR : Checking FPGA configuration failed..Connection to Board Failed


    Failed to open Cable Node jsn-JTAG-SMT1-210203A02F82A on TCP:127.0.0.1:3121


14:48:34 ERROR : Unexpected error while launching program.
com.xilinx.sdk.targetmanager.TMException: Connection to Board Failed


    Failed to open Cable Node jsn-JTAG-SMT1-210203A02F82A on TCP:127.0.0.1:3121


	at com.xilinx.sdk.targetmanager.internal.TM.isFPGAConfigured(TM.java:374)
	at com.xilinx.sdk.debug.core.XilinxAppLaunchConfigurationDelegate.isFpgaConfigured(XilinxAppLaunchConfigurationDelegate.java:409)
	at com.xilinx.sdk.debug.core.XilinxAppLaunchConfigurationDelegate.launch(XilinxAppLaunchConfigurationDelegate.java:303)
	at com.xilinx.sdk.debug.ui.XilinxAppLaunchDelegateWrapper.launch(XilinxAppLaunchDelegateWrapper.java:31)
	at org.eclipse.debug.internal.core.LaunchConfiguration.launch(LaunchConfiguration.java:858)
	at org.eclipse.debug.internal.core.LaunchConfiguration.launch(LaunchConfiguration.java:707)
	at org.eclipse.debug.internal.ui.DebugUIPlugin.buildAndLaunch(DebugUIPlugin.java:1018)
	at org.eclipse.debug.internal.ui.DebugUIPlugin$8.run(DebugUIPlugin.java:1222)
	at org.eclipse.core.internal.jobs.Worker.run(Worker.java:53)
14:48:40 INFO  : Connected to target on host '127.0.0.1' and port '3121'.
14:48:44 INFO  : 'targets -set -filter {jtag_cable_name =~ "Digilent JTAG-SMT1 210203A02F82A" && level==0} -index 1' command is executed.
14:48:47 INFO  : FPGA configured successfully with bitstream "D:/Xilinx_Project/FMC_IMAGEON/Projects/fmc_imageon_gs/ZC702/fmc_imageon_gs.sdk/fmc_imageon_gs_hw/fmc_imageon_gs_wrapper.bit"
14:48:54 INFO  : Processor reset is completed for ps7_cortexa9_0
14:48:54 ERROR : Unexpected error while launching program.
java.lang.RuntimeException: Failed to download ELF file


    Cannot access DDR: the controller is held in reset

	at com.xilinx.sdk.targetmanager.internal.TM.downloadELF(TM.java:686)
	at com.xilinx.sdk.debug.core.internal.AppRunner.run(AppRunner.java:129)
	at com.xilinx.sdk.debug.core.XilinxAppLaunchConfigurationDelegate.runApplication(XilinxAppLaunchConfigurationDelegate.java:637)
	at com.xilinx.sdk.debug.core.XilinxAppLaunchConfigurationDelegate.launch(XilinxAppLaunchConfigurationDelegate.java:309)
	at com.xilinx.sdk.debug.ui.XilinxAppLaunchDelegateWrapper.launch(XilinxAppLaunchDelegateWrapper.java:31)
	at org.eclipse.debug.internal.core.LaunchConfiguration.launch(LaunchConfiguration.java:858)
	at org.eclipse.debug.internal.core.LaunchConfiguration.launch(LaunchConfiguration.java:707)
	at org.eclipse.debug.internal.ui.DebugUIPlugin.buildAndLaunch(DebugUIPlugin.java:1018)
	at org.eclipse.debug.internal.ui.DebugUIPlugin$8.run(DebugUIPlugin.java:1222)
	at org.eclipse.core.internal.jobs.Worker.run(Worker.java:53)
14:50:10 ERROR : Unexpected error while parsing XMD response ?: com.google.gson.JsonSyntaxException: com.google.gson.stream.MalformedJsonException: invalid number or unquoted string near 
14:50:37 INFO  : Launching XSDB server: xsdb.bat E:/Xilinx/SDK/2015.4/scripts/xsdb/xsdb/xsdb-server.tcl
14:50:39 INFO  : XSDB server has started successfully.
14:50:40 INFO  : Restoring local repository preferences: 
		 D:/Xilinx_Project/FMC_IMAGEON/Projects/fmc_imageon_gs/software/sw_repository
14:50:40 INFO  : Processing command line option -hwspec D:/Xilinx_Project/FMC_IMAGEON/Projects/fmc_imageon_gs/ZC702/fmc_imageon_gs.sdk/fmc_imageon_gs_wrapper.hdf.
14:50:40 INFO  : Checking for hwspec changes in the project fmc_imageon_gs_wrapper_hw_platform_0.
14:51:45 INFO  : Connected to target on host '127.0.0.1' and port '3121'.
14:51:46 INFO  : 'targets -set -filter {jtag_cable_name =~ "Digilent JTAG-SMT1 210203A02F82A" && level==0} -index 1' command is executed.
14:51:49 INFO  : FPGA configured successfully with bitstream "D:/Xilinx_Project/FMC_IMAGEON/Projects/fmc_imageon_gs/ZC702/fmc_imageon_gs.sdk/fmc_imageon_gs_hw/fmc_imageon_gs_wrapper.bit"
14:53:24 INFO  : ps7_init is completed.
14:53:24 INFO  : ps7_post_config is completed.
14:53:24 INFO  : Processor reset is completed for ps7_cortexa9_0
14:56:09 INFO  : Connected to target on host '127.0.0.1' and port '3121'.
14:56:10 INFO  : 'targets -set -filter {jtag_cable_name =~ "Digilent JTAG-SMT1 210203A02F82A" && level==0} -index 1' command is executed.
14:56:12 INFO  : FPGA configured successfully with bitstream "D:/Xilinx_Project/FMC_IMAGEON/Projects/fmc_imageon_gs/ZC702/fmc_imageon_gs.sdk/fmc_imageon_gs_hw/fmc_imageon_gs_wrapper.bit"
14:56:28 INFO  : ps7_init is completed.
14:56:28 INFO  : ps7_post_config is completed.
14:56:28 INFO  : Processor reset is completed for ps7_cortexa9_0
15:33:35 ERROR : Unexpected error while parsing XMD response ?: com.google.gson.JsonSyntaxException: com.google.gson.stream.MalformedJsonException: invalid number or unquoted string near 
15:34:37 INFO  : Launching XSDB server: xsdb.bat E:/Xilinx/SDK/2015.4/scripts/xsdb/xsdb/xsdb-server.tcl
15:34:39 INFO  : XSDB server has started successfully.
15:34:39 INFO  : Restoring local repository preferences: 
		 D:/Xilinx_Project/FMC_IMAGEON/Projects/fmc_imageon_gs/software/sw_repository
15:35:18 INFO  : Saving repository preferences.
15:36:39 INFO  : Connected to target on host '127.0.0.1' and port '3121'.
15:36:40 INFO  : 'targets -set -filter {jtag_cable_name =~ "Digilent JTAG-SMT1 210203A02F82A" && level==0} -index 1' command is executed.
15:36:43 INFO  : FPGA configured successfully with bitstream "D:/Xilinx_Project/FMC_IMAGEON/Projects/fmc_imageon_gs/ZC702/fmc_imageon_gs.sdk/fmc_imageon_gs_hw/fmc_imageon_gs_wrapper.bit"
15:37:31 INFO  : ps7_init is completed.
15:37:31 INFO  : ps7_post_config is completed.
15:37:31 INFO  : Processor reset is completed for ps7_cortexa9_0
16:08:09 INFO  : Connected to target on host '127.0.0.1' and port '3121'.
16:08:10 INFO  : 'targets -set -filter {jtag_cable_name =~ "Digilent JTAG-SMT1 210203A02F82A" && level==0} -index 1' command is executed.
16:08:12 INFO  : FPGA configured successfully with bitstream "D:/Xilinx_Project/FMC_IMAGEON/Projects/fmc_imageon_gs/ZC702/fmc_imageon_gs.sdk/fmc_imageon_gs_hw/fmc_imageon_gs_wrapper.bit"
16:09:15 INFO  : ps7_init is completed.
16:09:15 INFO  : ps7_post_config is completed.
16:09:15 INFO  : Processor reset is completed for ps7_cortexa9_0
17:09:55 INFO  : Launching XSDB server: xsdb.bat E:/Xilinx/SDK/2015.4/scripts/xsdb/xsdb/xsdb-server.tcl
17:09:58 INFO  : XSDB server has started successfully.
17:10:01 INFO  : Restoring local repository preferences: 
		 D:/Xilinx_Project/FMC_IMAGEON/Projects/fmc_imageon_gs/software/sw_repository
17:10:10 INFO  : Processing command line option -hwspec D:/Xilinx_Project/FMC_IMAGEON_CAMERA/Projects/fmc_imageon_gs/ZC702/fmc_imageon_gs.sdk/fmc_imageon_gs_wrapper.hdf.
17:15:05 INFO  : Connected to target on host '127.0.0.1' and port '3121'.
17:15:07 INFO  : 'targets -set -filter {jtag_cable_name =~ "Digilent JTAG-SMT1 210203A02F82A" && level==0} -index 1' command is executed.
17:15:10 INFO  : FPGA configured successfully with bitstream "D:/Xilinx_Project/FMC_IMAGEON_CAMERA/Projects/fmc_imageon_gs/ZC702/fmc_imageon_gs.sdk/fmc_imageon_gs_hw/fmc_imageon_gs_wrapper.bit"
17:16:33 INFO  : ps7_init is completed.
17:16:33 INFO  : ps7_post_config is completed.
17:16:34 INFO  : Processor reset is completed for ps7_cortexa9_0
17:19:32 INFO  : ps7_init is completed.
17:19:32 INFO  : ps7_post_config is completed.
17:19:32 INFO  : Processor reset is completed for ps7_cortexa9_0
17:20:37 INFO  : Connected to target on host '127.0.0.1' and port '3121'.
17:20:38 INFO  : 'targets -set -filter {jtag_cable_name =~ "Digilent JTAG-SMT1 210203A02F82A" && level==0} -index 1' command is executed.
17:20:40 INFO  : FPGA configured successfully with bitstream "D:/Xilinx_Project/FMC_IMAGEON_CAMERA/Projects/fmc_imageon_gs/ZC702/fmc_imageon_gs.sdk/fmc_imageon_gs_hw/fmc_imageon_gs_wrapper.bit"
17:21:02 INFO  : ps7_init is completed.
17:21:03 INFO  : ps7_post_config is completed.
17:21:03 INFO  : Processor reset is completed for ps7_cortexa9_0
17:22:49 INFO  : Connected to target on host '127.0.0.1' and port '3121'.
17:22:49 INFO  : 'targets -set -filter {jtag_cable_name =~ "Digilent JTAG-SMT1 210203A02F82A" && level==0} -index 1' command is executed.
17:22:52 INFO  : FPGA configured successfully with bitstream "D:/Xilinx_Project/FMC_IMAGEON_CAMERA/Projects/fmc_imageon_gs/ZC702/fmc_imageon_gs.sdk/fmc_imageon_gs_hw/fmc_imageon_gs_wrapper.bit"
17:22:58 INFO  : ps7_init is completed.
17:22:58 INFO  : ps7_post_config is completed.
17:22:58 INFO  : Processor reset is completed for ps7_cortexa9_0
17:26:09 INFO  : ps7_cortexa9_0 Processor is in use. Please stop existing Run or Debug sessions before launching.
17:26:14 INFO  : Processor reset is completed for ps7_cortexa9_0
17:27:11 INFO  : ps7_cortexa9_0 Processor is in use. Please stop existing Run or Debug sessions before launching.
17:27:13 INFO  : Processor reset is completed for ps7_cortexa9_0
17:27:47 INFO  : ps7_cortexa9_0 Processor is in use. Please stop existing Run or Debug sessions before launching.
17:27:52 INFO  : Processor reset is completed for ps7_cortexa9_0
17:28:32 INFO  : ps7_cortexa9_0 Processor is in use. Please stop existing Run or Debug sessions before launching.
17:28:34 INFO  : Processor reset is completed for ps7_cortexa9_0
17:28:59 INFO  : ps7_cortexa9_0 Processor is in use. Please stop existing Run or Debug sessions before launching.
17:29:01 INFO  : Processor reset is completed for ps7_cortexa9_0
17:30:21 INFO  : ps7_cortexa9_0 Processor is in use. Please stop existing Run or Debug sessions before launching.
17:30:22 INFO  : Processor reset is completed for ps7_cortexa9_0
17:31:28 INFO  : ps7_cortexa9_0 Processor is in use. Please stop existing Run or Debug sessions before launching.
17:31:29 INFO  : Processor reset is completed for ps7_cortexa9_0
17:32:06 INFO  : ps7_cortexa9_0 Processor is in use. Please stop existing Run or Debug sessions before launching.
17:32:07 INFO  : Processor reset is completed for ps7_cortexa9_0
17:33:03 INFO  : ps7_cortexa9_0 Processor is in use. Please stop existing Run or Debug sessions before launching.
17:33:04 INFO  : Processor reset is completed for ps7_cortexa9_0
17:33:11 INFO  : ps7_cortexa9_0 Processor is in use. Please stop existing Run or Debug sessions before launching.
17:33:15 INFO  : Processor reset is completed for ps7_cortexa9_0
17:33:25 INFO  : ps7_cortexa9_0 Processor is in use. Please stop existing Run or Debug sessions before launching.
17:33:27 INFO  : Processor reset is completed for ps7_cortexa9_0
17:34:15 INFO  : ps7_cortexa9_0 Processor is in use. Please stop existing Run or Debug sessions before launching.
17:34:17 INFO  : Processor reset is completed for ps7_cortexa9_0
17:35:08 INFO  : ps7_cortexa9_0 Processor is in use. Please stop existing Run or Debug sessions before launching.
17:35:10 INFO  : Processor reset is completed for ps7_cortexa9_0
18:42:03 INFO  : Connected to target on host '127.0.0.1' and port '3121'.
18:42:19 INFO  : Connected to target on host '127.0.0.1' and port '3121'.
18:42:23 INFO  : 'targets -set -filter {jtag_cable_name =~ "Digilent JTAG-SMT1 210203A02F82A" && level==0} -index 1' command is executed.
18:42:26 INFO  : FPGA configured successfully with bitstream "D:/Xilinx_Project/FMC_IMAGEON_CAMERA/Projects/fmc_imageon_gs/ZC702/fmc_imageon_gs.sdk/fmc_imageon_gs_hw/fmc_imageon_gs_wrapper.bit"
18:43:20 INFO  : ps7_init is completed.
18:43:21 INFO  : Processor reset is completed for ps7_cortexa9_0
18:43:21 INFO  : ps7_post_config is completed.
18:43:22 INFO  : Processor reset is completed for ps7_cortexa9_0
18:43:23 ERROR : Unexpected error while launching program.
java.lang.RuntimeException: Debug Operation Not Supported on the Target, Current Processor State is not "Stopped"

	at com.xilinx.sdk.targetmanager.internal.TM.setBreakPoint(TM.java:730)
	at com.xilinx.sdk.debug.core.internal.AppRunner.run(AppRunner.java:140)
	at com.xilinx.sdk.debug.core.XilinxAppLaunchConfigurationDelegate.runApplication(XilinxAppLaunchConfigurationDelegate.java:637)
	at com.xilinx.sdk.debug.core.XilinxAppLaunchConfigurationDelegate.launch(XilinxAppLaunchConfigurationDelegate.java:309)
	at com.xilinx.sdk.debug.ui.XilinxAppLaunchDelegateWrapper.launch(XilinxAppLaunchDelegateWrapper.java:31)
	at org.eclipse.debug.internal.core.LaunchConfiguration.launch(LaunchConfiguration.java:858)
	at org.eclipse.debug.internal.core.LaunchConfiguration.launch(LaunchConfiguration.java:707)
	at org.eclipse.debug.internal.ui.DebugUIPlugin.buildAndLaunch(DebugUIPlugin.java:1018)
	at org.eclipse.debug.internal.ui.DebugUIPlugin$8.run(DebugUIPlugin.java:1222)
	at org.eclipse.core.internal.jobs.Worker.run(Worker.java:53)
18:43:32 INFO  : Connected to target on host '127.0.0.1' and port '3121'.
18:43:46 INFO  : Connected to target on host '127.0.0.1' and port '3121'.
18:43:47 INFO  : 'targets -set -filter {jtag_cable_name =~ "Digilent JTAG-SMT1 210203A02F82A" && level==0} -index 1' command is executed.
18:43:49 INFO  : FPGA configured successfully with bitstream "D:/Xilinx_Project/FMC_IMAGEON_CAMERA/Projects/fmc_imageon_gs/ZC702/fmc_imageon_gs.sdk/fmc_imageon_gs_hw/fmc_imageon_gs_wrapper.bit"
18:43:55 INFO  : ps7_cortexa9_0 Processor is in use. Please stop existing Run or Debug sessions before launching.
18:43:57 ERROR : Unexpected error while launching program.
java.lang.RuntimeException: No Active System

	at com.xilinx.sdk.targetmanager.internal.TM.stop(TM.java:764)
	at com.xilinx.sdk.targetmanager.internal.CPURunSession.terminate(CPURunSession.java:27)
	at com.xilinx.sdk.targetmanager.internal.TM.terminateCurrentLaunch(TM.java:821)
	at com.xilinx.sdk.debug.core.XilinxAppLaunchConfigurationDelegate.runApplication(XilinxAppLaunchConfigurationDelegate.java:596)
	at com.xilinx.sdk.debug.core.XilinxAppLaunchConfigurationDelegate.launch(XilinxAppLaunchConfigurationDelegate.java:309)
	at com.xilinx.sdk.debug.ui.XilinxAppLaunchDelegateWrapper.launch(XilinxAppLaunchDelegateWrapper.java:31)
	at org.eclipse.debug.internal.core.LaunchConfiguration.launch(LaunchConfiguration.java:858)
	at org.eclipse.debug.internal.core.LaunchConfiguration.launch(LaunchConfiguration.java:707)
	at org.eclipse.debug.internal.ui.DebugUIPlugin.buildAndLaunch(DebugUIPlugin.java:1018)
	at org.eclipse.debug.internal.ui.DebugUIPlugin$8.run(DebugUIPlugin.java:1222)
	at org.eclipse.core.internal.jobs.Worker.run(Worker.java:53)
18:46:11 ERROR : Unexpected error while parsing XMD response ?: com.google.gson.JsonSyntaxException: com.google.gson.stream.MalformedJsonException: invalid number or unquoted string near 
18:46:41 INFO  : Launching XSDB server: xsdb.bat E:/Xilinx/SDK/2015.4/scripts/xsdb/xsdb/xsdb-server.tcl
18:46:44 INFO  : XSDB server has started successfully.
18:46:48 INFO  : Restoring local repository preferences: 
		 D:/Xilinx_Project/FMC_IMAGEON/Projects/fmc_imageon_gs/software/sw_repository
18:46:48 INFO  : Processing command line option -hwspec D:/Xilinx_Project/FMC_IMAGEON_CAMERA/Projects/fmc_imageon_gs/ZC702/fmc_imageon_gs.sdk/fmc_imageon_gs_wrapper.hdf.
18:46:48 INFO  : Checking for hwspec changes in the project fmc_imageon_gs_wrapper_hw_platform_1.
18:47:29 INFO  : Connected to target on host '127.0.0.1' and port '3121'.
18:47:30 INFO  : 'targets -set -filter {jtag_cable_name =~ "Digilent JTAG-SMT1 210203A02F82A" && level==0} -index 1' command is executed.
18:47:33 INFO  : FPGA configured successfully with bitstream "D:/Xilinx_Project/FMC_IMAGEON_CAMERA/Projects/fmc_imageon_gs/ZC702/fmc_imageon_gs.sdk/fmc_imageon_gs_hw/fmc_imageon_gs_wrapper.bit"
18:47:46 INFO  : ps7_init is completed.
18:47:46 INFO  : ps7_post_config is completed.
18:47:46 INFO  : Processor reset is completed for ps7_cortexa9_0
18:48:30 INFO  : ps7_cortexa9_0 Processor is in use. Please stop existing Run or Debug sessions before launching.
18:48:32 INFO  : Processor reset is completed for ps7_cortexa9_0
18:49:29 INFO  : ps7_cortexa9_0 Processor is in use. Please stop existing Run or Debug sessions before launching.
18:49:37 INFO  : Processor reset is completed for ps7_cortexa9_0
18:51:06 INFO  : ps7_cortexa9_0 Processor is in use. Please stop existing Run or Debug sessions before launching.
18:51:22 INFO  : Processor reset is completed for ps7_cortexa9_0
16:20:12 INFO  : Connected to target on host '127.0.0.1' and port '3121'.
16:20:13 INFO  : 'targets -set -filter {jtag_cable_name =~ "Digilent JTAG-SMT1 210203A02F82A" && level==0} -index 1' command is executed.
16:20:16 INFO  : FPGA configured successfully with bitstream "D:/Xilinx_Project/FMC_IMAGEON_CAMERA/Projects/fmc_imageon_gs/ZC702/fmc_imageon_gs.sdk/fmc_imageon_gs_hw/fmc_imageon_gs_wrapper.bit"
16:20:46 INFO  : Processor reset is completed for ps7_cortexa9_0
16:20:47 ERROR : Unexpected error while launching program.
java.lang.RuntimeException: Failed to download ELF file


    Cannot access DDR: the controller is held in reset

	at com.xilinx.sdk.targetmanager.internal.TM.downloadELF(TM.java:686)
	at com.xilinx.sdk.debug.core.internal.AppRunner.run(AppRunner.java:129)
	at com.xilinx.sdk.debug.core.XilinxAppLaunchConfigurationDelegate.runApplication(XilinxAppLaunchConfigurationDelegate.java:637)
	at com.xilinx.sdk.debug.core.XilinxAppLaunchConfigurationDelegate.launch(XilinxAppLaunchConfigurationDelegate.java:309)
	at com.xilinx.sdk.debug.ui.XilinxAppLaunchDelegateWrapper.launch(XilinxAppLaunchDelegateWrapper.java:31)
	at org.eclipse.debug.internal.core.LaunchConfiguration.launch(LaunchConfiguration.java:858)
	at org.eclipse.debug.internal.core.LaunchConfiguration.launch(LaunchConfiguration.java:707)
	at org.eclipse.debug.internal.ui.DebugUIPlugin.buildAndLaunch(DebugUIPlugin.java:1018)
	at org.eclipse.debug.internal.ui.DebugUIPlugin$8.run(DebugUIPlugin.java:1222)
	at org.eclipse.core.internal.jobs.Worker.run(Worker.java:53)
16:21:03 INFO  : ps7_init is completed.
16:21:03 INFO  : ps7_post_config is completed.
16:21:03 INFO  : Processor reset is completed for ps7_cortexa9_0
16:21:47 INFO  : Connected to target on host '127.0.0.1' and port '3121'.
16:21:58 INFO  : Connected to target on host '127.0.0.1' and port '3121'.
16:22:01 INFO  : 'targets -set -filter {jtag_cable_name =~ "Digilent JTAG-SMT1 210203A02F82A" && level==0} -index 1' command is executed.
16:22:04 INFO  : FPGA configured successfully with bitstream "D:/Xilinx_Project/FMC_IMAGEON_CAMERA/Projects/fmc_imageon_gs/ZC702/fmc_imageon_gs.sdk/fmc_imageon_gs_hw/fmc_imageon_gs_wrapper.bit"
16:22:54 INFO  : ps7_init is completed.
16:22:54 INFO  : ps7_post_config is completed.
16:22:54 INFO  : Processor reset is completed for ps7_cortexa9_0
18:28:01 INFO  : FPGA Cable Disconnected. All active launches will be terminated.
19:35:22 INFO  : Connected to target on host '127.0.0.1' and port '3121'.
19:35:24 INFO  : 'targets -set -filter {jtag_cable_name =~ "Digilent JTAG-SMT1 210203A02F82A" && level==0} -index 1' command is executed.
19:35:27 INFO  : FPGA configured successfully with bitstream "D:/Xilinx_Project/FMC_IMAGEON_CAMERA/Projects/fmc_imageon_gs/ZC702/fmc_imageon_gs.sdk/fmc_imageon_gs_hw/fmc_imageon_gs_wrapper.bit"
19:35:56 INFO  : ps7_init is completed.
19:35:56 INFO  : ps7_post_config is completed.
19:35:57 INFO  : Processor reset is completed for ps7_cortexa9_0
19:36:57 INFO  : ps7_cortexa9_0 Processor is in use. Please stop existing Run or Debug sessions before launching.
19:37:05 INFO  : Processor reset is completed for ps7_cortexa9_0
19:37:35 INFO  : ps7_cortexa9_0 Processor is in use. Please stop existing Run or Debug sessions before launching.
19:37:36 INFO  : Processor reset is completed for ps7_cortexa9_0
19:38:04 INFO  : ps7_cortexa9_0 Processor is in use. Please stop existing Run or Debug sessions before launching.
19:38:05 INFO  : Processor reset is completed for ps7_cortexa9_0
19:38:37 INFO  : ps7_cortexa9_0 Processor is in use. Please stop existing Run or Debug sessions before launching.
19:38:39 INFO  : Processor reset is completed for ps7_cortexa9_0
19:39:31 INFO  : ps7_cortexa9_0 Processor is in use. Please stop existing Run or Debug sessions before launching.
19:39:32 INFO  : Processor reset is completed for ps7_cortexa9_0
19:40:02 INFO  : ps7_cortexa9_0 Processor is in use. Please stop existing Run or Debug sessions before launching.
19:40:04 INFO  : Processor reset is completed for ps7_cortexa9_0
20:01:12 INFO  : ps7_cortexa9_0 Processor is in use. Please stop existing Run or Debug sessions before launching.
20:01:14 INFO  : Processor reset is completed for ps7_cortexa9_0
20:08:46 INFO  : ps7_cortexa9_0 Processor is in use. Please stop existing Run or Debug sessions before launching.
20:08:49 INFO  : Processor reset is completed for ps7_cortexa9_0
20:09:46 INFO  : ps7_cortexa9_0 Processor is in use. Please stop existing Run or Debug sessions before launching.
20:09:48 INFO  : Processor reset is completed for ps7_cortexa9_0
20:10:25 INFO  : ps7_cortexa9_0 Processor is in use. Please stop existing Run or Debug sessions before launching.
20:10:26 INFO  : Processor reset is completed for ps7_cortexa9_0
20:11:22 INFO  : ps7_cortexa9_0 Processor is in use. Please stop existing Run or Debug sessions before launching.
20:11:24 INFO  : Processor reset is completed for ps7_cortexa9_0
20:14:21 ERROR : Unexpected error while launching program.
java.lang.RuntimeException: The program file specified in the launch configuration does not exist
	at com.xilinx.sdk.debug.core.XilinxAppLaunchConfigurationDelegate.runApplication(XilinxAppLaunchConfigurationDelegate.java:580)
	at com.xilinx.sdk.debug.core.XilinxAppLaunchConfigurationDelegate.launch(XilinxAppLaunchConfigurationDelegate.java:309)
	at com.xilinx.sdk.debug.ui.XilinxAppLaunchDelegateWrapper.launch(XilinxAppLaunchDelegateWrapper.java:31)
	at org.eclipse.debug.internal.core.LaunchConfiguration.launch(LaunchConfiguration.java:858)
	at org.eclipse.debug.internal.core.LaunchConfiguration.launch(LaunchConfiguration.java:707)
	at org.eclipse.debug.internal.ui.DebugUIPlugin.buildAndLaunch(DebugUIPlugin.java:1018)
	at org.eclipse.debug.internal.ui.DebugUIPlugin$8.run(DebugUIPlugin.java:1222)
	at org.eclipse.core.internal.jobs.Worker.run(Worker.java:53)
20:30:45 ERROR : Unexpected error while parsing XMD response ?: com.google.gson.JsonSyntaxException: com.google.gson.stream.MalformedJsonException: invalid number or unquoted string near 
20:31:21 INFO  : Launching XSDB server: xsdb.bat E:/Xilinx/SDK/2015.4/scripts/xsdb/xsdb/xsdb-server.tcl
20:31:24 INFO  : XSDB server has started successfully.
20:31:27 INFO  : Restoring local repository preferences: 
		 D:/Xilinx_Project/FMC_IMAGEON/Projects/fmc_imageon_gs/software/sw_repository
20:31:27 INFO  : Processing command line option -hwspec D:/Xilinx_Project/FMC_IMAGEON_CAMERA/Projects/fmc_imageon_gs/ZC702/fmc_imageon_gs.sdk/fmc_imageon_gs_wrapper.hdf.
20:31:28 INFO  : Checking for hwspec changes in the project fmc_imageon_gs_wrapper_hw_platform_1.
20:32:02 INFO  : Processor reset is completed for ps7_cortexa9_0
20:32:40 INFO  : ps7_cortexa9_0 Processor is in use. Please stop existing Run or Debug sessions before launching.
20:32:42 INFO  : Processor reset is completed for ps7_cortexa9_0
20:33:09 INFO  : ps7_cortexa9_0 Processor is in use. Please stop existing Run or Debug sessions before launching.
20:33:10 INFO  : Processor reset is completed for ps7_cortexa9_0
20:34:16 INFO  : ps7_cortexa9_0 Processor is in use. Please stop existing Run or Debug sessions before launching.
20:34:17 INFO  : Processor reset is completed for ps7_cortexa9_0
20:34:43 INFO  : ps7_cortexa9_0 Processor is in use. Please stop existing Run or Debug sessions before launching.
20:34:45 INFO  : Processor reset is completed for ps7_cortexa9_0
20:35:35 INFO  : ps7_cortexa9_0 Processor is in use. Please stop existing Run or Debug sessions before launching.
20:35:36 INFO  : Processor reset is completed for ps7_cortexa9_0
20:36:08 INFO  : ps7_cortexa9_0 Processor is in use. Please stop existing Run or Debug sessions before launching.
20:36:10 INFO  : Processor reset is completed for ps7_cortexa9_0
20:39:51 INFO  : ps7_cortexa9_0 Processor is in use. Please stop existing Run or Debug sessions before launching.
20:39:54 INFO  : Processor reset is completed for ps7_cortexa9_0
20:41:24 INFO  : ps7_cortexa9_0 Processor is in use. Please stop existing Run or Debug sessions before launching.
20:41:26 INFO  : Processor reset is completed for ps7_cortexa9_0
20:42:07 INFO  : Connected to target on host '127.0.0.1' and port '3121'.
20:42:13 INFO  : 'targets -set -filter {jtag_cable_name =~ "Digilent JTAG-SMT1 210203A02F82A" && level==0} -index 1' command is executed.
20:42:15 INFO  : FPGA configured successfully with bitstream "D:/Xilinx_Project/FMC_IMAGEON_CAMERA/Projects/fmc_imageon_gs/ZC702/fmc_imageon_gs.sdk/fmc_imageon_gs_hw/fmc_imageon_gs_wrapper.bit"
20:42:21 INFO  : ps7_init is completed.
20:42:21 INFO  : ps7_post_config is completed.
20:42:21 INFO  : Processor reset is completed for ps7_cortexa9_0
20:43:30 INFO  : ps7_cortexa9_0 Processor is in use. Please stop existing Run or Debug sessions before launching.
20:43:33 INFO  : Processor reset is completed for ps7_cortexa9_0
20:45:01 INFO  : ps7_cortexa9_0 Processor is in use. Please stop existing Run or Debug sessions before launching.
20:45:03 INFO  : Processor reset is completed for ps7_cortexa9_0
20:48:37 INFO  : ps7_cortexa9_0 Processor is in use. Please stop existing Run or Debug sessions before launching.
20:48:39 INFO  : Processor reset is completed for ps7_cortexa9_0
20:49:22 INFO  : ps7_cortexa9_0 Processor is in use. Please stop existing Run or Debug sessions before launching.
20:49:24 INFO  : Processor reset is completed for ps7_cortexa9_0
20:49:58 INFO  : ps7_cortexa9_0 Processor is in use. Please stop existing Run or Debug sessions before launching.
20:50:00 INFO  : Processor reset is completed for ps7_cortexa9_0
20:50:20 INFO  : ps7_cortexa9_0 Processor is in use. Please stop existing Run or Debug sessions before launching.
20:50:21 INFO  : Processor reset is completed for ps7_cortexa9_0
20:51:55 INFO  : ps7_cortexa9_0 Processor is in use. Please stop existing Run or Debug sessions before launching.
20:51:59 INFO  : ps7_cortexa9_0 Processor is in use. Please stop existing Run or Debug sessions before launching.
20:52:00 INFO  : Processor reset is completed for ps7_cortexa9_0
20:52:17 INFO  : ps7_cortexa9_0 Processor is in use. Please stop existing Run or Debug sessions before launching.
20:52:18 INFO  : Processor reset is completed for ps7_cortexa9_0
20:53:57 INFO  : ps7_cortexa9_0 Processor is in use. Please stop existing Run or Debug sessions before launching.
20:53:59 INFO  : Processor reset is completed for ps7_cortexa9_0
20:54:34 INFO  : ps7_cortexa9_0 Processor is in use. Please stop existing Run or Debug sessions before launching.
20:54:36 INFO  : Processor reset is completed for ps7_cortexa9_0
20:55:05 INFO  : ps7_cortexa9_0 Processor is in use. Please stop existing Run or Debug sessions before launching.
20:55:07 INFO  : Processor reset is completed for ps7_cortexa9_0
20:55:41 INFO  : ps7_cortexa9_0 Processor is in use. Please stop existing Run or Debug sessions before launching.
20:55:42 INFO  : Processor reset is completed for ps7_cortexa9_0
20:56:31 INFO  : ps7_cortexa9_0 Processor is in use. Please stop existing Run or Debug sessions before launching.
20:56:33 INFO  : Processor reset is completed for ps7_cortexa9_0
20:56:56 INFO  : ps7_cortexa9_0 Processor is in use. Please stop existing Run or Debug sessions before launching.
20:56:57 INFO  : Processor reset is completed for ps7_cortexa9_0
20:57:24 INFO  : ps7_cortexa9_0 Processor is in use. Please stop existing Run or Debug sessions before launching.
20:57:25 INFO  : Processor reset is completed for ps7_cortexa9_0
20:58:16 INFO  : ps7_cortexa9_0 Processor is in use. Please stop existing Run or Debug sessions before launching.
20:58:17 INFO  : Processor reset is completed for ps7_cortexa9_0
20:58:45 INFO  : ps7_cortexa9_0 Processor is in use. Please stop existing Run or Debug sessions before launching.
20:58:47 INFO  : Processor reset is completed for ps7_cortexa9_0
20:59:07 INFO  : ps7_cortexa9_0 Processor is in use. Please stop existing Run or Debug sessions before launching.
20:59:09 INFO  : Processor reset is completed for ps7_cortexa9_0
21:01:01 INFO  : ps7_cortexa9_0 Processor is in use. Please stop existing Run or Debug sessions before launching.
21:01:02 INFO  : Processor reset is completed for ps7_cortexa9_0
21:01:36 INFO  : ps7_cortexa9_0 Processor is in use. Please stop existing Run or Debug sessions before launching.
21:01:37 INFO  : Processor reset is completed for ps7_cortexa9_0
21:02:01 INFO  : ps7_cortexa9_0 Processor is in use. Please stop existing Run or Debug sessions before launching.
21:02:04 INFO  : Processor reset is completed for ps7_cortexa9_0
21:02:33 INFO  : ps7_cortexa9_0 Processor is in use. Please stop existing Run or Debug sessions before launching.
21:02:34 INFO  : Processor reset is completed for ps7_cortexa9_0
21:02:53 INFO  : ps7_cortexa9_0 Processor is in use. Please stop existing Run or Debug sessions before launching.
21:02:54 INFO  : Processor reset is completed for ps7_cortexa9_0
21:03:26 INFO  : ps7_cortexa9_0 Processor is in use. Please stop existing Run or Debug sessions before launching.
21:03:28 INFO  : Processor reset is completed for ps7_cortexa9_0
21:06:23 INFO  : ps7_cortexa9_0 Processor is in use. Please stop existing Run or Debug sessions before launching.
21:06:24 INFO  : Processor reset is completed for ps7_cortexa9_0
21:09:45 INFO  : ps7_cortexa9_0 Processor is in use. Please stop existing Run or Debug sessions before launching.
21:09:47 INFO  : Processor reset is completed for ps7_cortexa9_0
21:12:53 INFO  : ps7_cortexa9_0 Processor is in use. Please stop existing Run or Debug sessions before launching.
21:12:55 INFO  : Processor reset is completed for ps7_cortexa9_0
21:13:41 INFO  : ps7_cortexa9_0 Processor is in use. Please stop existing Run or Debug sessions before launching.
21:13:47 INFO  : Processor reset is completed for ps7_cortexa9_0
21:15:02 INFO  : ps7_cortexa9_0 Processor is in use. Please stop existing Run or Debug sessions before launching.
21:15:04 INFO  : Processor reset is completed for ps7_cortexa9_0
21:16:05 INFO  : ps7_cortexa9_0 Processor is in use. Please stop existing Run or Debug sessions before launching.
21:16:08 INFO  : Processor reset is completed for ps7_cortexa9_0
21:18:06 INFO  : ps7_cortexa9_0 Processor is in use. Please stop existing Run or Debug sessions before launching.
21:18:07 INFO  : Processor reset is completed for ps7_cortexa9_0
21:19:17 INFO  : ps7_cortexa9_0 Processor is in use. Please stop existing Run or Debug sessions before launching.
21:19:18 INFO  : Processor reset is completed for ps7_cortexa9_0
21:19:48 INFO  : ps7_cortexa9_0 Processor is in use. Please stop existing Run or Debug sessions before launching.
21:19:50 INFO  : Processor reset is completed for ps7_cortexa9_0
21:20:19 INFO  : ps7_cortexa9_0 Processor is in use. Please stop existing Run or Debug sessions before launching.
21:20:21 INFO  : Processor reset is completed for ps7_cortexa9_0
21:21:43 INFO  : ps7_cortexa9_0 Processor is in use. Please stop existing Run or Debug sessions before launching.
21:21:45 INFO  : Processor reset is completed for ps7_cortexa9_0
21:22:19 INFO  : ps7_cortexa9_0 Processor is in use. Please stop existing Run or Debug sessions before launching.
21:22:21 INFO  : Processor reset is completed for ps7_cortexa9_0
21:22:49 INFO  : ps7_cortexa9_0 Processor is in use. Please stop existing Run or Debug sessions before launching.
21:23:02 INFO  : Processor reset is completed for ps7_cortexa9_0
21:26:19 INFO  : ps7_cortexa9_0 Processor is in use. Please stop existing Run or Debug sessions before launching.
21:26:21 INFO  : Processor reset is completed for ps7_cortexa9_0
21:26:51 INFO  : ps7_cortexa9_0 Processor is in use. Please stop existing Run or Debug sessions before launching.
21:26:53 INFO  : Processor reset is completed for ps7_cortexa9_0
21:28:21 INFO  : ps7_cortexa9_0 Processor is in use. Please stop existing Run or Debug sessions before launching.
21:28:22 INFO  : Processor reset is completed for ps7_cortexa9_0
21:29:15 INFO  : ps7_cortexa9_0 Processor is in use. Please stop existing Run or Debug sessions before launching.
21:29:17 INFO  : Processor reset is completed for ps7_cortexa9_0
21:30:02 INFO  : ps7_cortexa9_0 Processor is in use. Please stop existing Run or Debug sessions before launching.
21:30:04 INFO  : Processor reset is completed for ps7_cortexa9_0
21:31:34 INFO  : ps7_cortexa9_0 Processor is in use. Please stop existing Run or Debug sessions before launching.
21:31:35 INFO  : Processor reset is completed for ps7_cortexa9_0
21:32:02 INFO  : ps7_cortexa9_0 Processor is in use. Please stop existing Run or Debug sessions before launching.
21:32:05 INFO  : Processor reset is completed for ps7_cortexa9_0
21:35:27 INFO  : ps7_cortexa9_0 Processor is in use. Please stop existing Run or Debug sessions before launching.
21:35:29 INFO  : Processor reset is completed for ps7_cortexa9_0
21:42:09 INFO  : ps7_cortexa9_0 Processor is in use. Please stop existing Run or Debug sessions before launching.
21:42:48 INFO  : ps7_cortexa9_0 Processor is in use. Please stop existing Run or Debug sessions before launching.
21:42:49 INFO  : Processor reset is completed for ps7_cortexa9_0
21:47:11 INFO  : ps7_cortexa9_0 Processor is in use. Please stop existing Run or Debug sessions before launching.
21:47:13 INFO  : Processor reset is completed for ps7_cortexa9_0
21:48:33 INFO  : ps7_cortexa9_0 Processor is in use. Please stop existing Run or Debug sessions before launching.
21:48:35 INFO  : Processor reset is completed for ps7_cortexa9_0
21:49:16 INFO  : ps7_cortexa9_0 Processor is in use. Please stop existing Run or Debug sessions before launching.
21:49:17 INFO  : Processor reset is completed for ps7_cortexa9_0
21:49:38 INFO  : ps7_cortexa9_0 Processor is in use. Please stop existing Run or Debug sessions before launching.
21:49:39 INFO  : Processor reset is completed for ps7_cortexa9_0
21:50:41 INFO  : ps7_cortexa9_0 Processor is in use. Please stop existing Run or Debug sessions before launching.
21:50:42 INFO  : Processor reset is completed for ps7_cortexa9_0
21:51:22 INFO  : ps7_cortexa9_0 Processor is in use. Please stop existing Run or Debug sessions before launching.
21:51:24 INFO  : Processor reset is completed for ps7_cortexa9_0
21:52:23 INFO  : ps7_cortexa9_0 Processor is in use. Please stop existing Run or Debug sessions before launching.
21:52:25 INFO  : Processor reset is completed for ps7_cortexa9_0
21:53:14 INFO  : ps7_cortexa9_0 Processor is in use. Please stop existing Run or Debug sessions before launching.
21:53:15 INFO  : Processor reset is completed for ps7_cortexa9_0
21:55:55 INFO  : ps7_cortexa9_0 Processor is in use. Please stop existing Run or Debug sessions before launching.
21:55:55 INFO  : Processor reset is completed for ps7_cortexa9_0
14:40:25 INFO  : Connected to target on host '127.0.0.1' and port '3121'.
14:40:26 INFO  : 'targets -set -filter {jtag_cable_name =~ "Digilent JTAG-SMT1 210203A02F82A" && level==0} -index 1' command is executed.
14:40:29 INFO  : FPGA configured successfully with bitstream "D:/Xilinx_Project/FMC_IMAGEON_CAMERA/Projects/fmc_imageon_gs/ZC702/fmc_imageon_gs.sdk/fmc_imageon_gs_hw/fmc_imageon_gs_wrapper.bit"
14:40:54 INFO  : ps7_init is completed.
14:40:54 INFO  : ps7_post_config is completed.
14:40:54 INFO  : Processor reset is completed for ps7_cortexa9_0
14:42:46 INFO  : ps7_cortexa9_0 Processor is in use. Please stop existing Run or Debug sessions before launching.
14:42:49 INFO  : Processor reset is completed for ps7_cortexa9_0
14:43:54 INFO  : ps7_cortexa9_0 Processor is in use. Please stop existing Run or Debug sessions before launching.
14:43:55 INFO  : Processor reset is completed for ps7_cortexa9_0
14:45:58 INFO  : ps7_cortexa9_0 Processor is in use. Please stop existing Run or Debug sessions before launching.
14:46:00 INFO  : Processor reset is completed for ps7_cortexa9_0
14:46:43 INFO  : ps7_cortexa9_0 Processor is in use. Please stop existing Run or Debug sessions before launching.
14:46:44 INFO  : Processor reset is completed for ps7_cortexa9_0
14:48:00 INFO  : ps7_cortexa9_0 Processor is in use. Please stop existing Run or Debug sessions before launching.
14:48:02 INFO  : Processor reset is completed for ps7_cortexa9_0
14:48:53 INFO  : ps7_cortexa9_0 Processor is in use. Please stop existing Run or Debug sessions before launching.
14:48:55 INFO  : Processor reset is completed for ps7_cortexa9_0
14:50:05 INFO  : ps7_cortexa9_0 Processor is in use. Please stop existing Run or Debug sessions before launching.
14:50:06 INFO  : Processor reset is completed for ps7_cortexa9_0
14:50:38 INFO  : ps7_cortexa9_0 Processor is in use. Please stop existing Run or Debug sessions before launching.
14:50:41 INFO  : Processor reset is completed for ps7_cortexa9_0
14:51:03 INFO  : ps7_cortexa9_0 Processor is in use. Please stop existing Run or Debug sessions before launching.
14:51:05 INFO  : Processor reset is completed for ps7_cortexa9_0
14:51:39 INFO  : ps7_cortexa9_0 Processor is in use. Please stop existing Run or Debug sessions before launching.
14:51:41 INFO  : Processor reset is completed for ps7_cortexa9_0
14:52:27 INFO  : ps7_cortexa9_0 Processor is in use. Please stop existing Run or Debug sessions before launching.
14:52:29 INFO  : Processor reset is completed for ps7_cortexa9_0
14:53:00 INFO  : ps7_cortexa9_0 Processor is in use. Please stop existing Run or Debug sessions before launching.
14:53:02 INFO  : Processor reset is completed for ps7_cortexa9_0
14:56:23 INFO  : ps7_cortexa9_0 Processor is in use. Please stop existing Run or Debug sessions before launching.
14:56:25 INFO  : Processor reset is completed for ps7_cortexa9_0
14:57:10 INFO  : ps7_cortexa9_0 Processor is in use. Please stop existing Run or Debug sessions before launching.
14:57:12 INFO  : Processor reset is completed for ps7_cortexa9_0
14:58:55 INFO  : ps7_cortexa9_0 Processor is in use. Please stop existing Run or Debug sessions before launching.
14:58:58 INFO  : Processor reset is completed for ps7_cortexa9_0
15:00:25 INFO  : ps7_cortexa9_0 Processor is in use. Please stop existing Run or Debug sessions before launching.
15:00:27 INFO  : Processor reset is completed for ps7_cortexa9_0
15:02:00 INFO  : ps7_cortexa9_0 Processor is in use. Please stop existing Run or Debug sessions before launching.
15:02:02 INFO  : Processor reset is completed for ps7_cortexa9_0
15:07:27 INFO  : Launching XSDB server: xsdb.bat E:/Xilinx/SDK/2015.4/scripts/xsdb/xsdb/xsdb-server.tcl
15:07:33 INFO  : XSDB server has started successfully.
15:07:36 INFO  : Restoring local repository preferences: 
		 D:/Xilinx_Project/FMC_IMAGEON/Projects/fmc_imageon_gs/software/sw_repository
15:07:37 INFO  : Processing command line option -hwspec D:/Xilinx_Project/FMC_IMAGEON_CAMERA/Projects/fmc_imageon_gs/ZC702/fmc_imageon_gs.sdk/fmc_imageon_gs_wrapper.hdf.
15:07:37 INFO  : Checking for hwspec changes in the project fmc_imageon_gs_wrapper_hw_platform_1.
15:08:47 INFO  : Processor reset is completed for ps7_cortexa9_0
15:11:57 INFO  : ps7_cortexa9_0 Processor is in use. Please stop existing Run or Debug sessions before launching.
15:11:59 INFO  : Processor reset is completed for ps7_cortexa9_0
15:13:11 INFO  : ps7_cortexa9_0 Processor is in use. Please stop existing Run or Debug sessions before launching.
15:13:24 INFO  : ps7_cortexa9_0 Processor is in use. Please stop existing Run or Debug sessions before launching.
15:13:26 INFO  : Processor reset is completed for ps7_cortexa9_0
15:37:39 INFO  : ps7_cortexa9_0 Processor is in use. Please stop existing Run or Debug sessions before launching.
15:37:42 INFO  : Processor reset is completed for ps7_cortexa9_0
15:39:12 INFO  : ps7_cortexa9_0 Processor is in use. Please stop existing Run or Debug sessions before launching.
15:39:13 INFO  : Processor reset is completed for ps7_cortexa9_0
15:40:34 INFO  : ps7_cortexa9_0 Processor is in use. Please stop existing Run or Debug sessions before launching.
15:40:35 INFO  : Processor reset is completed for ps7_cortexa9_0
15:41:04 INFO  : ps7_cortexa9_0 Processor is in use. Please stop existing Run or Debug sessions before launching.
15:41:06 INFO  : Processor reset is completed for ps7_cortexa9_0
15:41:36 INFO  : ps7_cortexa9_0 Processor is in use. Please stop existing Run or Debug sessions before launching.
15:41:38 INFO  : Processor reset is completed for ps7_cortexa9_0
15:42:35 INFO  : ps7_cortexa9_0 Processor is in use. Please stop existing Run or Debug sessions before launching.
15:42:41 INFO  : Processor reset is completed for ps7_cortexa9_0
15:43:04 INFO  : ps7_cortexa9_0 Processor is in use. Please stop existing Run or Debug sessions before launching.
15:43:06 INFO  : Processor reset is completed for ps7_cortexa9_0
15:43:31 INFO  : ps7_cortexa9_0 Processor is in use. Please stop existing Run or Debug sessions before launching.
15:43:33 INFO  : Processor reset is completed for ps7_cortexa9_0
15:49:00 INFO  : ps7_cortexa9_0 Processor is in use. Please stop existing Run or Debug sessions before launching.
15:49:01 INFO  : Processor reset is completed for ps7_cortexa9_0
15:49:30 INFO  : ps7_cortexa9_0 Processor is in use. Please stop existing Run or Debug sessions before launching.
15:49:34 INFO  : Processor reset is completed for ps7_cortexa9_0
16:01:56 ERROR : Unexpected error while fetching XMD's response: 
java.net.SocketException: Connection reset
	at java.net.SocketInputStream.read(SocketInputStream.java:209)
	at java.net.SocketInputStream.read(SocketInputStream.java:141)
	at sun.nio.cs.StreamDecoder.readBytes(StreamDecoder.java:284)
	at sun.nio.cs.StreamDecoder.implRead(StreamDecoder.java:326)
	at sun.nio.cs.StreamDecoder.read(StreamDecoder.java:178)
	at java.io.InputStreamReader.read(InputStreamReader.java:184)
	at java.io.BufferedReader.fill(BufferedReader.java:161)
	at java.io.BufferedReader.read(BufferedReader.java:182)
	at com.xilinx.sdk.targetmanager.internal.json.XMDJSONProcess$CommandResultsReader.run(XMDJSONProcess.java:332)
	at java.lang.Thread.run(Thread.java:745)
16:01:56 ERROR : Zero sized response read from XMD. This indicates a communication error or a programming error.
20:25:45 INFO  : Launching XSDB server: xsdb.bat E:/Xilinx/SDK/2015.4/scripts/xsdb/xsdb/xsdb-server.tcl
20:28:47 INFO  : Launching XSDB server: xsdb.bat E:/Xilinx/SDK/2015.4/scripts/xsdb/xsdb/xsdb-server.tcl
20:28:48 INFO  : XSDB server has started successfully.
20:28:50 INFO  : Restoring local repository preferences: 
		 D:/Xilinx_Project/FMC_IMAGEON/Projects/fmc_imageon_gs/software/sw_repository
20:28:50 INFO  : Processing command line option -hwspec D:/Xilinx_Project/FMC_IMAGEON_CAMERA/Projects/fmc_imageon_gs/ZC702/fmc_imageon_gs.sdk/fmc_imageon_gs_wrapper.hdf.
20:28:50 INFO  : Checking for hwspec changes in the project fmc_imageon_gs_wrapper_hw_platform_1.
20:30:46 INFO  : Connected to target on host '127.0.0.1' and port '3121'.
20:30:47 INFO  : 'targets -set -filter {jtag_cable_name =~ "Digilent JTAG-SMT1 210203A02F82A" && level==0} -index 1' command is executed.
20:30:50 INFO  : FPGA configured successfully with bitstream "D:/Xilinx_Project/FMC_IMAGEON_CAMERA/Projects/fmc_imageon_gs/ZC702/fmc_imageon_gs.sdk/fmc_imageon_gs_hw/fmc_imageon_gs_wrapper.bit"
20:31:21 INFO  : ps7_init is completed.
20:31:21 INFO  : ps7_post_config is completed.
20:31:21 INFO  : Processor reset is completed for ps7_cortexa9_0
20:33:16 INFO  : ps7_cortexa9_0 Processor is in use. Please stop existing Run or Debug sessions before launching.
20:33:18 INFO  : Processor reset is completed for ps7_cortexa9_0
20:36:27 INFO  : ps7_cortexa9_0 Processor is in use. Please stop existing Run or Debug sessions before launching.
20:36:28 INFO  : Processor reset is completed for ps7_cortexa9_0
20:36:59 INFO  : ps7_cortexa9_0 Processor is in use. Please stop existing Run or Debug sessions before launching.
20:37:08 INFO  : Processor reset is completed for ps7_cortexa9_0
20:37:52 INFO  : ps7_cortexa9_0 Processor is in use. Please stop existing Run or Debug sessions before launching.
20:37:53 INFO  : Processor reset is completed for ps7_cortexa9_0
20:18:26 ERROR : Checking FPGA configuration failed..Connection to Board Failed


    Failed to open Cable Node jsn-JTAG-SMT1-210203A02F82A on TCP:127.0.0.1:3121


20:18:27 ERROR : Unexpected error while launching program.
com.xilinx.sdk.targetmanager.TMException: Connection to Board Failed


    Failed to open Cable Node jsn-JTAG-SMT1-210203A02F82A on TCP:127.0.0.1:3121


	at com.xilinx.sdk.targetmanager.internal.TM.isFPGAConfigured(TM.java:374)
	at com.xilinx.sdk.debug.core.XilinxAppLaunchConfigurationDelegate.isFpgaConfigured(XilinxAppLaunchConfigurationDelegate.java:409)
	at com.xilinx.sdk.debug.core.XilinxAppLaunchConfigurationDelegate.launch(XilinxAppLaunchConfigurationDelegate.java:303)
	at com.xilinx.sdk.debug.ui.XilinxAppLaunchDelegateWrapper.launch(XilinxAppLaunchDelegateWrapper.java:31)
	at org.eclipse.debug.internal.core.LaunchConfiguration.launch(LaunchConfiguration.java:858)
	at org.eclipse.debug.internal.core.LaunchConfiguration.launch(LaunchConfiguration.java:707)
	at org.eclipse.debug.internal.ui.DebugUIPlugin.buildAndLaunch(DebugUIPlugin.java:1018)
	at org.eclipse.debug.internal.ui.DebugUIPlugin$8.run(DebugUIPlugin.java:1222)
	at org.eclipse.core.internal.jobs.Worker.run(Worker.java:53)
20:19:31 INFO  : Connected to target on host '127.0.0.1' and port '3121'.
20:19:32 INFO  : 'targets -set -filter {jtag_cable_name =~ "Digilent JTAG-SMT1 210203A02F82A" && level==0} -index 1' command is executed.
20:19:35 INFO  : FPGA configured successfully with bitstream "D:/Xilinx_Project/FMC_IMAGEON_CAMERA/Projects/fmc_imageon_gs/ZC702/fmc_imageon_gs.sdk/fmc_imageon_gs_hw/fmc_imageon_gs_wrapper.bit"
20:20:14 INFO  : ps7_init is completed.
20:20:14 INFO  : ps7_post_config is completed.
20:20:14 INFO  : Processor reset is completed for ps7_cortexa9_0
20:22:02 INFO  : ps7_cortexa9_0 Processor is in use. Please stop existing Run or Debug sessions before launching.
20:22:05 INFO  : Processor reset is completed for ps7_cortexa9_0
20:22:44 INFO  : ps7_cortexa9_0 Processor is in use. Please stop existing Run or Debug sessions before launching.
20:22:45 INFO  : Processor reset is completed for ps7_cortexa9_0
20:23:13 INFO  : ps7_cortexa9_0 Processor is in use. Please stop existing Run or Debug sessions before launching.
20:23:16 INFO  : Processor reset is completed for ps7_cortexa9_0
20:23:43 INFO  : ps7_cortexa9_0 Processor is in use. Please stop existing Run or Debug sessions before launching.
20:23:44 INFO  : Processor reset is completed for ps7_cortexa9_0
20:24:39 INFO  : ps7_cortexa9_0 Processor is in use. Please stop existing Run or Debug sessions before launching.
20:24:41 INFO  : Processor reset is completed for ps7_cortexa9_0
20:25:22 INFO  : ps7_cortexa9_0 Processor is in use. Please stop existing Run or Debug sessions before launching.
20:25:23 INFO  : Processor reset is completed for ps7_cortexa9_0
20:29:42 INFO  : ps7_cortexa9_0 Processor is in use. Please stop existing Run or Debug sessions before launching.
20:29:46 INFO  : Processor reset is completed for ps7_cortexa9_0
20:30:59 INFO  : ps7_cortexa9_0 Processor is in use. Please stop existing Run or Debug sessions before launching.
20:31:01 INFO  : Processor reset is completed for ps7_cortexa9_0
20:31:59 INFO  : ps7_cortexa9_0 Processor is in use. Please stop existing Run or Debug sessions before launching.
20:32:01 INFO  : Processor reset is completed for ps7_cortexa9_0
20:32:46 INFO  : ps7_cortexa9_0 Processor is in use. Please stop existing Run or Debug sessions before launching.
20:32:47 INFO  : Processor reset is completed for ps7_cortexa9_0
20:33:08 INFO  : ps7_cortexa9_0 Processor is in use. Please stop existing Run or Debug sessions before launching.
20:33:09 INFO  : Processor reset is completed for ps7_cortexa9_0
20:34:19 INFO  : ps7_cortexa9_0 Processor is in use. Please stop existing Run or Debug sessions before launching.
20:34:20 INFO  : Processor reset is completed for ps7_cortexa9_0
20:34:59 INFO  : ps7_cortexa9_0 Processor is in use. Please stop existing Run or Debug sessions before launching.
20:35:00 INFO  : Processor reset is completed for ps7_cortexa9_0
20:35:23 INFO  : ps7_cortexa9_0 Processor is in use. Please stop existing Run or Debug sessions before launching.
20:35:25 INFO  : Processor reset is completed for ps7_cortexa9_0
20:36:21 INFO  : ps7_cortexa9_0 Processor is in use. Please stop existing Run or Debug sessions before launching.
20:36:22 INFO  : Processor reset is completed for ps7_cortexa9_0
20:37:16 INFO  : ps7_cortexa9_0 Processor is in use. Please stop existing Run or Debug sessions before launching.
20:37:18 INFO  : Processor reset is completed for ps7_cortexa9_0
20:39:29 INFO  : ps7_cortexa9_0 Processor is in use. Please stop existing Run or Debug sessions before launching.
20:39:30 INFO  : Processor reset is completed for ps7_cortexa9_0
20:40:00 INFO  : ps7_cortexa9_0 Processor is in use. Please stop existing Run or Debug sessions before launching.
20:40:02 INFO  : Processor reset is completed for ps7_cortexa9_0
20:40:28 INFO  : ps7_cortexa9_0 Processor is in use. Please stop existing Run or Debug sessions before launching.
20:40:29 INFO  : Processor reset is completed for ps7_cortexa9_0
20:40:55 INFO  : ps7_cortexa9_0 Processor is in use. Please stop existing Run or Debug sessions before launching.
20:40:56 INFO  : Processor reset is completed for ps7_cortexa9_0
21:05:15 INFO  : ps7_cortexa9_0 Processor is in use. Please stop existing Run or Debug sessions before launching.
21:05:16 INFO  : Processor reset is completed for ps7_cortexa9_0
21:06:50 INFO  : ps7_cortexa9_0 Processor is in use. Please stop existing Run or Debug sessions before launching.
21:06:51 INFO  : Processor reset is completed for ps7_cortexa9_0
21:07:26 INFO  : ps7_cortexa9_0 Processor is in use. Please stop existing Run or Debug sessions before launching.
21:07:27 INFO  : Processor reset is completed for ps7_cortexa9_0
21:07:51 INFO  : ps7_cortexa9_0 Processor is in use. Please stop existing Run or Debug sessions before launching.
21:07:52 INFO  : Processor reset is completed for ps7_cortexa9_0
21:38:03 INFO  : ps7_cortexa9_0 Processor is in use. Please stop existing Run or Debug sessions before launching.
21:38:05 INFO  : Processor reset is completed for ps7_cortexa9_0
21:38:29 INFO  : ps7_cortexa9_0 Processor is in use. Please stop existing Run or Debug sessions before launching.
21:38:32 INFO  : ps7_cortexa9_0 Processor is in use. Please stop existing Run or Debug sessions before launching.
21:38:37 INFO  : ps7_cortexa9_0 Processor is in use. Please stop existing Run or Debug sessions before launching.
21:43:21 INFO  : ps7_cortexa9_0 Processor is in use. Please stop existing Run or Debug sessions before launching.
21:43:22 INFO  : Processor reset is completed for ps7_cortexa9_0
21:47:30 INFO  : ps7_cortexa9_0 Processor is in use. Please stop existing Run or Debug sessions before launching.
21:47:31 INFO  : Processor reset is completed for ps7_cortexa9_0
21:48:20 INFO  : ps7_cortexa9_0 Processor is in use. Please stop existing Run or Debug sessions before launching.
21:48:21 INFO  : Processor reset is completed for ps7_cortexa9_0
21:49:14 INFO  : ps7_cortexa9_0 Processor is in use. Please stop existing Run or Debug sessions before launching.
21:49:15 INFO  : Processor reset is completed for ps7_cortexa9_0
17:29:35 INFO  : Connected to target on host '127.0.0.1' and port '3121'.
17:29:38 INFO  : 'targets -set -filter {jtag_cable_name =~ "Digilent JTAG-SMT1 210203A02F82A" && level==0} -index 1' command is executed.
17:29:41 INFO  : FPGA configured successfully with bitstream "D:/Xilinx_Project/FMC_IMAGEON_CAMERA/Projects/fmc_imageon_gs/ZC702/fmc_imageon_gs.sdk/fmc_imageon_gs_hw/fmc_imageon_gs_wrapper.bit"
17:29:57 INFO  : ps7_init is completed.
17:29:57 INFO  : ps7_post_config is completed.
17:29:57 INFO  : Processor reset is completed for ps7_cortexa9_0
17:30:42 INFO  : ps7_cortexa9_0 Processor is in use. Please stop existing Run or Debug sessions before launching.
17:30:50 INFO  : Processor reset is completed for ps7_cortexa9_0
17:31:36 INFO  : ps7_cortexa9_0 Processor is in use. Please stop existing Run or Debug sessions before launching.
17:31:38 INFO  : Processor reset is completed for ps7_cortexa9_0
17:32:05 INFO  : ps7_cortexa9_0 Processor is in use. Please stop existing Run or Debug sessions before launching.
17:32:06 INFO  : Processor reset is completed for ps7_cortexa9_0
19:03:41 INFO  : Connected to target on host '127.0.0.1' and port '3121'.
19:03:43 INFO  : 'targets -set -filter {jtag_cable_name =~ "Digilent JTAG-SMT1 210203A02F82A" && level==0} -index 1' command is executed.
19:03:46 INFO  : FPGA configured successfully with bitstream "D:/Xilinx_Project/FMC_IMAGEON_CAMERA/Projects/fmc_imageon_gs/ZC702/fmc_imageon_gs.sdk/fmc_imageon_gs_hw/fmc_imageon_gs_wrapper.bit"
19:04:28 INFO  : ps7_init is completed.
19:04:28 INFO  : ps7_post_config is completed.
19:04:28 INFO  : Processor reset is completed for ps7_cortexa9_0
19:09:13 INFO  : Connected to target on host '127.0.0.1' and port '3121'.
19:09:13 INFO  : 'targets -set -filter {jtag_cable_name =~ "Digilent JTAG-SMT1 210203A02F82A" && level==0} -index 1' command is executed.
19:09:16 INFO  : FPGA configured successfully with bitstream "D:/Xilinx_Project/FMC_IMAGEON_CAMERA/Projects/fmc_imageon_gs/ZC702/fmc_imageon_gs.sdk/fmc_imageon_gs_hw/fmc_imageon_gs_wrapper.bit"
19:09:32 INFO  : ps7_init is completed.
19:09:32 INFO  : ps7_post_config is completed.
19:09:32 INFO  : Processor reset is completed for ps7_cortexa9_0
19:10:13 INFO  : ps7_cortexa9_0 Processor is in use. Please stop existing Run or Debug sessions before launching.
19:10:15 INFO  : Processor reset is completed for ps7_cortexa9_0
19:13:01 INFO  : ps7_cortexa9_0 Processor is in use. Please stop existing Run or Debug sessions before launching.
19:13:05 INFO  : Processor reset is completed for ps7_cortexa9_0
19:16:03 INFO  : FPGA Cable Disconnected. All active launches will be terminated.
14:53:18 ERROR : Unexpected error while parsing XMD response ?: com.google.gson.JsonSyntaxException: com.google.gson.stream.MalformedJsonException: invalid number or unquoted string near 
17:17:46 INFO  : Launching XSDB server: xsdb.bat E:/Xilinx/SDK/2015.4/scripts/xsdb/xsdb/xsdb-server.tcl
17:17:48 INFO  : XSDB server has started successfully.
17:17:48 INFO  : Restoring local repository preferences: 
		 D:/Xilinx_Project/FMC_IMAGEON/Projects/fmc_imageon_gs/software/sw_repository
10:24:15 INFO  : Launching XSDB server: xsdb.bat E:/Xilinx/SDK/2015.4/scripts/xsdb/xsdb/xsdb-server.tcl
10:24:21 INFO  : XSDB server has started successfully.
10:24:34 INFO  : Restoring local repository preferences: 
		 D:/Xilinx_Project/FMC_IMAGEON/Projects/fmc_imageon_gs/software/sw_repository
10:24:34 INFO  : Processing command line option -hwspec D:/Xilinx_Project/FMC_IMAGEON_CAMERA/Projects/fmc_imageon_gs/ZC702/fmc_imageon_gs.sdk/fmc_imageon_gs_wrapper.hdf.
10:24:34 INFO  : Checking for hwspec changes in the project fmc_imageon_gs_wrapper_hw_platform_1.
