
*** Running vivado
    with args -log led_8bits_wrapper.vdi -applog -m64 -product Vivado -messageDb vivado.pb -mode batch -source led_8bits_wrapper.tcl -notrace


****** Vivado v2016.3 (64-bit)
  **** SW Build 1682563 on Mon Oct 10 19:07:27 MDT 2016
  **** IP Build 1681267 on Mon Oct 10 21:28:31 MDT 2016
    ** Copyright 1986-2016 Xilinx, Inc. All Rights Reserved.

source led_8bits_wrapper.tcl -notrace
Design is defaulting to srcset: sources_1
Design is defaulting to constrset: constrs_1
INFO: [Project 1-454] Reading design checkpoint 'd:/Xilinx_Project/LED_8bits/LED_8bits.srcs/sources_1/bd/led_8bits/ip/led_8bits_axi_gpio_0_0/led_8bits_axi_gpio_0_0.dcp' for cell 'led_8bits_i/axi_gpio_0'
INFO: [Project 1-454] Reading design checkpoint 'd:/Xilinx_Project/LED_8bits/LED_8bits.srcs/sources_1/bd/led_8bits/ip/led_8bits_processing_system7_0_0/led_8bits_processing_system7_0_0.dcp' for cell 'led_8bits_i/processing_system7_0'
INFO: [Project 1-454] Reading design checkpoint 'd:/Xilinx_Project/LED_8bits/LED_8bits.srcs/sources_1/bd/led_8bits/ip/led_8bits_rst_ps7_0_50M_0/led_8bits_rst_ps7_0_50M_0.dcp' for cell 'led_8bits_i/rst_ps7_0_50M'
INFO: [Project 1-454] Reading design checkpoint 'd:/Xilinx_Project/LED_8bits/LED_8bits.srcs/sources_1/bd/led_8bits/ip/led_8bits_auto_pc_0/led_8bits_auto_pc_0.dcp' for cell 'led_8bits_i/ps7_0_axi_periph/s00_couplers/auto_pc'
INFO: [Netlist 29-17] Analyzing 18 Unisim elements for replacement
INFO: [Netlist 29-28] Unisim Transformation completed in 0 CPU seconds
INFO: [Project 1-479] Netlist was created with Vivado 2016.3
INFO: [Device 21-403] Loading part xc7z020clg484-1
INFO: [Project 1-570] Preparing netlist for logic optimization
WARNING: [Constraints 18-550] Could not create 'IOSTANDARD' constraint because net 'led_8bits_i/axi_gpio_0/gpio_io_o[0]' is not directly connected to top level port. 'IOSTANDARD' is ignored by Vivado but preserved for implementation tool. [D:/Xilinx_Project/LED_8bits/LED_8bits.runs/impl_1/.Xil/Vivado-7644-user-PC/dcp_3/led_8bits_axi_gpio_0_0.edf:3791]
WARNING: [Constraints 18-550] Could not create 'IOSTANDARD' constraint because net 'led_8bits_i/axi_gpio_0/gpio_io_o[1]' is not directly connected to top level port. 'IOSTANDARD' is ignored by Vivado but preserved for implementation tool. [D:/Xilinx_Project/LED_8bits/LED_8bits.runs/impl_1/.Xil/Vivado-7644-user-PC/dcp_3/led_8bits_axi_gpio_0_0.edf:3798]
WARNING: [Constraints 18-550] Could not create 'IOSTANDARD' constraint because net 'led_8bits_i/axi_gpio_0/gpio_io_o[2]' is not directly connected to top level port. 'IOSTANDARD' is ignored by Vivado but preserved for implementation tool. [D:/Xilinx_Project/LED_8bits/LED_8bits.runs/impl_1/.Xil/Vivado-7644-user-PC/dcp_3/led_8bits_axi_gpio_0_0.edf:3805]
WARNING: [Constraints 18-550] Could not create 'IOSTANDARD' constraint because net 'led_8bits_i/axi_gpio_0/gpio_io_o[3]' is not directly connected to top level port. 'IOSTANDARD' is ignored by Vivado but preserved for implementation tool. [D:/Xilinx_Project/LED_8bits/LED_8bits.runs/impl_1/.Xil/Vivado-7644-user-PC/dcp_3/led_8bits_axi_gpio_0_0.edf:3812]
Parsing XDC File [d:/Xilinx_Project/LED_8bits/LED_8bits.srcs/sources_1/bd/led_8bits/ip/led_8bits_processing_system7_0_0/led_8bits_processing_system7_0_0.xdc] for cell 'led_8bits_i/processing_system7_0/inst'
Finished Parsing XDC File [d:/Xilinx_Project/LED_8bits/LED_8bits.srcs/sources_1/bd/led_8bits/ip/led_8bits_processing_system7_0_0/led_8bits_processing_system7_0_0.xdc] for cell 'led_8bits_i/processing_system7_0/inst'
Parsing XDC File [d:/Xilinx_Project/LED_8bits/LED_8bits.srcs/sources_1/bd/led_8bits/ip/led_8bits_axi_gpio_0_0/led_8bits_axi_gpio_0_0_board.xdc] for cell 'led_8bits_i/axi_gpio_0/U0'
Finished Parsing XDC File [d:/Xilinx_Project/LED_8bits/LED_8bits.srcs/sources_1/bd/led_8bits/ip/led_8bits_axi_gpio_0_0/led_8bits_axi_gpio_0_0_board.xdc] for cell 'led_8bits_i/axi_gpio_0/U0'
Parsing XDC File [d:/Xilinx_Project/LED_8bits/LED_8bits.srcs/sources_1/bd/led_8bits/ip/led_8bits_axi_gpio_0_0/led_8bits_axi_gpio_0_0.xdc] for cell 'led_8bits_i/axi_gpio_0/U0'
Finished Parsing XDC File [d:/Xilinx_Project/LED_8bits/LED_8bits.srcs/sources_1/bd/led_8bits/ip/led_8bits_axi_gpio_0_0/led_8bits_axi_gpio_0_0.xdc] for cell 'led_8bits_i/axi_gpio_0/U0'
Parsing XDC File [d:/Xilinx_Project/LED_8bits/LED_8bits.srcs/sources_1/bd/led_8bits/ip/led_8bits_rst_ps7_0_50M_0/led_8bits_rst_ps7_0_50M_0_board.xdc] for cell 'led_8bits_i/rst_ps7_0_50M/U0'
Finished Parsing XDC File [d:/Xilinx_Project/LED_8bits/LED_8bits.srcs/sources_1/bd/led_8bits/ip/led_8bits_rst_ps7_0_50M_0/led_8bits_rst_ps7_0_50M_0_board.xdc] for cell 'led_8bits_i/rst_ps7_0_50M/U0'
Parsing XDC File [d:/Xilinx_Project/LED_8bits/LED_8bits.srcs/sources_1/bd/led_8bits/ip/led_8bits_rst_ps7_0_50M_0/led_8bits_rst_ps7_0_50M_0.xdc] for cell 'led_8bits_i/rst_ps7_0_50M/U0'
Finished Parsing XDC File [d:/Xilinx_Project/LED_8bits/LED_8bits.srcs/sources_1/bd/led_8bits/ip/led_8bits_rst_ps7_0_50M_0/led_8bits_rst_ps7_0_50M_0.xdc] for cell 'led_8bits_i/rst_ps7_0_50M/U0'
INFO: [Project 1-538] Using original IP XDC constraints instead of the XDC constraints in dcp 'd:/Xilinx_Project/LED_8bits/LED_8bits.srcs/sources_1/bd/led_8bits/ip/led_8bits_processing_system7_0_0/led_8bits_processing_system7_0_0.dcp'
INFO: [Project 1-538] Using original IP XDC constraints instead of the XDC constraints in dcp 'd:/Xilinx_Project/LED_8bits/LED_8bits.srcs/sources_1/bd/led_8bits/ip/led_8bits_axi_gpio_0_0/led_8bits_axi_gpio_0_0.dcp'
INFO: [Project 1-538] Using original IP XDC constraints instead of the XDC constraints in dcp 'd:/Xilinx_Project/LED_8bits/LED_8bits.srcs/sources_1/bd/led_8bits/ip/led_8bits_rst_ps7_0_50M_0/led_8bits_rst_ps7_0_50M_0.dcp'
INFO: [Project 1-538] Using original IP XDC constraints instead of the XDC constraints in dcp 'd:/Xilinx_Project/LED_8bits/LED_8bits.srcs/sources_1/bd/led_8bits/ip/led_8bits_auto_pc_0/led_8bits_auto_pc_0.dcp'
INFO: [Opt 31-138] Pushed 0 inverter(s) to 0 load pin(s).
INFO: [Project 1-111] Unisim Transformation Summary:
No Unisim elements were transformed.

link_design: Time (s): cpu = 00:00:09 ; elapsed = 00:00:11 . Memory (MB): peak = 504.844 ; gain = 294.379
Command: opt_design
Attempting to get a license for feature 'Implementation' and/or device 'xc7z020'
INFO: [Common 17-349] Got license for feature 'Implementation' and/or device 'xc7z020'
Running DRC as a precondition to command opt_design

Starting DRC Task
INFO: [DRC 23-27] Running DRC with 2 threads
INFO: [Project 1-461] DRC finished with 0 Errors
INFO: [Project 1-462] Please refer to the DRC report (report_drc) for more information.

Time (s): cpu = 00:00:01 ; elapsed = 00:00:00.568 . Memory (MB): peak = 515.527 ; gain = 10.684
INFO: [Timing 38-35] Done setting XDC timing constraints.

Starting Logic Optimization Task
Implement Debug Cores | Checksum: 14bdb40fd

Phase 1 Retarget
INFO: [Opt 31-138] Pushed 0 inverter(s) to 0 load pin(s).
INFO: [Opt 31-49] Retargeted 0 cell(s).
Phase 1 Retarget | Checksum: 10bc69f1c

Time (s): cpu = 00:00:00 ; elapsed = 00:00:00.199 . Memory (MB): peak = 986.785 ; gain = 0.004

Phase 2 Constant propagation
INFO: [Opt 31-138] Pushed 0 inverter(s) to 0 load pin(s).
INFO: [Opt 31-10] Eliminated 33 cells.
Phase 2 Constant propagation | Checksum: 1ad36ee75

Time (s): cpu = 00:00:00 ; elapsed = 00:00:00.428 . Memory (MB): peak = 986.785 ; gain = 0.004

Phase 3 Sweep
INFO: [Opt 31-12] Eliminated 200 unconnected nets.
INFO: [Opt 31-11] Eliminated 275 unconnected cells.
Phase 3 Sweep | Checksum: 87844c4d

Time (s): cpu = 00:00:01 ; elapsed = 00:00:01 . Memory (MB): peak = 986.785 ; gain = 0.004

Phase 4 BUFG optimization
INFO: [Opt 31-12] Eliminated 0 unconnected nets.
INFO: [Opt 31-11] Eliminated 0 unconnected cells.
Phase 4 BUFG optimization | Checksum: 15284fac7

Time (s): cpu = 00:00:01 ; elapsed = 00:00:01 . Memory (MB): peak = 986.785 ; gain = 0.004

Starting Connectivity Check Task

Time (s): cpu = 00:00:00 ; elapsed = 00:00:00.005 . Memory (MB): peak = 986.785 ; gain = 0.000
Ending Logic Optimization Task | Checksum: 15284fac7

Time (s): cpu = 00:00:01 ; elapsed = 00:00:01 . Memory (MB): peak = 986.785 ; gain = 0.004

Starting Power Optimization Task
INFO: [Pwropt 34-132] Skipping clock gating for clocks with a period < 2.00 ns.
Ending Power Optimization Task | Checksum: 15284fac7

Time (s): cpu = 00:00:00 ; elapsed = 00:00:00.011 . Memory (MB): peak = 986.785 ; gain = 0.000
INFO: [Common 17-83] Releasing license: Implementation
30 Infos, 4 Warnings, 0 Critical Warnings and 0 Errors encountered.
opt_design completed successfully
opt_design: Time (s): cpu = 00:00:15 ; elapsed = 00:00:16 . Memory (MB): peak = 986.785 ; gain = 481.941
Writing placer database...
Writing XDEF routing.
Writing XDEF routing logical nets.
Writing XDEF routing special nets.
Write XDEF Complete: Time (s): cpu = 00:00:01 ; elapsed = 00:00:00.109 . Memory (MB): peak = 986.785 ; gain = 0.000
INFO: [Common 17-1381] The checkpoint 'D:/Xilinx_Project/LED_8bits/LED_8bits.runs/impl_1/led_8bits_wrapper_opt.dcp' has been generated.
INFO: [DRC 23-27] Running DRC with 2 threads
INFO: [Coretcl 2-168] The results of DRC are in file D:/Xilinx_Project/LED_8bits/LED_8bits.runs/impl_1/led_8bits_wrapper_drc_opted.rpt.
INFO: [Chipscope 16-241] No debug cores found in the current design.
Before running the implement_debug_core command, either use the Set Up Debug wizard (GUI mode)
or use the create_debug_core and connect_debug_core Tcl commands to insert debug cores into the design.
Command: place_design
Attempting to get a license for feature 'Implementation' and/or device 'xc7z020'
INFO: [Common 17-349] Got license for feature 'Implementation' and/or device 'xc7z020'
INFO: [DRC 23-27] Running DRC with 2 threads
INFO: [Vivado_Tcl 4-198] DRC finished with 0 Errors
INFO: [Vivado_Tcl 4-199] Please refer to the DRC report (report_drc) for more information.
Running DRC as a precondition to command place_design
INFO: [DRC 23-27] Running DRC with 2 threads
INFO: [Vivado_Tcl 4-198] DRC finished with 0 Errors
INFO: [Vivado_Tcl 4-199] Please refer to the DRC report (report_drc) for more information.

Starting Placer Task
INFO: [Place 30-611] Multithreading enabled for place_design using a maximum of 2 CPUs

Phase 1 Placer Initialization
Netlist sorting complete. Time (s): cpu = 00:00:00 ; elapsed = 00:00:00.004 . Memory (MB): peak = 986.785 ; gain = 0.000
Netlist sorting complete. Time (s): cpu = 00:00:00 ; elapsed = 00:00:00.005 . Memory (MB): peak = 986.785 ; gain = 0.000

Phase 1.1 IO Placement/ Clock Placement/ Build Placer Device
INFO: [Timing 38-35] Done setting XDC timing constraints.
Phase 1.1 IO Placement/ Clock Placement/ Build Placer Device | Checksum: 12f3680f6

Time (s): cpu = 00:00:03 ; elapsed = 00:00:02 . Memory (MB): peak = 1015.359 ; gain = 28.574

Phase 1.2 Build Placer Netlist Model
Phase 1.2 Build Placer Netlist Model | Checksum: 21487e09b

Time (s): cpu = 00:00:03 ; elapsed = 00:00:02 . Memory (MB): peak = 1015.359 ; gain = 28.574

Phase 1.3 Constrain Clocks/Macros
Phase 1.3 Constrain Clocks/Macros | Checksum: 21487e09b

Time (s): cpu = 00:00:03 ; elapsed = 00:00:03 . Memory (MB): peak = 1015.359 ; gain = 28.574
Phase 1 Placer Initialization | Checksum: 21487e09b

Time (s): cpu = 00:00:03 ; elapsed = 00:00:03 . Memory (MB): peak = 1015.359 ; gain = 28.574

Phase 2 Global Placement
Phase 2 Global Placement | Checksum: 1a5582c30

Time (s): cpu = 00:00:06 ; elapsed = 00:00:04 . Memory (MB): peak = 1015.359 ; gain = 28.574

Phase 3 Detail Placement

Phase 3.1 Commit Multi Column Macros
Phase 3.1 Commit Multi Column Macros | Checksum: 1a5582c30

Time (s): cpu = 00:00:06 ; elapsed = 00:00:04 . Memory (MB): peak = 1015.359 ; gain = 28.574

Phase 3.2 Commit Most Macros & LUTRAMs
Phase 3.2 Commit Most Macros & LUTRAMs | Checksum: 152a0afd4

Time (s): cpu = 00:00:07 ; elapsed = 00:00:04 . Memory (MB): peak = 1015.359 ; gain = 28.574

Phase 3.3 Area Swap Optimization
Phase 3.3 Area Swap Optimization | Checksum: 156e34972

Time (s): cpu = 00:00:07 ; elapsed = 00:00:04 . Memory (MB): peak = 1015.359 ; gain = 28.574

Phase 3.4 Pipeline Register Optimization
Phase 3.4 Pipeline Register Optimization | Checksum: 156e34972

Time (s): cpu = 00:00:07 ; elapsed = 00:00:04 . Memory (MB): peak = 1015.359 ; gain = 28.574

Phase 3.5 Timing Path Optimizer
Phase 3.5 Timing Path Optimizer | Checksum: 2116b62b9

Time (s): cpu = 00:00:07 ; elapsed = 00:00:04 . Memory (MB): peak = 1015.359 ; gain = 28.574

Phase 3.6 Small Shape Detail Placement
Phase 3.6 Small Shape Detail Placement | Checksum: 1b0a5f6ab

Time (s): cpu = 00:00:07 ; elapsed = 00:00:05 . Memory (MB): peak = 1015.359 ; gain = 28.574

Phase 3.7 Re-assign LUT pins
Phase 3.7 Re-assign LUT pins | Checksum: 1fc1336cf

Time (s): cpu = 00:00:07 ; elapsed = 00:00:05 . Memory (MB): peak = 1015.359 ; gain = 28.574

Phase 3.8 Pipeline Register Optimization
Phase 3.8 Pipeline Register Optimization | Checksum: 1fc1336cf

Time (s): cpu = 00:00:08 ; elapsed = 00:00:05 . Memory (MB): peak = 1015.359 ; gain = 28.574
Phase 3 Detail Placement | Checksum: 1fc1336cf

Time (s): cpu = 00:00:08 ; elapsed = 00:00:05 . Memory (MB): peak = 1015.359 ; gain = 28.574

Phase 4 Post Placement Optimization and Clean-Up

Phase 4.1 Post Commit Optimization
INFO: [Timing 38-35] Done setting XDC timing constraints.

Phase 4.1.1 Post Placement Optimization
INFO: [Place 30-746] Post Placement Timing Summary WNS=13.855. For the most accurate timing information please run report_timing.
Phase 4.1.1 Post Placement Optimization | Checksum: 25437c93d

Time (s): cpu = 00:00:08 ; elapsed = 00:00:05 . Memory (MB): peak = 1015.359 ; gain = 28.574
Phase 4.1 Post Commit Optimization | Checksum: 25437c93d

Time (s): cpu = 00:00:08 ; elapsed = 00:00:05 . Memory (MB): peak = 1015.359 ; gain = 28.574

Phase 4.2 Post Placement Cleanup
Phase 4.2 Post Placement Cleanup | Checksum: 25437c93d

Time (s): cpu = 00:00:08 ; elapsed = 00:00:05 . Memory (MB): peak = 1015.359 ; gain = 28.574

Phase 4.3 Placer Reporting
Phase 4.3 Placer Reporting | Checksum: 25437c93d

Time (s): cpu = 00:00:08 ; elapsed = 00:00:05 . Memory (MB): peak = 1015.359 ; gain = 28.574

Phase 4.4 Final Placement Cleanup
Phase 4.4 Final Placement Cleanup | Checksum: 1d53c75c0

Time (s): cpu = 00:00:08 ; elapsed = 00:00:05 . Memory (MB): peak = 1015.359 ; gain = 28.574
Phase 4 Post Placement Optimization and Clean-Up | Checksum: 1d53c75c0

Time (s): cpu = 00:00:08 ; elapsed = 00:00:05 . Memory (MB): peak = 1015.359 ; gain = 28.574
Ending Placer Task | Checksum: 135cea608

Time (s): cpu = 00:00:08 ; elapsed = 00:00:05 . Memory (MB): peak = 1015.359 ; gain = 28.574
INFO: [Common 17-83] Releasing license: Implementation
46 Infos, 4 Warnings, 0 Critical Warnings and 0 Errors encountered.
place_design completed successfully
place_design: Time (s): cpu = 00:00:10 ; elapsed = 00:00:07 . Memory (MB): peak = 1015.359 ; gain = 28.574
Writing placer database...
Writing XDEF routing.
Writing XDEF routing logical nets.
Writing XDEF routing special nets.
Write XDEF Complete: Time (s): cpu = 00:00:01 ; elapsed = 00:00:00.220 . Memory (MB): peak = 1015.359 ; gain = 0.000
INFO: [Common 17-1381] The checkpoint 'D:/Xilinx_Project/LED_8bits/LED_8bits.runs/impl_1/led_8bits_wrapper_placed.dcp' has been generated.
report_io: Time (s): cpu = 00:00:00 ; elapsed = 00:00:00.082 . Memory (MB): peak = 1015.359 ; gain = 0.000
report_utilization: Time (s): cpu = 00:00:00 ; elapsed = 00:00:00.033 . Memory (MB): peak = 1015.359 ; gain = 0.000
report_control_sets: Time (s): cpu = 00:00:00 ; elapsed = 00:00:00.006 . Memory (MB): peak = 1015.359 ; gain = 0.000
Command: route_design
Attempting to get a license for feature 'Implementation' and/or device 'xc7z020'
INFO: [Common 17-349] Got license for feature 'Implementation' and/or device 'xc7z020'
Running DRC as a precondition to command route_design
INFO: [DRC 23-27] Running DRC with 2 threads
INFO: [Vivado_Tcl 4-198] DRC finished with 0 Errors
INFO: [Vivado_Tcl 4-199] Please refer to the DRC report (report_drc) for more information.


Starting Routing Task
INFO: [Route 35-254] Multithreading enabled for route_design using a maximum of 2 CPUs
Checksum: PlaceDB: cd52a66e ConstDB: 0 ShapeSum: 687bff9a RouteDB: 0

Phase 1 Build RT Design
Phase 1 Build RT Design | Checksum: 93281757

Time (s): cpu = 00:00:33 ; elapsed = 00:00:28 . Memory (MB): peak = 1158.840 ; gain = 143.480

Phase 2 Router Initialization

Phase 2.1 Create Timer
Phase 2.1 Create Timer | Checksum: 93281757

Time (s): cpu = 00:00:33 ; elapsed = 00:00:28 . Memory (MB): peak = 1158.840 ; gain = 143.480

Phase 2.2 Fix Topology Constraints
Phase 2.2 Fix Topology Constraints | Checksum: 93281757

Time (s): cpu = 00:00:33 ; elapsed = 00:00:28 . Memory (MB): peak = 1158.840 ; gain = 143.480

Phase 2.3 Pre Route Cleanup
Phase 2.3 Pre Route Cleanup | Checksum: 93281757

Time (s): cpu = 00:00:33 ; elapsed = 00:00:28 . Memory (MB): peak = 1158.840 ; gain = 143.480
 Number of Nodes with overlaps = 0

Phase 2.4 Update Timing
Phase 2.4 Update Timing | Checksum: 1b250bf62

Time (s): cpu = 00:00:34 ; elapsed = 00:00:29 . Memory (MB): peak = 1171.199 ; gain = 155.840
INFO: [Route 35-416] Intermediate Timing Summary | WNS=13.842 | TNS=0.000  | WHS=-0.191 | THS=-10.947|

Phase 2 Router Initialization | Checksum: 1d3f357d2

Time (s): cpu = 00:00:34 ; elapsed = 00:00:29 . Memory (MB): peak = 1171.199 ; gain = 155.840

Phase 3 Initial Routing
Phase 3 Initial Routing | Checksum: a20016f1

Time (s): cpu = 00:00:34 ; elapsed = 00:00:29 . Memory (MB): peak = 1171.199 ; gain = 155.840

Phase 4 Rip-up And Reroute

Phase 4.1 Global Iteration 0
 Number of Nodes with overlaps = 48
 Number of Nodes with overlaps = 0

Phase 4.1.1 Update Timing
Phase 4.1.1 Update Timing | Checksum: 1a838e58f

Time (s): cpu = 00:00:35 ; elapsed = 00:00:30 . Memory (MB): peak = 1171.199 ; gain = 155.840
INFO: [Route 35-416] Intermediate Timing Summary | WNS=12.060 | TNS=0.000  | WHS=N/A    | THS=N/A    |

Phase 4.1 Global Iteration 0 | Checksum: 29963922c

Time (s): cpu = 00:00:35 ; elapsed = 00:00:30 . Memory (MB): peak = 1171.199 ; gain = 155.840

Phase 4.2 Global Iteration 1
 Number of Nodes with overlaps = 1
 Number of Nodes with overlaps = 0

Phase 4.2.1 Update Timing
Phase 4.2.1 Update Timing | Checksum: 1bc9463b9

Time (s): cpu = 00:00:35 ; elapsed = 00:00:30 . Memory (MB): peak = 1171.199 ; gain = 155.840
INFO: [Route 35-416] Intermediate Timing Summary | WNS=12.060 | TNS=0.000  | WHS=N/A    | THS=N/A    |

Phase 4.2 Global Iteration 1 | Checksum: 269f02416

Time (s): cpu = 00:00:35 ; elapsed = 00:00:30 . Memory (MB): peak = 1171.199 ; gain = 155.840
Phase 4 Rip-up And Reroute | Checksum: 269f02416

Time (s): cpu = 00:00:35 ; elapsed = 00:00:30 . Memory (MB): peak = 1171.199 ; gain = 155.840

Phase 5 Delay and Skew Optimization

Phase 5.1 Delay CleanUp
Phase 5.1 Delay CleanUp | Checksum: 269f02416

Time (s): cpu = 00:00:35 ; elapsed = 00:00:30 . Memory (MB): peak = 1171.199 ; gain = 155.840

Phase 5.2 Clock Skew Optimization
Phase 5.2 Clock Skew Optimization | Checksum: 269f02416

Time (s): cpu = 00:00:35 ; elapsed = 00:00:30 . Memory (MB): peak = 1171.199 ; gain = 155.840
Phase 5 Delay and Skew Optimization | Checksum: 269f02416

Time (s): cpu = 00:00:35 ; elapsed = 00:00:30 . Memory (MB): peak = 1171.199 ; gain = 155.840

Phase 6 Post Hold Fix

Phase 6.1 Hold Fix Iter

Phase 6.1.1 Update Timing
Phase 6.1.1 Update Timing | Checksum: 229009c07

Time (s): cpu = 00:00:35 ; elapsed = 00:00:30 . Memory (MB): peak = 1171.199 ; gain = 155.840
INFO: [Route 35-416] Intermediate Timing Summary | WNS=12.175 | TNS=0.000  | WHS=0.066  | THS=0.000  |

Phase 6.1 Hold Fix Iter | Checksum: 1e735aca3

Time (s): cpu = 00:00:35 ; elapsed = 00:00:30 . Memory (MB): peak = 1171.199 ; gain = 155.840
Phase 6 Post Hold Fix | Checksum: 1e735aca3

Time (s): cpu = 00:00:35 ; elapsed = 00:00:30 . Memory (MB): peak = 1171.199 ; gain = 155.840

Phase 7 Route finalize

Router Utilization Summary
  Global Vertical Routing Utilization    = 0.144403 %
  Global Horizontal Routing Utilization  = 0.162863 %
  Routable Net Status*
  *Does not include unroutable nets such as driverless and loadless.
  Run report_route_status for detailed report.
  Number of Failed Nets               = 0
  Number of Unrouted Nets             = 0
  Number of Partially Routed Nets     = 0
  Number of Node Overlaps             = 0

Phase 7 Route finalize | Checksum: 2ad2f1782

Time (s): cpu = 00:00:35 ; elapsed = 00:00:30 . Memory (MB): peak = 1171.199 ; gain = 155.840

Phase 8 Verifying routed nets

 Verification completed successfully
Phase 8 Verifying routed nets | Checksum: 2ad2f1782

Time (s): cpu = 00:00:35 ; elapsed = 00:00:30 . Memory (MB): peak = 1171.199 ; gain = 155.840

Phase 9 Depositing Routes
Phase 9 Depositing Routes | Checksum: 247c633f1

Time (s): cpu = 00:00:36 ; elapsed = 00:00:30 . Memory (MB): peak = 1171.199 ; gain = 155.840

Phase 10 Post Router Timing
INFO: [Route 35-57] Estimated Timing Summary | WNS=12.175 | TNS=0.000  | WHS=0.066  | THS=0.000  |

INFO: [Route 35-327] The final timing numbers are based on the router estimated timing analysis. For a complete and accurate timing signoff, please run report_timing_summary.
Phase 10 Post Router Timing | Checksum: 247c633f1

Time (s): cpu = 00:00:36 ; elapsed = 00:00:30 . Memory (MB): peak = 1171.199 ; gain = 155.840
INFO: [Route 35-16] Router Completed Successfully

Time (s): cpu = 00:00:36 ; elapsed = 00:00:30 . Memory (MB): peak = 1171.199 ; gain = 155.840

Routing Is Done.
INFO: [Common 17-83] Releasing license: Implementation
60 Infos, 4 Warnings, 0 Critical Warnings and 0 Errors encountered.
route_design completed successfully
route_design: Time (s): cpu = 00:00:39 ; elapsed = 00:00:32 . Memory (MB): peak = 1171.199 ; gain = 155.840
Writing placer database...
Writing XDEF routing.
Writing XDEF routing logical nets.
Writing XDEF routing special nets.
Write XDEF Complete: Time (s): cpu = 00:00:00 ; elapsed = 00:00:00.222 . Memory (MB): peak = 1171.199 ; gain = 0.000
INFO: [Common 17-1381] The checkpoint 'D:/Xilinx_Project/LED_8bits/LED_8bits.runs/impl_1/led_8bits_wrapper_routed.dcp' has been generated.
INFO: [DRC 23-27] Running DRC with 2 threads
INFO: [Coretcl 2-168] The results of DRC are in file D:/Xilinx_Project/LED_8bits/LED_8bits.runs/impl_1/led_8bits_wrapper_drc_routed.rpt.
INFO: [Timing 38-35] Done setting XDC timing constraints.
INFO: [DRC 23-133] Running Methodology with 2 threads
INFO: [Coretcl 2-1520] The results of Report Methodology are in file D:/Xilinx_Project/LED_8bits/LED_8bits.runs/impl_1/led_8bits_wrapper_methodology_drc_routed.rpt.
INFO: [Timing 38-35] Done setting XDC timing constraints.
INFO: [Timing 38-91] UpdateTimingParams: Speed grade: -1, Delay Type: min_max.
INFO: [Timing 38-191] Multithreading enabled for timing update using a maximum of 2 CPUs
INFO: [Timing 38-35] Done setting XDC timing constraints.
Command: report_power -file led_8bits_wrapper_power_routed.rpt -pb led_8bits_wrapper_power_summary_routed.pb -rpx led_8bits_wrapper_power_routed.rpx
Running Vector-less Activity Propagation...

Finished Running Vector-less Activity Propagation
70 Infos, 4 Warnings, 0 Critical Warnings and 0 Errors encountered.
report_power completed successfully
Command: write_bitstream -force -no_partial_bitfile led_8bits_wrapper.bit
Attempting to get a license for feature 'Implementation' and/or device 'xc7z020'
INFO: [Common 17-349] Got license for feature 'Implementation' and/or device 'xc7z020'
Running DRC as a precondition to command write_bitstream
INFO: [DRC 23-27] Running DRC with 2 threads
INFO: [Vivado 12-3199] DRC finished with 0 Errors
INFO: [Vivado 12-3200] Please refer to the DRC report (report_drc) for more information.
Loading data files...
Loading site data...
Loading route data...
Processing options...
Creating bitmap...
Creating bitstream...
Writing bitstream ./led_8bits_wrapper.bit...
INFO: [Vivado 12-1842] Bitgen Completed Successfully.
INFO: [Project 1-120] WebTalk data collection is mandatory when using a WebPACK part without a full Vivado license. To see the specific WebTalk data collected for your design, open the usage_statistics_webtalk.html or usage_statistics_webtalk.xml file in the implementation directory.
INFO: [Common 17-186] 'D:/Xilinx_Project/LED_8bits/LED_8bits.runs/impl_1/usage_statistics_webtalk.xml' has been successfully sent to Xilinx on Thu Oct 20 18:45:53 2016. For additional details about this file, please refer to the WebTalk help file at E:/Xilinx/Vivado/2016.3/doc/webtalk_introduction.html.
INFO: [Common 17-83] Releasing license: Implementation
78 Infos, 4 Warnings, 0 Critical Warnings and 0 Errors encountered.
write_bitstream completed successfully
write_bitstream: Time (s): cpu = 00:00:22 ; elapsed = 00:00:25 . Memory (MB): peak = 1536.961 ; gain = 357.191
INFO: [Common 17-206] Exiting Vivado at Thu Oct 20 18:45:53 2016...
