Copyright 1986-2015 Xilinx, Inc. All Rights Reserved.
--------------------------------------------------------------------------------------------------
| Tool Version : Vivado v.2015.4 (win64) Build 1412921 Wed Nov 18 09:43:45 MST 2015
| Date         : Thu Oct 27 15:59:05 2016
| Host         : user-PC running 64-bit Service Pack 1  (build 7601)
| Command      : report_control_sets -verbose -file design_sdcard_wrapper_control_sets_placed.rpt
| Design       : design_sdcard_wrapper
| Device       : xc7z020
--------------------------------------------------------------------------------------------------

Control Set Information

Table of Contents
-----------------
1. Summary
2. Flip-Flop Distribution
3. Detailed Control Set Information

1. Summary
----------

+-------------------------------------------------------------------+-------+
|                               Status                              | Count |
+-------------------------------------------------------------------+-------+
| Number of unique control sets                                     |    32 |
| Minimum Number of register sites lost to control set restrictions |    76 |
+-------------------------------------------------------------------+-------+


2. Flip-Flop Distribution
-------------------------

+--------------+-----------------------+------------------------+-----------------+--------------+
| Clock Enable | Synchronous Set/Reset | Asynchronous Set/Reset | Total Registers | Total Slices |
+--------------+-----------------------+------------------------+-----------------+--------------+
| No           | No                    | No                     |             124 |           50 |
| No           | No                    | Yes                    |               0 |            0 |
| No           | Yes                   | No                     |              96 |           28 |
| Yes          | No                    | No                     |             338 |           78 |
| Yes          | No                    | Yes                    |               0 |            0 |
| Yes          | Yes                   | No                     |              22 |            5 |
+--------------+-----------------------+------------------------+-----------------+--------------+


3. Detailed Control Set Information
-----------------------------------

+------------------------------------------------------+-----------------------------------------------------------------------------------------------------------------------------------------------------------------------------------+--------------------------------------------------------------------------------------------------------------------------------------------------------------+------------------+----------------+
|                     Clock Signal                     |                                                                                   Enable Signal                                                                                   |                                                                       Set/Reset Signal                                                                       | Slice Load Count | Bel Load Count |
+------------------------------------------------------+-----------------------------------------------------------------------------------------------------------------------------------------------------------------------------------+--------------------------------------------------------------------------------------------------------------------------------------------------------------+------------------+----------------+
|  design_sdcard_i/processing_system7_0/inst/FCLK_CLK0 | design_sdcard_i/processing_system7_0_axi_periph/s00_couplers/auto_pc/inst/gen_axilite.gen_b2s_conv.axilite_b2s/WR.b_channel_0/bid_fifo_0/bresp_push                               |                                                                                                                                                              |                1 |              2 |
|  design_sdcard_i/processing_system7_0/inst/FCLK_CLK0 |                                                                                                                                                                                   | design_sdcard_i/axi_gpio_0/U0/AXI_LITE_IPIF_I/I_SLAVE_ATTACHMENT/INCLUDE_DPHASE_TIMER.dpto_cnt[3]_i_1_n_0                                                    |                1 |              4 |
|  design_sdcard_i/processing_system7_0/inst/FCLK_CLK0 |                                                                                                                                                                                   | design_sdcard_i/rst_processing_system7_0_50M/U0/EXT_LPF/lpf_int                                                                                              |                3 |              4 |
|  design_sdcard_i/processing_system7_0/inst/FCLK_CLK0 | design_sdcard_i/processing_system7_0_axi_periph/s00_couplers/auto_pc/inst/gen_axilite.gen_b2s_conv.axilite_b2s/RD.ar_channel_0/ar_cmd_fsm_0/axlen_cnt_reg[0]_0[0]                 |                                                                                                                                                              |                2 |              4 |
|  design_sdcard_i/processing_system7_0/inst/FCLK_CLK0 | design_sdcard_i/processing_system7_0_axi_periph/s00_couplers/auto_pc/inst/gen_axilite.gen_b2s_conv.axilite_b2s/WR.aw_channel_0/aw_cmd_fsm_0/axlen_cnt_reg[4]                      |                                                                                                                                                              |                2 |              4 |
|  design_sdcard_i/processing_system7_0/inst/FCLK_CLK0 | design_sdcard_i/processing_system7_0_axi_periph/s00_couplers/auto_pc/inst/gen_axilite.gen_b2s_conv.axilite_b2s/WR.aw_channel_0/aw_cmd_fsm_0/axlen_cnt_reg[4]                      | design_sdcard_i/processing_system7_0_axi_periph/s00_couplers/auto_pc/inst/gen_axilite.gen_b2s_conv.axilite_b2s/WR.aw_channel_0/aw_cmd_fsm_0/axlen_cnt_reg[7] |                1 |              4 |
|  design_sdcard_i/processing_system7_0/inst/FCLK_CLK0 | design_sdcard_i/processing_system7_0_axi_periph/s00_couplers/auto_pc/inst/gen_axilite.gen_b2s_conv.axilite_b2s/WR.aw_channel_0/aw_cmd_fsm_0/E[0]                                  |                                                                                                                                                              |                1 |              4 |
|  design_sdcard_i/processing_system7_0/inst/FCLK_CLK0 | design_sdcard_i/processing_system7_0_axi_periph/s00_couplers/auto_pc/inst/gen_axilite.gen_b2s_conv.axilite_b2s/RD.ar_channel_0/ar_cmd_fsm_0/axlen_cnt_reg[4]                      |                                                                                                                                                              |                2 |              4 |
|  design_sdcard_i/processing_system7_0/inst/FCLK_CLK0 | design_sdcard_i/processing_system7_0_axi_periph/s00_couplers/auto_pc/inst/gen_axilite.gen_b2s_conv.axilite_b2s/RD.ar_channel_0/ar_cmd_fsm_0/axlen_cnt_reg[4]                      | design_sdcard_i/processing_system7_0_axi_periph/s00_couplers/auto_pc/inst/gen_axilite.gen_b2s_conv.axilite_b2s/RD.ar_channel_0/ar_cmd_fsm_0/axlen_cnt_reg[7] |                1 |              4 |
|  design_sdcard_i/processing_system7_0/inst/FCLK_CLK0 | design_sdcard_i/rst_processing_system7_0_50M/U0/SEQ/seq_cnt_en                                                                                                                    | design_sdcard_i/rst_processing_system7_0_50M/U0/SEQ/SEQ_COUNTER/clear                                                                                        |                1 |              6 |
|  design_sdcard_i/processing_system7_0/inst/FCLK_CLK0 |                                                                                                                                                                                   | design_sdcard_i/processing_system7_0_axi_periph/s00_couplers/auto_pc/inst/gen_axilite.gen_b2s_conv.axilite_b2s/SI_REG/r_pipe/SR[0]                           |                3 |              8 |
|  design_sdcard_i/processing_system7_0/inst/FCLK_CLK0 | design_sdcard_i/processing_system7_0_axi_periph/s00_couplers/auto_pc/inst/gen_axilite.gen_b2s_conv.axilite_b2s/WR.b_channel_0/mhandshake_r                                        | design_sdcard_i/processing_system7_0_axi_periph/s00_couplers/auto_pc/inst/gen_axilite.gen_b2s_conv.axilite_b2s/WR.b_channel_0/bid_fifo_0/SR[0]               |                2 |              8 |
|  design_sdcard_i/processing_system7_0/inst/FCLK_CLK0 | design_sdcard_i/processing_system7_0_axi_periph/s00_couplers/auto_pc/inst/gen_axilite.gen_b2s_conv.axilite_b2s/WR.aw_channel_0/cmd_translator_0/incr_cmd_0/axaddr_incr[0]_i_1_n_0 |                                                                                                                                                              |                3 |             12 |
|  design_sdcard_i/processing_system7_0/inst/FCLK_CLK0 | design_sdcard_i/processing_system7_0_axi_periph/s00_couplers/auto_pc/inst/gen_axilite.gen_b2s_conv.axilite_b2s/RD.ar_channel_0/ar_cmd_fsm_0/axaddr_wrap_reg[0][0]                 |                                                                                                                                                              |                4 |             12 |
|  design_sdcard_i/processing_system7_0/inst/FCLK_CLK0 | design_sdcard_i/processing_system7_0_axi_periph/s00_couplers/auto_pc/inst/gen_axilite.gen_b2s_conv.axilite_b2s/RD.ar_channel_0/ar_cmd_fsm_0/E[0]                                  |                                                                                                                                                              |                5 |             12 |
|  design_sdcard_i/processing_system7_0/inst/FCLK_CLK0 | design_sdcard_i/processing_system7_0_axi_periph/s00_couplers/auto_pc/inst/gen_axilite.gen_b2s_conv.axilite_b2s/WR.aw_channel_0/aw_cmd_fsm_0/axaddr_wrap_reg[0][0]                 |                                                                                                                                                              |                4 |             12 |
|  design_sdcard_i/processing_system7_0/inst/FCLK_CLK0 | design_sdcard_i/processing_system7_0_axi_periph/s00_couplers/auto_pc/inst/gen_axilite.gen_b2s_conv.axilite_b2s/WR.aw_channel_0/aw_cmd_fsm_0/wrap_boundary_axaddr_r_reg[11]        |                                                                                                                                                              |                3 |             12 |
|  design_sdcard_i/processing_system7_0/inst/FCLK_CLK0 | design_sdcard_i/processing_system7_0_axi_periph/s00_couplers/auto_pc/inst/gen_axilite.gen_b2s_conv.axilite_b2s/RD.ar_channel_0/ar_cmd_fsm_0/axaddr_incr_reg[11]                   |                                                                                                                                                              |                3 |             12 |
|  design_sdcard_i/processing_system7_0/inst/FCLK_CLK0 | design_sdcard_i/processing_system7_0_axi_periph/s00_couplers/auto_pc/inst/gen_axilite.gen_b2s_conv.axilite_b2s/RD.r_channel_0/r_push_r                                            |                                                                                                                                                              |                4 |             13 |
|  design_sdcard_i/processing_system7_0/inst/FCLK_CLK0 | design_sdcard_i/processing_system7_0_axi_periph/s00_couplers/auto_pc/inst/gen_axilite.gen_b2s_conv.axilite_b2s/SI_REG/b_pipe/p_1_in                                               |                                                                                                                                                              |                2 |             14 |
|  design_sdcard_i/processing_system7_0/inst/FCLK_CLK0 | design_sdcard_i/processing_system7_0_axi_periph/s00_couplers/auto_pc/inst/gen_axilite.gen_b2s_conv.axilite_b2s/SI_REG/b_pipe/skid_buffer_reg[0]_0                                 |                                                                                                                                                              |                2 |             14 |
|  design_sdcard_i/processing_system7_0/inst/FCLK_CLK0 | design_sdcard_i/processing_system7_0_axi_periph/s00_couplers/auto_pc/inst/gen_axilite.gen_b2s_conv.axilite_b2s/WR.aw_channel_0/aw_cmd_fsm_0/b_push                                |                                                                                                                                                              |                5 |             20 |
|  design_sdcard_i/processing_system7_0/inst/FCLK_CLK0 |                                                                                                                                                                                   | design_sdcard_i/axi_gpio_0/U0/AXI_LITE_IPIF_I/I_SLAVE_ATTACHMENT/SR                                                                                          |                8 |             21 |
|  design_sdcard_i/processing_system7_0/inst/FCLK_CLK0 | design_sdcard_i/processing_system7_0_axi_periph/s00_couplers/auto_pc/inst/gen_axilite.gen_b2s_conv.axilite_b2s/RD.ar_channel_0/ar_cmd_fsm_0/m_payload_i_reg[0]_1[0]               |                                                                                                                                                              |                9 |             32 |
|  design_sdcard_i/processing_system7_0/inst/FCLK_CLK0 | design_sdcard_i/processing_system7_0_axi_periph/s00_couplers/auto_pc/inst/gen_axilite.gen_b2s_conv.axilite_b2s/WR.aw_channel_0/aw_cmd_fsm_0/m_payload_i_reg[0][0]                 |                                                                                                                                                              |                6 |             32 |
|  design_sdcard_i/processing_system7_0/inst/FCLK_CLK0 | design_sdcard_i/processing_system7_0_axi_periph/s00_couplers/auto_pc/inst/gen_axilite.gen_b2s_conv.axilite_b2s/SI_REG/ar_pipe/skid_buffer_reg[0]_0                                |                                                                                                                                                              |                9 |             32 |
|  design_sdcard_i/processing_system7_0/inst/FCLK_CLK0 | design_sdcard_i/processing_system7_0_axi_periph/s00_couplers/auto_pc/inst/gen_axilite.gen_b2s_conv.axilite_b2s/SI_REG/aw_pipe/skid_buffer_reg[0]_0                                |                                                                                                                                                              |                6 |             32 |
|  design_sdcard_i/processing_system7_0/inst/FCLK_CLK0 | design_sdcard_i/processing_system7_0_axi_periph/s00_couplers/auto_pc/inst/gen_axilite.gen_b2s_conv.axilite_b2s/RD.r_channel_0/rd_data_fifo_0/wr_en0                               |                                                                                                                                                              |                9 |             34 |
|  design_sdcard_i/processing_system7_0/inst/FCLK_CLK0 | design_sdcard_i/processing_system7_0_axi_periph/s00_couplers/auto_pc/inst/gen_axilite.gen_b2s_conv.axilite_b2s/SI_REG/r_pipe/p_1_in                                               |                                                                                                                                                              |                7 |             47 |
|  design_sdcard_i/processing_system7_0/inst/FCLK_CLK0 | design_sdcard_i/processing_system7_0_axi_periph/s00_couplers/auto_pc/inst/gen_axilite.gen_b2s_conv.axilite_b2s/SI_REG/r_pipe/skid_buffer_reg[0]_0                                 |                                                                                                                                                              |                8 |             47 |
|  design_sdcard_i/processing_system7_0/inst/FCLK_CLK0 |                                                                                                                                                                                   | design_sdcard_i/processing_system7_0_axi_periph/s00_couplers/auto_pc/inst/gen_axilite.gen_b2s_conv.axilite_b2s/areset_d1                                     |               13 |             59 |
|  design_sdcard_i/processing_system7_0/inst/FCLK_CLK0 |                                                                                                                                                                                   |                                                                                                                                                              |               51 |            125 |
+------------------------------------------------------+-----------------------------------------------------------------------------------------------------------------------------------------------------------------------------------+--------------------------------------------------------------------------------------------------------------------------------------------------------------+------------------+----------------+


