#
# A fatal error has been detected by the Java Runtime Environment:
#
#  EXCEPTION_UNCAUGHT_CXX_EXCEPTION (0xe06d7363) at pc=0x000007fefd63a06d, pid=10384, tid=296
#
# JRE version: Java(TM) SE Runtime Environment (8.0_45-b15) (build 1.8.0_45-b15)
# Java VM: Java HotSpot(TM) 64-Bit Server VM (25.45-b02 mixed mode windows-amd64 compressed oops)
# Problematic frame:
# C  [KERNELBASE.dll+0x1a06d]
#
# Failed to write core dump. Minidumps are not enabled by default on client versions of Windows
#
# If you would like to submit a bug report, please visit:
#   http://bugreport.java.com/bugreport/crash.jsp
#

---------------  T H R E A D  ---------------

Current thread (0x0000000015102800):  VMThread [stack: 0x0000000016050000,0x0000000016150000] [id=296]

siginfo: ExceptionCode=0xe06d7363, ExceptionInformation=0x0000000019930520 0x000000001614f6c8 0x000007fef0f22cb8 0x000007fef0e70000 

Registers:
RAX=0x000000003297e369, RBX=0x000007fef0f22cb8, RCX=0x000000001614ef10, RDX=0x00000000000000d0
RSP=0x000000001614f520, RBP=0x000000001614f650, RSI=0x00000000ffffffff, RDI=0x00000000248690d0
R8 =0x0000000000000000, R9 =0x0000000000000000, R10=0x000007fef0e70000, R11=0x000000001614f560
R12=0x0000000000000001, R13=0x0000000000000008, R14=0x0000000000000000, R15=0xffffffffffffffff
RIP=0x000007fefd63a06d, EFLAGS=0x0000000000000206

Top of Stack: (sp=0x000000001614f520)
0x000000001614f520:   000007fef0f22cb8 00000000ffffffff
0x000000001614f530:   00000000248690d0 00000000006c88b0
0x000000001614f540:   00000001e06d7363 0000000000000000
0x000000001614f550:   000007fefd63a06d 000007fe00000004
0x000000001614f560:   0000000019930520 000000001614f6c8
0x000000001614f570:   000007fef0f22cb8 000007fef0e70000
0x000000001614f580:   0000000000000000 000000001614f608
0x000000001614f590:   0000000000000028 00000000248690c0
0x000000001614f5a0:   0000000017629d70 0000000000000000
0x000000001614f5b0:   000007fffff98000 000000007787f4e3
0x000000001614f5c0:   0000000000000000 0000000000000008
0x000000001614f5d0:   0000000000000001 00000000248690d0
0x000000001614f5e0:   00000000ffffffff 000007fef0ece92c
0x000000001614f5f0:   000007fef0f22cb8 000000001614f660
0x000000001614f600:   0000000000000001 000007fef0e700f8
0x000000001614f610:   00000001e06d7363 0000000000000000 

Instructions: (pc=0x000007fefd63a06d)
0x000007fefd63a04d:   54 24 24 48 89 4c 24 28 4d 85 c9 0f 85 6a 03 00
0x000007fefd63a05d:   00 89 4c 24 38 48 8d 4c 24 20 ff 15 33 02 03 00
0x000007fefd63a06d:   48 81 c4 c8 00 00 00 c3 90 90 90 90 90 90 90 90
0x000007fefd63a07d:   90 90 90 48 83 ec 28 65 48 8b 04 25 30 00 00 00 


Register to memory mapping:

RAX=0x000000003297e369 is an unknown value
RBX=0x000007fef0f22cb8 is an unknown value
RCX=0x000000001614ef10 is an unknown value
RDX=0x00000000000000d0 is an unknown value
RSP=0x000000001614f520 is an unknown value
RBP=0x000000001614f650 is an unknown value
RSI=0x00000000ffffffff is an unallocated location in the heap
RDI=0x00000000248690d0 is an unknown value
R8 =0x0000000000000000 is an unknown value
R9 =0x0000000000000000 is an unknown value
R10=0x000007fef0e70000 is an unknown value
R11=0x000000001614f560 is an unknown value
R12=0x0000000000000001 is an unknown value
R13=0x0000000000000008 is an unknown value
R14=0x0000000000000000 is an unknown value
R15=0xffffffffffffffff is an unknown value


Stack: [0x0000000016050000,0x0000000016150000],  sp=0x000000001614f520,  free space=1021k
Native frames: (J=compiled Java code, j=interpreted, Vv=VM code, C=native code)
C  [KERNELBASE.dll+0x1a06d]
C  [MSVCR110.dll+0x5e92c]
C  [MSVCR110.dll+0x1315c]
C  [MSVCR110.dll+0x136a9]
C  [MSVCR110.dll+0x13e9c]
C  [MSVCR110.dll+0x239e]
C  [MSVCR110.dll+0xaf9e]
C  [MSVCP110.dll+0x397b9]
C  [librdi_common.dll+0x14283e]
C  [librdi_common.dll+0x141449]
C  0x000007fef0b62400
C  0x000007fef0b62682
C  [ntdll.dll+0x22ac1]
C  [ntdll.dll+0x228d0]
C  [MSVCR100.dll+0x20ccd]
V  [jvm.dll+0x20f135]
V  [jvm.dll+0x247ef7]
V  [jvm.dll+0x247196]
V  [jvm.dll+0x247631]
V  [jvm.dll+0x24784e]
V  [jvm.dll+0x29853a]
C  [MSVCR100.dll+0x21d9f]
C  [MSVCR100.dll+0x21e3b]
C  [kernel32.dll+0x159cd]
C  [ntdll.dll+0x2a561]

VM_Operation (0x000000000012f500): Exit, mode: safepoint, requested by thread 0x0000000002738000


---------------  P R O C E S S  ---------------

Java Threads: ( => current thread )
  0x00000000183a3800 JavaThread "pool-2-thread-10" [_thread_blocked, id=10648, stack(0x000000001f820000,0x000000001f920000)]
  0x000000001c3ef800 JavaThread "pool-2-thread-9" [_thread_blocked, id=10420, stack(0x00000000275e0000,0x00000000276e0000)]
  0x0000000016d96000 JavaThread "pool-2-thread-8" [_thread_blocked, id=6244, stack(0x00000000273e0000,0x00000000274e0000)]
  0x000000001e9ab000 JavaThread "pool-2-thread-7" [_thread_blocked, id=2648, stack(0x000000001ffd0000,0x00000000200d0000)]
  0x000000001839e000 JavaThread "pool-2-thread-6" [_thread_blocked, id=9856, stack(0x0000000026be0000,0x0000000026ce0000)]
  0x0000000022bd4000 JavaThread "pool-2-thread-5" [_thread_blocked, id=3356, stack(0x0000000026ee0000,0x0000000026fe0000)]
  0x00000000183a1000 JavaThread "pool-2-thread-4" [_thread_blocked, id=7648, stack(0x0000000026ce0000,0x0000000026de0000)]
  0x000000001839f000 JavaThread "pool-2-thread-3" [_thread_blocked, id=12052, stack(0x00000000266f0000,0x00000000267f0000)]
  0x000000001c3f2800 JavaThread "pool-2-thread-2" [_thread_blocked, id=2772, stack(0x00000000260f0000,0x00000000261f0000)]
  0x000000001e9b0800 JavaThread "pool-2-thread-1" [_thread_blocked, id=1636, stack(0x0000000025bf0000,0x0000000025cf0000)]
  0x000000001e9af800 JavaThread "Thread-19" daemon [_thread_blocked, id=11896, stack(0x0000000025af0000,0x0000000025bf0000)]
  0x0000000019d84000 JavaThread "TCF Locator DNS Lookup" daemon [_thread_blocked, id=11864, stack(0x000000001d4e0000,0x000000001d5e0000)]
  0x0000000019d83000 JavaThread "TCF Locator Timer" daemon [_thread_blocked, id=11064, stack(0x000000001d3e0000,0x000000001d4e0000)]
  0x0000000019d80000 JavaThread "TCF Locator Receiver" daemon [_thread_in_native, id=8516, stack(0x000000001d2e0000,0x000000001d3e0000)]
  0x0000000019d81800 JavaThread "TCF Timer Dispatcher" daemon [_thread_blocked, id=7464, stack(0x000000001d0e0000,0x000000001d1e0000)]
  0x00000000186a5000 JavaThread "EMF Reference Cleaner" daemon [_thread_blocked, id=4684, stack(0x0000000019150000,0x0000000019250000)]
  0x000000001520a800 JavaThread "Service Thread" daemon [_thread_blocked, id=10252, stack(0x0000000016950000,0x0000000016a50000)]
  0x00000000151a2000 JavaThread "C1 CompilerThread3" daemon [_thread_blocked, id=3976, stack(0x0000000016850000,0x0000000016950000)]
  0x000000001517f800 JavaThread "C2 CompilerThread2" daemon [_thread_blocked, id=2072, stack(0x0000000016750000,0x0000000016850000)]
  0x0000000015174800 JavaThread "C2 CompilerThread1" daemon [_thread_blocked, id=10484, stack(0x0000000016650000,0x0000000016750000)]
  0x0000000015166000 JavaThread "C2 CompilerThread0" daemon [_thread_blocked, id=4596, stack(0x0000000016550000,0x0000000016650000)]
  0x0000000015165000 JavaThread "Attach Listener" daemon [_thread_blocked, id=11468, stack(0x0000000016450000,0x0000000016550000)]
  0x000000001514f800 JavaThread "Signal Dispatcher" daemon [_thread_blocked, id=4384, stack(0x0000000016350000,0x0000000016450000)]
  0x0000000013f8c000 JavaThread "Finalizer" daemon [_thread_blocked, id=8552, stack(0x0000000016250000,0x0000000016350000)]
  0x0000000013f85800 JavaThread "Reference Handler" daemon [_thread_blocked, id=4080, stack(0x0000000016150000,0x0000000016250000)]
  0x0000000002738000 JavaThread "main" [_thread_blocked, id=8048, stack(0x0000000000030000,0x0000000000130000)]

Other Threads:
=>0x0000000015102800 VMThread [stack: 0x0000000016050000,0x0000000016150000] [id=296]

VM state:at safepoint (shutting down)

VM Mutex/Monitor currently owned by a thread:  ([mutex/lock_event])
[0x000000000256e8d0] Threads_lock - owner thread: 0x0000000015102800

Heap:
 PSYoungGen      total 136704K, used 38781K [0x00000000f5580000, 0x00000000fe200000, 0x0000000100000000)
  eden space 129024K, 27% used [0x00000000f5580000,0x00000000f784f730,0x00000000fd380000)
  from space 7680K, 40% used [0x00000000fd380000,0x00000000fd690000,0x00000000fdb00000)
  to   space 7168K, 0% used [0x00000000fdb00000,0x00000000fdb00000,0x00000000fe200000)
 ParOldGen       total 108544K, used 80262K [0x00000000e0000000, 0x00000000e6a00000, 0x00000000f5580000)
  object space 108544K, 73% used [0x00000000e0000000,0x00000000e4e61950,0x00000000e6a00000)
 Metaspace       used 88682K, capacity 95818K, committed 96128K, reserved 1132544K
  class space    used 10204K, capacity 12380K, committed 12416K, reserved 1048576K

Card table byte_map: [0x0000000011b90000,0x0000000011ca0000] byte_map_base: 0x0000000011490000

Marking Bits: (ParMarkBitMap*) 0x000000006adf4040
 Begin Bits: [0x00000000124a0000, 0x0000000012ca0000)
 End Bits:   [0x0000000012ca0000, 0x00000000134a0000)

Polling page: 0x0000000000330000

CodeCache: size=245760Kb used=66353Kb max_used=66537Kb free=179406Kb
 bounds [0x00000000027d0000, 0x0000000006980000, 0x00000000117d0000]
 total_blobs=17766 nmethods=16913 adapters=758
 compilation: enabled

Compilation events (10 events):
Event: 498325.944 Thread 0x0000000015166000 22783       4       java.util.jar.Manifest::getAttributes (14 bytes)
Event: 498326.021 Thread 0x0000000015166000 nmethod 22783 0x0000000004f275d0 code [0x0000000004f27740, 0x0000000004f27bf8]
Event: 498326.095 Thread 0x00000000151a2000 22785       3       org.eclipse.osgi.internal.serviceregistry.ServiceRegistry::removeServiceRegistration (139 bytes)
Event: 498326.096 Thread 0x00000000151a2000 nmethod 22785 0x0000000004e090d0 code [0x0000000004e092e0, 0x0000000004e09d48]
Event: 498326.096 Thread 0x00000000151a2000 22784   !   3       org.eclipse.osgi.internal.serviceregistry.ServiceRegistrationImpl::unregister (253 bytes)
Event: 498326.100 Thread 0x00000000151a2000 nmethod 22784 0x00000000055e4fd0 code [0x00000000055e53e0, 0x00000000055e79b8]
Event: 498327.378 Thread 0x00000000151a2000 22786   !   3       org.eclipse.osgi.internal.baseadaptor.BaseStorage::compact (215 bytes)
Event: 498327.463 Thread 0x00000000151a2000 nmethod 22786 0x00000000055e11d0 code [0x00000000055e1620, 0x00000000055e3ae8]
Event: 498328.543 Thread 0x00000000151a2000 22787       3       org.eclipse.osgi.framework.internal.core.AbstractBundle::close (52 bytes)
Event: 498328.545 Thread 0x00000000151a2000 nmethod 22787 0x0000000004e61410 code [0x0000000004e61640, 0x0000000004e62348]

GC Heap History (10 events):
Event: 490159.802 GC heap before
{Heap before GC invocations=5691 (full 2418):
 PSYoungGen      total 136192K, used 131072K [0x00000000f5580000, 0x00000000fe380000, 0x0000000100000000)
  eden space 128000K, 100% used [0x00000000f5580000,0x00000000fd280000,0x00000000fd280000)
  from space 8192K, 37% used [0x00000000fdb80000,0x00000000fde80000,0x00000000fe380000)
  to   space 8704K, 0% used [0x00000000fd280000,0x00000000fd280000,0x00000000fdb00000)
 ParOldGen       total 108544K, used 80262K [0x00000000e0000000, 0x00000000e6a00000, 0x00000000f5580000)
  object space 108544K, 73% used [0x00000000e0000000,0x00000000e4e61950,0x00000000e6a00000)
 Metaspace       used 88157K, capacity 95198K, committed 95616K, reserved 1132544K
  class space    used 10146K, capacity 12346K, committed 12416K, reserved 1048576K
Event: 490159.857 GC heap after
Heap after GC invocations=5691 (full 2418):
 PSYoungGen      total 136704K, used 3936K [0x00000000f5580000, 0x00000000fe300000, 0x0000000100000000)
  eden space 128000K, 0% used [0x00000000f5580000,0x00000000f5580000,0x00000000fd280000)
  from space 8704K, 45% used [0x00000000fd280000,0x00000000fd658000,0x00000000fdb00000)
  to   space 8192K, 0% used [0x00000000fdb00000,0x00000000fdb00000,0x00000000fe300000)
 ParOldGen       total 108544K, used 80262K [0x00000000e0000000, 0x00000000e6a00000, 0x00000000f5580000)
  object space 108544K, 73% used [0x00000000e0000000,0x00000000e4e61950,0x00000000e6a00000)
 Metaspace       used 88157K, capacity 95198K, committed 95616K, reserved 1132544K
  class space    used 10146K, capacity 12346K, committed 12416K, reserved 1048576K
}
Event: 492174.709 GC heap before
{Heap before GC invocations=5692 (full 2418):
 PSYoungGen      total 136704K, used 131936K [0x00000000f5580000, 0x00000000fe300000, 0x0000000100000000)
  eden space 128000K, 100% used [0x00000000f5580000,0x00000000fd280000,0x00000000fd280000)
  from space 8704K, 45% used [0x00000000fd280000,0x00000000fd658000,0x00000000fdb00000)
  to   space 8192K, 0% used [0x00000000fdb00000,0x00000000fdb00000,0x00000000fe300000)
 ParOldGen       total 108544K, used 80262K [0x00000000e0000000, 0x00000000e6a00000, 0x00000000f5580000)
  object space 108544K, 73% used [0x00000000e0000000,0x00000000e4e61950,0x00000000e6a00000)
 Metaspace       used 88157K, capacity 95198K, committed 95616K, reserved 1132544K
  class space    used 10146K, capacity 12346K, committed 12416K, reserved 1048576K
Event: 492174.800 GC heap after
Heap after GC invocations=5692 (full 2418):
 PSYoungGen      total 136704K, used 3168K [0x00000000f5580000, 0x00000000fe300000, 0x0000000100000000)
  eden space 128512K, 0% used [0x00000000f5580000,0x00000000f5580000,0x00000000fd300000)
  from space 8192K, 38% used [0x00000000fdb00000,0x00000000fde18000,0x00000000fe300000)
  to   space 8192K, 0% used [0x00000000fd300000,0x00000000fd300000,0x00000000fdb00000)
 ParOldGen       total 108544K, used 80262K [0x00000000e0000000, 0x00000000e6a00000, 0x00000000f5580000)
  object space 108544K, 73% used [0x00000000e0000000,0x00000000e4e61950,0x00000000e6a00000)
 Metaspace       used 88157K, capacity 95198K, committed 95616K, reserved 1132544K
  class space    used 10146K, capacity 12346K, committed 12416K, reserved 1048576K
}
Event: 494158.340 GC heap before
{Heap before GC invocations=5693 (full 2418):
 PSYoungGen      total 136704K, used 131669K [0x00000000f5580000, 0x00000000fe300000, 0x0000000100000000)
  eden space 128512K, 99% used [0x00000000f5580000,0x00000000fd2fd710,0x00000000fd300000)
  from space 8192K, 38% used [0x00000000fdb00000,0x00000000fde18000,0x00000000fe300000)
  to   space 8192K, 0% used [0x00000000fd300000,0x00000000fd300000,0x00000000fdb00000)
 ParOldGen       total 108544K, used 80262K [0x00000000e0000000, 0x00000000e6a00000, 0x00000000f5580000)
  object space 108544K, 73% used [0x00000000e0000000,0x00000000e4e61950,0x00000000e6a00000)
 Metaspace       used 88157K, capacity 95198K, committed 95616K, reserved 1132544K
  class space    used 10146K, capacity 12346K, committed 12416K, reserved 1048576K
Event: 494158.347 GC heap after
Heap after GC invocations=5693 (full 2418):
 PSYoungGen      total 136704K, used 3040K [0x00000000f5580000, 0x00000000fe280000, 0x0000000100000000)
  eden space 128512K, 0% used [0x00000000f5580000,0x00000000f5580000,0x00000000fd300000)
  from space 8192K, 37% used [0x00000000fd300000,0x00000000fd5f8000,0x00000000fdb00000)
  to   space 7680K, 0% used [0x00000000fdb00000,0x00000000fdb00000,0x00000000fe280000)
 ParOldGen       total 108544K, used 80262K [0x00000000e0000000, 0x00000000e6a00000, 0x00000000f5580000)
  object space 108544K, 73% used [0x00000000e0000000,0x00000000e4e61950,0x00000000e6a00000)
 Metaspace       used 88157K, capacity 95198K, committed 95616K, reserved 1132544K
  class space    used 10146K, capacity 12346K, committed 12416K, reserved 1048576K
}
Event: 496160.169 GC heap before
{Heap before GC invocations=5694 (full 2418):
 PSYoungGen      total 136704K, used 131552K [0x00000000f5580000, 0x00000000fe280000, 0x0000000100000000)
  eden space 128512K, 100% used [0x00000000f5580000,0x00000000fd300000,0x00000000fd300000)
  from space 8192K, 37% used [0x00000000fd300000,0x00000000fd5f8000,0x00000000fdb00000)
  to   space 7680K, 0% used [0x00000000fdb00000,0x00000000fdb00000,0x00000000fe280000)
 ParOldGen       total 108544K, used 80262K [0x00000000e0000000, 0x00000000e6a00000, 0x00000000f5580000)
  object space 108544K, 73% used [0x00000000e0000000,0x00000000e4e61950,0x00000000e6a00000)
 Metaspace       used 88157K, capacity 95198K, committed 95616K, reserved 1132544K
  class space    used 10146K, capacity 12346K, committed 12416K, reserved 1048576K
Event: 496160.468 GC heap after
Heap after GC invocations=5694 (full 2418):
 PSYoungGen      total 136704K, used 4448K [0x00000000f5580000, 0x00000000fe280000, 0x0000000100000000)
  eden space 129024K, 0% used [0x00000000f5580000,0x00000000f5580000,0x00000000fd380000)
  from space 7680K, 57% used [0x00000000fdb00000,0x00000000fdf58040,0x00000000fe280000)
  to   space 7680K, 0% used [0x00000000fd380000,0x00000000fd380000,0x00000000fdb00000)
 ParOldGen       total 108544K, used 80262K [0x00000000e0000000, 0x00000000e6a00000, 0x00000000f5580000)
  object space 108544K, 73% used [0x00000000e0000000,0x00000000e4e61950,0x00000000e6a00000)
 Metaspace       used 88157K, capacity 95198K, committed 95616K, reserved 1132544K
  class space    used 10146K, capacity 12346K, committed 12416K, reserved 1048576K
}
Event: 498194.816 GC heap before
{Heap before GC invocations=5695 (full 2418):
 PSYoungGen      total 136704K, used 133472K [0x00000000f5580000, 0x00000000fe280000, 0x0000000100000000)
  eden space 129024K, 100% used [0x00000000f5580000,0x00000000fd380000,0x00000000fd380000)
  from space 7680K, 57% used [0x00000000fdb00000,0x00000000fdf58040,0x00000000fe280000)
  to   space 7680K, 0% used [0x00000000fd380000,0x00000000fd380000,0x00000000fdb00000)
 ParOldGen       total 108544K, used 80262K [0x00000000e0000000, 0x00000000e6a00000, 0x00000000f5580000)
  object space 108544K, 73% used [0x00000000e0000000,0x00000000e4e61950,0x00000000e6a00000)
 Metaspace       used 88162K, capacity 95198K, committed 95616K, reserved 1132544K
  class space    used 10147K, capacity 12346K, committed 12416K, reserved 1048576K
Event: 498195.423 GC heap after
Heap after GC invocations=5695 (full 2418):
 PSYoungGen      total 136704K, used 3136K [0x00000000f5580000, 0x00000000fe200000, 0x0000000100000000)
  eden space 129024K, 0% used [0x00000000f5580000,0x00000000f5580000,0x00000000fd380000)
  from space 7680K, 40% used [0x00000000fd380000,0x00000000fd690000,0x00000000fdb00000)
  to   space 7168K, 0% used [0x00000000fdb00000,0x00000000fdb00000,0x00000000fe200000)
 ParOldGen       total 108544K, used 80262K [0x00000000e0000000, 0x00000000e6a00000, 0x00000000f5580000)
  object space 108544K, 73% used [0x00000000e0000000,0x00000000e4e61950,0x00000000e6a00000)
 Metaspace       used 88162K, capacity 95198K, committed 95616K, reserved 1132544K
  class space    used 10147K, capacity 12346K, committed 12416K, reserved 1048576K
}

Deoptimization events (10 events):
Event: 498320.126 Thread 0x0000000002738000 Uncommon trap: reason=bimorphic action=maybe_recompile pc=0x00000000053cb3a0 method=org.eclipse.core.internal.dtree.AbstractDataTreeNode.assembleWith([Lorg/eclipse/core/internal/dtree/AbstractDataTreeNode;[Lorg/eclipse/core/internal/dtree/AbstractDataTreeNúûÄ@jA
Event: 498320.126 Thread 0x0000000002738000 Uncommon trap: reason=bimorphic action=maybe_recompile pc=0x00000000053cb3a0 method=org.eclipse.core.internal.dtree.AbstractDataTreeNode.assembleWith([Lorg/eclipse/core/internal/dtree/AbstractDataTreeNode;[Lorg/eclipse/core/internal/dtree/AbstractDataTreeN
Event: 498320.126 Thread 0x0000000002738000 Uncommon trap: reason=bimorphic action=maybe_recompile pc=0x00000000053cb3a0 method=org.eclipse.core.internal.dtree.AbstractDataTreeNode.assembleWith([Lorg/eclipse/core/internal/dtree/AbstractDataTreeNode;[Lorg/eclipse/core/internal/dtree/AbstractDataTreeN~ù’Í@jA
Event: 498320.229 Thread 0x0000000002738000 Uncommon trap: reason=bimorphic action=maybe_recompile pc=0x0000000004375840 method=org.eclipse.core.internal.resources.Resource.checkLocal(II)V @ 3
Event: 498321.022 Thread 0x0000000019d82000 Uncommon trap: reason=unstable_if action=reinterpret pc=0x000000000352fb48 method=org.eclipse.tcf.EventQueue.run()V @ 13
Event: 498322.630 Thread 0x0000000022bd5800 Uncommon trap: reason=unstable_if action=reinterpret pc=0x0000000004f4a3f8 method=org.eclipse.core.internal.jobs.WorkerPool.startJob(Lorg/eclipse/core/internal/jobs/Worker;)Lorg/eclipse/core/internal/jobs/InternalJob; @ 177
Event: 498322.630 Thread 0x0000000022bd9800 Uncommon trap: reason=unstable_if action=reinterpret pc=0x0000000004f4a3f8 method=org.eclipse.core.internal.jobs.WorkerPool.startJob(Lorg/eclipse/core/internal/jobs/Worker;)Lorg/eclipse/core/internal/jobs/InternalJob; @ 177
Event: 498322.630 Thread 0x0000000016d9e800 Uncommon trap: reason=unstable_if action=reinterpret pc=0x0000000004f4a3f8 method=org.eclipse.core.internal.jobs.WorkerPool.startJob(Lorg/eclipse/core/internal/jobs/Worker;)Lorg/eclipse/core/internal/jobs/InternalJob; @ 177
Event: 498328.556 Thread 0x0000000002738000 Uncommon trap: reason=unstable_if action=reinterpret pc=0x000000000562fb00 method=sun.reflect.UnsafeStaticObjectFieldAccessorImpl.set(Ljava/lang/Object;Ljava/lang/Object;)V @ 13
Event: 498328.605 Thread 0x00000000170cd000 Uncommon trap: reason=unstable_if action=reinterpret pc=0x0000000004dde9f8 method=org.eclipse.osgi.framework.internal.core.Framework.run()V @ 22

Internal exceptions (10 events):
Event: 498284.314 Thread 0x0000000002738000 Implicit null exception at 0x00000000066f48b4 to 0x00000000066f4ec5
Event: 498305.312 Thread 0x000000001e9ac800 Exception <a 'java/lang/InterruptedException'> (0x00000000f731a1e0) thrown at [C:\re\workspace\8-2-build-windows-amd64-cygwin\jdk8u45\3627\hotspot\src\share\vm\runtime\objectMonitor.cpp, line 1683]
Event: 498309.017 Thread 0x0000000002738000 Implicit null exception at 0x000000000608f68c to 0x0000000006090c4a
Event: 498309.576 Thread 0x0000000002738000 Implicit null exception at 0x00000000067e2c37 to 0x00000000067e3cc5
Event: 498318.921 Thread 0x0000000002738000 Implicit null exception at 0x0000000003125ea3 to 0x0000000003128231
Event: 498326.130 Thread 0x0000000016ea9800 Exception <a 'java/lang/InterruptedException': sleep interrupted> (0x00000000f7731250) thrown at [C:\re\workspace\8-2-build-windows-amd64-cygwin\jdk8u45\3627\hotspot\src\share\vm\prims\jvm.cpp, line 3211]
Event: 498326.186 Thread 0x0000000019d7a800 Exception <a 'java/lang/InterruptedException'> (0x00000000f7731a28) thrown at [C:\re\workspace\8-2-build-windows-amd64-cygwin\jdk8u45\3627\hotspot\src\share\vm\runtime\objectMonitor.cpp, line 1683]
Event: 498326.266 Thread 0x0000000016e42000 Exception <a 'java/lang/InterruptedException'> (0x00000000f775b928) thrown at [C:\re\workspace\8-2-build-windows-amd64-cygwin\jdk8u45\3627\hotspot\src\share\vm\runtime\objectMonitor.cpp, line 1683]
Event: 498328.543 Thread 0x0000000017285800 Exception <a 'java/lang/InterruptedException'> (0x00000000f757f840) thrown at [C:\re\workspace\8-2-build-windows-amd64-cygwin\jdk8u45\3627\hotspot\src\share\vm\runtime\objectMonitor.cpp, line 1683]
Event: 498328.556 Thread 0x0000000002738000 Implicit null exception at 0x000000000562f7b7 to 0x000000000562faed

Events (10 events):
Event: 498328.798 loading class java/util/IdentityHashMap$KeyIterator done
Event: 498328.822 Thread 0x0000000019d7a800 Thread added: 0x0000000019d7a800
Event: 498328.841 Executing VM operation: RevokeBias
Event: 498328.841 Executing VM operation: RevokeBias done
Event: 498328.842 Executing VM operation: RevokeBias
Event: 498328.843 Executing VM operation: RevokeBias done
Event: 498328.869 Executing VM operation: RevokeBias
Event: 498328.876 Executing VM operation: RevokeBias done
Event: 498328.888 Thread 0x0000000019d7a800 Thread exited: 0x0000000019d7a800
Event: 498328.909 Executing VM operation: Exit


Dynamic libraries:
0x0000000000400000 - 0x000000000044f000 	E:\Xilinx\SDK\2015.4\eclipse\win64.o\eclipse.exe
0x0000000077830000 - 0x00000000779da000 	C:\Windows\SYSTEM32\ntdll.dll
0x0000000077710000 - 0x000000007782f000 	C:\Windows\system32\kernel32.dll
0x000007fefd620000 - 0x000007fefd68a000 	C:\Windows\system32\KERNELBASE.dll
0x0000000077610000 - 0x000000007770a000 	C:\Windows\system32\USER32.dll
0x000007fefda00000 - 0x000007fefda67000 	C:\Windows\system32\GDI32.dll
0x000007fefe2f0000 - 0x000007fefe2fe000 	C:\Windows\system32\LPK.dll
0x000007feff860000 - 0x000007feff92a000 	C:\Windows\system32\USP10.dll
0x000007fefe250000 - 0x000007fefe2ef000 	C:\Windows\system32\msvcrt.dll
0x000007fefab30000 - 0x000007fefad24000 	C:\Windows\WinSxS\amd64_microsoft.windows.common-controls_6595b64144ccf1df_6.0.7601.18837_none_fa3b1e3d17594757\COMCTL32.dll
0x000007fefe300000 - 0x000007fefe371000 	C:\Windows\system32\SHLWAPI.dll
0x000007fefd930000 - 0x000007fefd95e000 	C:\Windows\system32\IMM32.DLL
0x000007feff750000 - 0x000007feff859000 	C:\Windows\system32\MSCTF.dll
0x0000000072000000 - 0x0000000072012000 	E:\Xilinx\SDK\2015.4\eclipse\win64.o\plugins\org.eclipse.equinox.launcher.win32.win32.x86_64_1.1.200.v20140116-2212\eclipse_1503.dll
0x000007fefe170000 - 0x000007fefe24b000 	C:\Windows\system32\ADVAPI32.dll
0x000007fefde20000 - 0x000007fefde3f000 	C:\Windows\SYSTEM32\sechost.dll
0x000007feff620000 - 0x000007feff74d000 	C:\Windows\system32\RPCRT4.dll
0x000007fefc500000 - 0x000007fefc50c000 	C:\Windows\system32\VERSION.dll
0x000007fef8d70000 - 0x000007fef8dc6000 	C:\Windows\system32\uxtheme.dll
0x000000006a5f0000 - 0x000000006ae73000 	E:\Xilinx\SDK\2015.4\tps\win64\jre\bin\server\jvm.dll
0x000007fef8af0000 - 0x000007fef8af9000 	C:\Windows\system32\WSOCK32.dll
0x000007fefe120000 - 0x000007fefe16d000 	C:\Windows\system32\WS2_32.dll
0x000007fefd920000 - 0x000007fefd928000 	C:\Windows\system32\NSI.dll
0x000007fef8d30000 - 0x000007fef8d6b000 	C:\Windows\system32\WINMM.dll
0x00000000779f0000 - 0x00000000779f7000 	C:\Windows\system32\PSAPI.DLL
0x0000000072d00000 - 0x0000000072dd2000 	C:\Windows\system32\MSVCR100.dll
0x0000000072380000 - 0x000000007238f000 	E:\Xilinx\SDK\2015.4\tps\win64\jre\bin\verify.dll
0x000000006fbc0000 - 0x000000006fbe9000 	E:\Xilinx\SDK\2015.4\tps\win64\jre\bin\java.dll
0x0000000072290000 - 0x00000000722a6000 	E:\Xilinx\SDK\2015.4\tps\win64\jre\bin\zip.dll
0x000007fefe590000 - 0x000007feff31a000 	C:\Windows\system32\SHELL32.dll
0x000007fefe380000 - 0x000007fefe583000 	C:\Windows\system32\ole32.dll
0x000007fefd570000 - 0x000007fefd57f000 	C:\Windows\system32\profapi.dll
0x000007fefcda0000 - 0x000007fefcdb8000 	C:\Windows\system32\CRYPTSP.dll
0x000007fefcaa0000 - 0x000007fefcae7000 	C:\Windows\system32\rsaenh.dll
0x000007fefd600000 - 0x000007fefd61e000 	C:\Windows\system32\USERENV.dll
0x000007fefd400000 - 0x000007fefd40f000 	C:\Windows\system32\CRYPTBASE.dll
0x0000000071610000 - 0x000000007162a000 	E:\Xilinx\SDK\2015.4\tps\win64\jre\bin\net.dll
0x000007fefcd40000 - 0x000007fefcd95000 	C:\Windows\system32\mswsock.dll
0x000007fefcd30000 - 0x000007fefcd37000 	C:\Windows\System32\wship6.dll
0x000007fefaab0000 - 0x000007fefaad7000 	C:\Windows\system32\IPHLPAPI.DLL
0x000007fefaaa0000 - 0x000007fefaaab000 	C:\Windows\system32\WINNSI.DLL
0x000007fef9670000 - 0x000007fef9681000 	C:\Windows\system32\dhcpcsvc6.DLL
0x000007fef9650000 - 0x000007fef9668000 	C:\Windows\system32\dhcpcsvc.DLL
0x000000006fba0000 - 0x000000006fbb1000 	E:\Xilinx\SDK\2015.4\tps\win64\jre\bin\nio.dll
0x000007fef9b70000 - 0x000007fef9b85000 	C:\Windows\system32\NLAapi.dll
0x000007fef6270000 - 0x000007fef6285000 	C:\Windows\system32\napinsp.dll
0x000007fef6250000 - 0x000007fef6269000 	C:\Windows\system32\pnrpnsp.dll
0x000007fefcbc0000 - 0x000007fefcc1b000 	C:\Windows\system32\DNSAPI.dll
0x000007fef6240000 - 0x000007fef624b000 	C:\Windows\System32\winrnr.dll
0x000007fefa5c0000 - 0x000007fefa5c7000 	C:\Windows\System32\wshtcpip.dll
0x000007fef66e0000 - 0x000007fef66e8000 	C:\Windows\system32\rasadhlp.dll
0x000007fef9750000 - 0x000007fef97a3000 	C:\Windows\System32\fwpuclnt.dll
0x0000000018b60000 - 0x0000000018c08000 	C:\Users\user\.Xilinx\SDK\2015.4\org.eclipse.osgi\bundles\303\1\.cp\swt-win32-4335.dll
0x000007fefdd40000 - 0x000007fefde1a000 	C:\Windows\system32\OLEAUT32.dll
0x000007feff580000 - 0x000007feff617000 	C:\Windows\system32\comdlg32.dll
0x000007fef60a0000 - 0x000007fef6111000 	C:\Windows\system32\WINSPOOL.DRV
0x000007fefde40000 - 0x000007fefe112000 	C:\Windows\system32\WININET.dll
0x000007fefd5e0000 - 0x000007fefd5e4000 	C:\Windows\system32\api-ms-win-downlevel-user32-l1-1-0.dll
0x000007fefd5f0000 - 0x000007fefd5f4000 	C:\Windows\system32\api-ms-win-downlevel-shlwapi-l1-1-0.dll
0x000007fefd5c0000 - 0x000007fefd5c4000 	C:\Windows\system32\api-ms-win-downlevel-version-l1-1-0.dll
0x000007fefd870000 - 0x000007fefd873000 	C:\Windows\system32\api-ms-win-downlevel-normaliz-l1-1-0.dll
0x0000000077a00000 - 0x0000000077a03000 	C:\Windows\system32\normaliz.DLL
0x000007fefda70000 - 0x000007fefdd3a000 	C:\Windows\system32\iertutil.dll
0x000007fefd5d0000 - 0x000007fefd5d5000 	C:\Windows\system32\api-ms-win-downlevel-advapi32-l1-1-0.dll
0x000007fefd6d0000 - 0x000007fefd83d000 	C:\Windows\system32\CRYPT32.dll
0x000007fefd560000 - 0x000007fefd56f000 	C:\Windows\system32\MSASN1.dll
0x000007fef87f0000 - 0x000007fef8808000 	C:\Windows\system32\dwmapi.dll
0x000007fef9d90000 - 0x000007fef9ebc000 	C:\Windows\system32\propsys.dll
0x000007fefd960000 - 0x000007fefd9f9000 	C:\Windows\system32\CLBCatQ.DLL
0x0000000002570000 - 0x000000000258e000 	C:\Users\user\.Xilinx\SDK\2015.4\org.eclipse.osgi\bundles\303\1\.cp\swt-gdip-win32-4335.dll
0x000007fef8b10000 - 0x000007fef8d26000 	C:\Windows\WinSxS\amd64_microsoft.windows.gdiplus_6595b64144ccf1df_1.1.7601.23545_none_14599ab28b920323\gdiplus.dll
0x000007fef8680000 - 0x000007fef87e1000 	C:\Windows\system32\WindowsCodecs.dll
0x0000000180000000 - 0x0000000180012000 	C:\Users\user\.Xilinx\SDK\2015.4\org.eclipse.osgi\bundles\121\1\.cp\os\win32\x86_64\localfile_1_0_0.dll
0x000007fef0680000 - 0x000007fef0691000 	C:\Users\user\.Xilinx\SDK\2015.4\org.eclipse.osgi\bundles\124\1\.cp\jWinHttp-1.0.0.dll
0x000007fef7c60000 - 0x000007fef7cd1000 	C:\Windows\system32\WINHTTP.dll
0x000007fef7ae0000 - 0x000007fef7b45000 	C:\Windows\system32\webio.dll
0x000007fefd370000 - 0x000007fefd395000 	C:\Windows\system32\SspiCli.dll
0x000007fefc970000 - 0x000007fefc97a000 	C:\Windows\system32\credssp.dll
0x000007fefd690000 - 0x000007fefd6c6000 	C:\Windows\system32\CFGMGR32.dll
0x000007fef8130000 - 0x000007fef8184000 	C:\Windows\system32\oleacc.dll
0x000007fefd4b0000 - 0x000007fefd4c4000 	C:\Windows\system32\RpcRtRemote.dll
0x000007fefd3a0000 - 0x000007fefd3f7000 	C:\Windows\system32\apphelp.dll
0x000007fef29e0000 - 0x000007fef29ef000 	E:\Xilinx\SDK\2015.4\lib\win64.o\librdi_repo_manager.dll
0x000007feefb00000 - 0x000007feefb2a000 	E:\Xilinx\SDK\2015.4\lib\win64.o\libisl_sysinfo.dll
0x000007fef0e70000 - 0x000007fef0f44000 	C:\Windows\system32\MSVCR110.dll
0x000007fef0500000 - 0x000007fef05a7000 	C:\Windows\system32\MSVCP110.dll
0x000007feb8c20000 - 0x000007feb95ad000 	E:\Xilinx\SDK\2015.4\lib\win64.o\librdi_common.dll
0x000007fee07f0000 - 0x000007fee0b5e000 	E:\Xilinx\SDK\2015.4\lib\win64.o\libCOIN-all.dll
0x000007fee04c0000 - 0x000007fee06de000 	E:\Xilinx\SDK\2015.4\lib\win64.o\libXil_lmgr11.dll
0x000007fefc3e0000 - 0x000007fefc3f6000 	C:\Windows\system32\NETAPI32.dll
0x000007fefc3d0000 - 0x000007fefc3dc000 	C:\Windows\system32\netutils.dll
0x000007fefd280000 - 0x000007fefd2a3000 	C:\Windows\system32\srvcli.dll
0x000007fefc3b0000 - 0x000007fefc3c5000 	C:\Windows\system32\wkscli.dll
0x000007fefd580000 - 0x000007fefd5bb000 	C:\Windows\system32\WINTRUST.dll
0x000007fef17f0000 - 0x000007fef1800000 	E:\Xilinx\SDK\2015.4\lib\win64.o\libboost_date_time.dll
0x000007feee270000 - 0x000007feee292000 	E:\Xilinx\SDK\2015.4\lib\win64.o\libboost_filesystem.dll
0x000007fef1850000 - 0x000007fef1859000 	E:\Xilinx\SDK\2015.4\lib\win64.o\libboost_system.dll
0x000007feed280000 - 0x000007feed2f4000 	E:\Xilinx\SDK\2015.4\lib\win64.o\libboost_program_options.dll
0x000007fee1300000 - 0x000007fee13fa000 	E:\Xilinx\SDK\2015.4\lib\win64.o\libboost_regex.dll
0x000007feee300000 - 0x000007feee313000 	E:\Xilinx\SDK\2015.4\lib\win64.o\libboost_signals.dll
0x000007feede70000 - 0x000007feede8d000 	E:\Xilinx\SDK\2015.4\lib\win64.o\libboost_thread.dll
0x000007fef0ba0000 - 0x000007fef0bab000 	E:\Xilinx\SDK\2015.4\lib\win64.o\libboost_chrono.dll
0x000007fef0d40000 - 0x000007fef0d4b000 	E:\Xilinx\SDK\2015.4\lib\win64.o\libboost_xilinx.dll
0x000007feec270000 - 0x000007feec2f0000 	E:\Xilinx\SDK\2015.4\lib\win64.o\libhdlpsolve.dll
0x000007fee0420000 - 0x000007fee04ba000 	E:\Xilinx\SDK\2015.4\lib\win64.o\libhdxml.dll
0x000007febbe70000 - 0x000007febc2a4e00 	E:\Xilinx\SDK\2015.4\lib\win64.o\libisl_iostreams.dll
0x000007feec360000 - 0x000007feec376000 	E:\Xilinx\SDK\2015.4\lib\win64.o\libboost_iostreams.dll
0x000007fee5ec0000 - 0x000007fee5ee3000 	E:\Xilinx\SDK\2015.4\lib\win64.o\librdizlib.dll
0x000007fee14c0000 - 0x000007fee14e3000 	E:\Xilinx\SDK\2015.4\lib\win64.o\libisl_iosutils.dll
0x000007feeb450000 - 0x000007feeb465000 	E:\Xilinx\SDK\2015.4\lib\win64.o\pthreadVC2.dll
0x000007fee1460000 - 0x000007fee14b4000 	E:\Xilinx\SDK\2015.4\lib\win64.o\librdi_commonxillic.dll
0x000007fee02f0000 - 0x000007fee0420000 	E:\Xilinx\SDK\2015.4\lib\win64.o\librdi_curl.dll
0x000007feec200000 - 0x000007feec218000 	E:\Xilinx\SDK\2015.4\lib\win64.o\librdiconfig.dll
0x000000006f070000 - 0x000000006f197000 	E:\Xilinx\SDK\2015.4\lib\win64.o\tcl85t.dll
0x0000000022540000 - 0x00000000227a3000 	E:\Xilinx\SDK\2015.4\lib\win64.o\xerces-c_3_1.dll
0x000007feff990000 - 0x000007feffb14000 	C:\Windows\system32\urlmon.dll
0x000007fefd860000 - 0x000007fefd864000 	C:\Windows\system32\api-ms-win-downlevel-ole32-l1-1-0.dll
0x000007feee240000 - 0x000007feee263000 	C:\Windows\system32\VCOMP110.DLL
0x000007febc800000 - 0x000007febc9ec000 	E:\Xilinx\SDK\2015.4\lib\win64.o\librdi_hsm.dll
0x000007fee07a0000 - 0x000007fee07e3000 	E:\Xilinx\SDK\2015.4\lib\win64.o\librdi_hdf.dll
0x000007febbc10000 - 0x000007febbe65000 	E:\Xilinx\SDK\2015.4\lib\win64.o\librdi_ippcw.dll
0x000007fef8060000 - 0x000007fef8067000 	C:\Windows\system32\msimg32.dll
0x000007feb8410000 - 0x000007feb8c20000 	E:\Xilinx\SDK\2015.4\lib\win64.o\libXil_lmgr11FNP.dll
0x000007fef6010000 - 0x000007fef601b000 	C:\Windows\system32\snmpapi.dll
0x000007feff320000 - 0x000007feff4f7000 	C:\Windows\system32\SETUPAPI.dll
0x000007fefd840000 - 0x000007fefd85a000 	C:\Windows\system32\DEVOBJ.dll
0x000007fef0b70000 - 0x000007fef0b86000 	E:\Xilinx\SDK\2015.4\eclipse\win64.o\plugins\org.eclipse.cdt.core.win32.x86_64_5.2.0.201402142303\os\win32\x86_64\spawner.dll
0x000007fef18c0000 - 0x000007fef18ca000 	E:\Xilinx\SDK\2015.4\lib\win64.o\librdi_jtag_settings.dll

VM Arguments:
jvm_args: -Dcom.xilinx.sdk.args.hwspec=D:/Xilinx_Project/FMC_IMAGEON_CAMERA/Projects/fmc_imageon_gs/ZC702/fmc_imageon_gs.sdk/fmc_imageon_gs_wrapper.hdf -Xms64m -Xmx512m & 
java_command: <unknown>
java_class_path (initial): E:\Xilinx\SDK\2015.4\eclipse\win64.o\\plugins/org.eclipse.equinox.launcher_1.3.0.v20130327-1440.jar
Launcher Type: generic

Environment Variables:
PATH=E:/Xilinx/SDK/2015.4/tps/win64/jre/bin/server;E:/Xilinx/SDK/2015.4/tps/win64/jre/bin;E:/Xilinx/SDK/2015.4/tps/win64/jre/lib/amd64;E:\Xilinx\SDK\2015.4\gnuwin\bin;E:\Xilinx\SDK\2015.4\gnu\microblaze\nt\bin;E:\Xilinx\SDK\2015.4\gnu\microblaze\linux_toolchain\nt64_le\bin;E:\Xilinx\SDK\2015.4\gnu\microblaze\linux_toolchain\nt64_be\bin;E:\Xilinx\SDK\2015.4\gnu\arm\nt\bin;E:\Xilinx\SDK\2015.4\gnu\aarch64\nt\aarch64-none\bin;E:\Xilinx\SDK\2015.4\gnu\aarch64\nt\aarch64-linux\bin;E:\Xilinx\SDK\2015.4\gnu\armr5\nt\gcc-arm-none-eabi\bin;E:\Xilinx\SDK\2015.4\gnu\aarch32\nt\gcc-arm-none-eabi\bin;E:\Xilinx\SDK\2015.4\gnu\aarch32\nt\gcc-arm-linux-gnueabi\bin;E:\Xilinx\SDK\2015.4\bin;E:\Xilinx\SDK\2015.4\lib\win64.o;E:\Xilinx\SDK\2015.4\tps\win64\jre\bin\server;E:\Xilinx\SDK\2015.4\tps\win64\jre\bin;E:\Xilinx\Vivado\2015.4\ids_lite\ISE\bin\nt64;E:\Xilinx\Vivado\2015.4\ids_lite\ISE\lib\nt64;E:\Xilinx\Vivado\2015.4\bin;E:\Xilinx\Vivado\2015.4\lib\win64.o;E:\Xilinx\Vivado\2015.4\tps\win64\jre\bin\server;E:\Xilinx\Vivado\2015.4\tps\win64\jre\bin;E:\Xilinx\Vivado_HLS\2015.4\bin;C:\SynaptiCAD\bin\win32;C:\ProgramData\Oracle\Java\javapath;C:\MinGW\bin;C:\Windows\system32;C:\Windows;C:\Windows\System32\Wbem;C:\Windows\System32\WindowsPowerShell\v1.0\;C:\Program Files\Intel\DMIX;C:\SynaptiCAD\bin;C:\altera\15.0\modelsim_ase\win32aloem;E:\altera\13.0sp1\modelsim_ase\win32aloem;D:\Xilinx_Project\FMC_IMAGEON_CAMERA\Projects\fmc_imageon_gs\ZC702;
USERNAME=user
OS=Windows_NT
PROCESSOR_IDENTIFIER=Intel64 Family 6 Model 42 Stepping 7, GenuineIntel



---------------  S Y S T E M  ---------------

OS: Windows 7 , 64 bit Build 7601 (6.1.7601.23569)

CPU:total 8 (4 cores per cpu, 2 threads per core) family 6 model 42 stepping 7, cmov, cx8, fxsr, mmx, sse, sse2, sse3, ssse3, sse4.1, sse4.2, popcnt, avx, aes, clmul, ht, tsc, tscinvbit

Memory: 4k page, physical 8299724k(2586032k free), swap 24809396k(8953836k free)

vm_info: Java HotSpot(TM) 64-Bit Server VM (25.45-b02) for windows-amd64 JRE (1.8.0_45-b15), built on Apr 30 2015 12:40:44 by "java_re" with MS VC++ 10.0 (VS2010)

time: Fri Dec 16 14:53:40 2016
elapsed time: 498330 seconds (5d 18h 25m 30s)

