#-----------------------------------------------------------
# Vivado v2015.4 (64-bit)
# SW Build 1412921 on Wed Nov 18 09:43:45 MST 2015
# IP Build 1412160 on Tue Nov 17 13:47:24 MST 2015
# Start of session at: Thu Nov 10 14:28:00 2016
# Process ID: 7312
# Current directory: D:/Xilinx_Project/FMC_IMAGEON/Projects/fmc_imageon_gs/ZC702
# Command line: vivado.exe -gui_launcher_event rodinguilauncherevent6848 D:\Xilinx_Project\FMC_IMAGEON\Projects\fmc_imageon_gs\ZC702\fmc_imageon_gs.xpr
# Log file: D:/Xilinx_Project/FMC_IMAGEON/Projects/fmc_imageon_gs/ZC702/vivado.log
# Journal file: D:/Xilinx_Project/FMC_IMAGEON/Projects/fmc_imageon_gs/ZC702\vivado.jou
#-----------------------------------------------------------
start_gui
open_project D:/Xilinx_Project/FMC_IMAGEON/Projects/fmc_imageon_gs/ZC702/fmc_imageon_gs.xpr
Scanning sources...
Finished scanning sources
INFO: [IP_Flow 19-234] Refreshing IP repositories
INFO: [IP_Flow 19-1700] Loaded user IP repository 'd:/Xilinx_Project/FMC_IMAGEON/IP'.
INFO: [IP_Flow 19-2313] Loaded Vivado IP repository 'E:/Xilinx/Vivado/2015.4/data/ip'.
open_project: Time (s): cpu = 00:00:26 ; elapsed = 00:00:23 . Memory (MB): peak = 875.047 ; gain = 218.199
open_bd_design {D:/Xilinx_Project/FMC_IMAGEON/Projects/fmc_imageon_gs/ZC702/fmc_imageon_gs.srcs/sources_1/bd/fmc_imageon_gs/fmc_imageon_gs.bd}
Adding component instance block -- xilinx.com:ip:processing_system7:5.5 - processing_system7_0
Adding component instance block -- xilinx.com:ip:v_cfa:7.0 - v_cfa_0
Adding component instance block -- xilinx.com:ip:v_cresample:4.0 - v_cresample_0
Adding component instance block -- xilinx.com:ip:v_osd:6.0 - v_osd_0
Adding component instance block -- xilinx.com:ip:v_rgb2ycrcb:7.1 - v_rgb2ycrcb_0
Adding component instance block -- xilinx.com:ip:v_tc:6.1 - v_tc_0
Adding component instance block -- avnet:avnet_hdmi:avnet_hdmi_in:3.1 - avnet_hdmi_in_0
Adding component instance block -- avnet:avnet_hdmi:avnet_hdmi_out:3.1 - avnet_hdmi_out_0
Adding component instance block -- xilinx.com:ip:axi_vdma:6.2 - axi_vdma_0
Adding component instance block -- xilinx.com:ip:axi_vdma:6.2 - axi_vdma_1
Adding component instance block -- xilinx.com:ip:axi_iic:2.0 - fmc_imageon_iic_0
Adding component instance block -- avnet:onsemi_vita:onsemi_vita_cam:3.2 - onsemi_vita_cam_0
Adding component instance block -- avnet:onsemi_vita:onsemi_vita_spi:3.2 - onsemi_vita_spi_0
Adding component instance block -- xilinx.com:ip:proc_sys_reset:5.0 - rst_processing_system7_0_148_5M
INFO: [Ipptcl 7-1463] No Compatible Board Interface found. Board Tab not created in customize GUI
Adding component instance block -- xilinx.com:ip:proc_sys_reset:5.0 - rst_processing_system7_0_149M
INFO: [Ipptcl 7-1463] No Compatible Board Interface found. Board Tab not created in customize GUI
Adding component instance block -- xilinx.com:ip:proc_sys_reset:5.0 - rst_processing_system7_0_76M
INFO: [Ipptcl 7-1463] No Compatible Board Interface found. Board Tab not created in customize GUI
Adding component instance block -- xilinx.com:ip:v_axi4s_vid_out:4.0 - v_axi4s_vid_out_0
Adding component instance block -- xilinx.com:ip:v_vid_in_axi4s:4.0 - v_vid_in_axi4s_0
Adding component instance block -- xilinx.com:ip:v_vid_in_axi4s:4.0 - v_vid_in_axi4s_1
Adding component instance block -- xilinx.com:ip:xlconstant:1.1 - xlconstant_0
Adding component instance block -- xilinx.com:ip:xlconstant:1.1 - xlconstant_1
Adding component instance block -- xilinx.com:ip:axi_crossbar:2.1 - xbar
Adding component instance block -- xilinx.com:ip:axi_protocol_converter:2.1 - auto_pc
Adding component instance block -- xilinx.com:ip:axi_crossbar:2.1 - xbar
Adding component instance block -- xilinx.com:ip:axi_protocol_converter:2.1 - auto_pc
Successfully read diagram <fmc_imageon_gs> from BD file <D:/Xilinx_Project/FMC_IMAGEON/Projects/fmc_imageon_gs/ZC702/fmc_imageon_gs.srcs/sources_1/bd/fmc_imageon_gs/fmc_imageon_gs.bd>
open_bd_design: Time (s): cpu = 00:00:18 ; elapsed = 00:00:16 . Memory (MB): peak = 1111.992 ; gain = 236.164
set_property location {9.5 3001 1871} [get_bd_cells rst_processing_system7_0_148_5M]
undo
INFO: [Common 17-17] undo 'set_property location {9.5 3001 1871} [get_bd_cells rst_processing_system7_0_148_5M]'
save_bd_design
reset_run impl_1 -prev_step 
launch_runs impl_1 -to_step write_bitstream
[Thu Nov 10 14:35:04 2016] Launched impl_1...
Run output will be captured here: D:/Xilinx_Project/FMC_IMAGEON/Projects/fmc_imageon_gs/ZC702/fmc_imageon_gs.runs/impl_1/runme.log
regenerate_bd_layout
regenerate_bd_layout
regenerate_bd_layout -routing
regenerate_bd_layout
regenerate_bd_layout -routing
regenerate_bd_layout -routing
regenerate_bd_layout -routing
regenerate_bd_layout -routing
regenerate_bd_layout -routing
regenerate_bd_layout -routing
regenerate_bd_layout -routing
regenerate_bd_layout -routing
regenerate_bd_layout -routing
regenerate_bd_layout -routing
regenerate_bd_layout
open_run impl_1
INFO: [Netlist 29-17] Analyzing 1401 Unisim elements for replacement
INFO: [Netlist 29-28] Unisim Transformation completed in 1 CPU seconds
INFO: [Project 1-479] Netlist was created with Vivado 2015.4
INFO: [Device 21-403] Loading part xc7z020clg484-1
INFO: [Project 1-570] Preparing netlist for logic optimization
Parsing XDC File [D:/Xilinx_Project/FMC_IMAGEON/Projects/fmc_imageon_gs/ZC702/.Xil/Vivado-7312-user-PC/dcp/fmc_imageon_gs_wrapper_early.xdc]
Finished Parsing XDC File [D:/Xilinx_Project/FMC_IMAGEON/Projects/fmc_imageon_gs/ZC702/.Xil/Vivado-7312-user-PC/dcp/fmc_imageon_gs_wrapper_early.xdc]
Parsing XDC File [D:/Xilinx_Project/FMC_IMAGEON/Projects/fmc_imageon_gs/ZC702/.Xil/Vivado-7312-user-PC/dcp/fmc_imageon_gs_wrapper.xdc]
INFO: [Timing 38-35] Done setting XDC timing constraints. [D:/Xilinx_Project/FMC_IMAGEON/Projects/fmc_imageon_gs/zc702_fmc_imageon_gs.xdc:134]
INFO: [Timing 38-2] Deriving generated clocks [D:/Xilinx_Project/FMC_IMAGEON/Projects/fmc_imageon_gs/zc702_fmc_imageon_gs.xdc:134]
get_clocks: Time (s): cpu = 00:00:17 ; elapsed = 00:00:16 . Memory (MB): peak = 1911.738 ; gain = 466.066
Finished Parsing XDC File [D:/Xilinx_Project/FMC_IMAGEON/Projects/fmc_imageon_gs/ZC702/.Xil/Vivado-7312-user-PC/dcp/fmc_imageon_gs_wrapper.xdc]
Parsing XDC File [D:/Xilinx_Project/FMC_IMAGEON/Projects/fmc_imageon_gs/ZC702/.Xil/Vivado-7312-user-PC/dcp/fmc_imageon_gs_wrapper_late.xdc]
Finished Parsing XDC File [D:/Xilinx_Project/FMC_IMAGEON/Projects/fmc_imageon_gs/ZC702/.Xil/Vivado-7312-user-PC/dcp/fmc_imageon_gs_wrapper_late.xdc]
Reading XDEF placement.
Reading placer database...
Reading XDEF routing.
Read XDEF File: Time (s): cpu = 00:00:04 ; elapsed = 00:00:04 . Memory (MB): peak = 1966.379 ; gain = 52.801
Restored from archive | CPU: 5.000000 secs | Memory: 0.000000 MB |
Finished XDEF File Restore: Time (s): cpu = 00:00:04 ; elapsed = 00:00:04 . Memory (MB): peak = 1966.379 ; gain = 52.801
INFO: [Project 1-111] Unisim Transformation Summary:
  A total of 60 instances were transformed.
  IOBUF => IOBUF (IBUF, OBUFT): 2 instances
  RAM32M => RAM32M (RAMS32, RAMS32, RAMD32, RAMD32, RAMD32, RAMD32, RAMD32, RAMD32): 54 instances
  RAM32X1D => RAM32X1D (RAMD32, RAMD32): 1 instances
  RAM64X1S => RAM64X1S (RAMS64E): 3 instances

open_run: Time (s): cpu = 00:00:55 ; elapsed = 00:00:42 . Memory (MB): peak = 2125.184 ; gain = 1005.934
make_wrapper -files [get_files D:/Xilinx_Project/FMC_IMAGEON/Projects/fmc_imageon_gs/ZC702/fmc_imageon_gs.srcs/sources_1/bd/fmc_imageon_gs/fmc_imageon_gs.bd] -top
save_bd_design
file copy -force D:/Xilinx_Project/FMC_IMAGEON/Projects/fmc_imageon_gs/ZC702/fmc_imageon_gs.runs/impl_1/fmc_imageon_gs_wrapper.sysdef D:/Xilinx_Project/FMC_IMAGEON/Projects/fmc_imageon_gs/ZC702/fmc_imageon_gs.sdk/fmc_imageon_gs_wrapper.hdf

launch_sdk -workspace D:/Xilinx_Project/FMC_IMAGEON/Projects/fmc_imageon_gs/ZC702/fmc_imageon_gs.sdk -hwspec D:/Xilinx_Project/FMC_IMAGEON/Projects/fmc_imageon_gs/ZC702/fmc_imageon_gs.sdk/fmc_imageon_gs_wrapper.hdf
INFO: [Vivado 12-393] Launching SDK...
INFO: [Vivado 12-417] Running xsdk -workspace D:/Xilinx_Project/FMC_IMAGEON/Projects/fmc_imageon_gs/ZC702/fmc_imageon_gs.sdk -hwspec D:/Xilinx_Project/FMC_IMAGEON/Projects/fmc_imageon_gs/ZC702/fmc_imageon_gs.sdk/fmc_imageon_gs_wrapper.hdf
INFO: [Vivado 12-3157] SDK launch initiated. Please check console for any further messages.
open_bd_design {D:/Xilinx_Project/FMC_IMAGEON/Projects/fmc_imageon_gs/ZC702/fmc_imageon_gs.srcs/sources_1/bd/fmc_imageon_gs/fmc_imageon_gs.bd}
launch_sdk -workspace D:/Xilinx_Project/FMC_IMAGEON/Projects/fmc_imageon_gs/ZC702/fmc_imageon_gs.sdk -hwspec D:/Xilinx_Project/FMC_IMAGEON/Projects/fmc_imageon_gs/ZC702/fmc_imageon_gs.sdk/fmc_imageon_gs_wrapper.hdf
INFO: [Vivado 12-393] Launching SDK...
INFO: [Vivado 12-417] Running xsdk -workspace D:/Xilinx_Project/FMC_IMAGEON/Projects/fmc_imageon_gs/ZC702/fmc_imageon_gs.sdk -hwspec D:/Xilinx_Project/FMC_IMAGEON/Projects/fmc_imageon_gs/ZC702/fmc_imageon_gs.sdk/fmc_imageon_gs_wrapper.hdf
INFO: [Vivado 12-3157] SDK launch initiated. Please check console for any further messages.
launch_sdk -workspace D:/Xilinx_Project/FMC_IMAGEON/Projects/fmc_imageon_gs/ZC702/fmc_imageon_gs.sdk -hwspec D:/Xilinx_Project/FMC_IMAGEON/Projects/fmc_imageon_gs/ZC702/fmc_imageon_gs.sdk/fmc_imageon_gs_wrapper.hdf
INFO: [Vivado 12-393] Launching SDK...
INFO: [Vivado 12-417] Running xsdk -workspace D:/Xilinx_Project/FMC_IMAGEON/Projects/fmc_imageon_gs/ZC702/fmc_imageon_gs.sdk -hwspec D:/Xilinx_Project/FMC_IMAGEON/Projects/fmc_imageon_gs/ZC702/fmc_imageon_gs.sdk/fmc_imageon_gs_wrapper.hdf
INFO: [Vivado 12-3157] SDK launch initiated. Please check console for any further messages.
make_wrapper -files [get_files D:/Xilinx_Project/FMC_IMAGEON/Projects/fmc_imageon_gs/ZC702/fmc_imageon_gs.srcs/sources_1/bd/fmc_imageon_gs/fmc_imageon_gs.bd] -top
reset_run impl_1 -prev_step 
launch_runs impl_1 -to_step write_bitstream
[Thu Nov 10 15:47:34 2016] Launched impl_1...
Run output will be captured here: D:/Xilinx_Project/FMC_IMAGEON/Projects/fmc_imageon_gs/ZC702/fmc_imageon_gs.runs/impl_1/runme.log
file copy -force D:/Xilinx_Project/FMC_IMAGEON/Projects/fmc_imageon_gs/ZC702/fmc_imageon_gs.runs/impl_1/fmc_imageon_gs_wrapper.sysdef D:/Xilinx_Project/FMC_IMAGEON/Projects/fmc_imageon_gs/ZC702/fmc_imageon_gs.sdk/fmc_imageon_gs_wrapper.hdf

